 
 BMDP7M - STEPWISE DISCRIMINANT ANALYSIS.

 Copyright 1977, 1979, 1981, 1982, 1983, 1985, 1987, 1988, 1990, 1993
                  by BMDP Statistical Software, Inc.

   Statistical Solutions Ltd.     | Statistical Solutions
   8 South Bank, Crosse's Green   | Stonehill Corporate Center, Suite 104
   Cork, Ireland                  | 999 Broadway, Saugus, MA 01906, USA
   Phone: + 353 21 4319629        | Phone: 781.231.7680
   Fax:   + 353 21 4319630        | Fax:   781.231.7684
   e-mail:  sales@statsol.ie      | e-mail: info@statsolusa.com
   Website: http://www.statsol.ie | Website: http://www.statsolusa.com

 Release: 8.0  (Windows 9x, 2000, Me, Xp)         Date: 01/28/09  at 15:10:19
  Manual: BMDP Manual Volumes 1, 2, and 3.
  Digest: BMDP User's Digest.
  IBM PC: BMDP PC Supplement -- Installation and Special Features.

 PROGRAM INSTRUCTIONS

 /PROBLEM        Title is 'norm iq kid-2way'.    
 /INPUT          File is 'allkids.bmdp'. 
 		Code is eeg.  
 /transform       if(diag=8 and split1=1)then noraut=1.  
 	  if(diag=8 and split1=2)then noraut=3.
 	  if(diag=0 and split1=1)then noraut=2.
 	  if(diag=0 and split1=2)then noraut=4.
 	  if(diag=1 and split1=1)then noraut=2.
 	  if(diag=1 and split1=2)then noraut=4.
 	  if(diag=2 and split1=1)then noraut=2.
 	  if(diag=2 and split1=2)then noraut=4.
           if(diag=9 and split1=1)then noraut=2. 
 	  if(diag=9 and split1=2)then noraut=4.
           if(diag=11 and split1=1)then noraut=2.
 	  if(diag=11 and split1=2)then noraut=4.       
           /VARIABLES	Use =147,297,      
                 1169,1013,1035,328,339,797,noraut.      
  		Grouping is noraut.  
                 add=new.
 /GROUP          Codes(noraut) are 1,2,3,4.      
   		Names(noraut) are norm,abn,norm2,abn2.      
                 use = 1,2.      
 /DISCRIMINANT	Enter = 1.00.     
 		Remove = 0.96.
                 jackknife.      
 /PRINT		No corr. no with. no step. No point.    
 /PLOT		No Canon.
 /END    

 ***** TRAN     PARAGRAPH IS USED *****

    NEW VARIABLES DEFINED IN TRAN     PARAGRAPH
        noraut  

 PROBLEM TITLE IS
 norm iq kid-2way

 NUMBER OF VARIABLES TO READ . . . . . . . . . .    1619
 NUMBER OF VARIABLES ADDED BY TRANSFORMATIONS. .       1
 TOTAL NUMBER OF VARIABLES . . . . . . . . . . .    1620
 CASE LABELING VARIABLES . . . . . . . . . . . .                  
 NUMBER OF CASES TO READ . . . . . . . . . . . . TO END 
 MISSING VALUES CHECKED BEFORE OR AFTER TRANS. . NEITHER
 BLANKS IN THE DATA ARE TREATED AS   . . . . . . MISSING
 INPUT FILE. . .allkids.bmdp     
 REWIND INPUT UNIT PRIOR TO READING. . DATA. . .     YES
 NUMBER OF INTEGER WORDS OF MEMORY FOR STORAGE . 1000000

 INPUT BMDP FILE 
 CODE. . . IS     eeg    
 CONTENT . IS     DATA   
 LABEL . . IS    
 01/21/09                15:38:02
 VARIABLES       
      1 var1        2 Age         3 BReC3CzD    4 BReC4CzD    5 BReT3T5D 
      6 BReT4T6D    7 BReP3O1D    8 BReP4O2D    9 BReF7T3D   10 BReF8T4D 
     11 BReHeadD   12 BReLHemD   13 BReRHemD   14 BRePostD   15 BReAntD  
     16 BReC3CzT   17 BReC4CzT   18 BReT3T5T   19 BReT4T6T   20 BReP3O1T 
     21 BReP4O2T   22 BReF7T3T   23 BReF8T4T   24 BReHeadT   25 BReLHemT 
     26 BReRHemT   27 BRePostT   28 BReAntT    29 BReC3CzA   30 BReC4CzA 
     31 BReT3T5A   32 BReT4T6A   33 BReP3O1A   34 BReP4O2A   35 BReF7T3A 
     36 BReF8T4A   37 BReHeadA   38 BReLHemA   39 BReRHemA   40 BRePostA 
     41 BReAntA    42 BReC3CzB   43 BReC4CzB   44 BReT3T5B   45 BReT4T6B 
     46 BReP3O1B   47 BReP4O2B   48 BReF7T3B   49 BReF8T4B   50 BReHeadB 
     51 BReLHemB   52 BReRHemB   53 BRePostB   54 BReAntB    55 BReC3CzL 
     56 BReC4CzL   57 BReT3T5L   58 BReT4T6L   59 BReP3O1L   60 BReP4O2L 
     61 BReF7T3L   62 BReF8T4L   63 BReHeadL   64 BReLHemL   65 BReRHemL 
     66 BRePostL   67 BReAntL    68 BReC3CzC   69 BReC4CzC   70 BReT3T5C 
     71 BReT4T6C   72 BReP3O1C   73 BReP4O2C   74 BReF7T3C   75 BReF8T4C 
     76 BReHeadC   77 BReLHemC   78 BReRHemC   79 BRePostC   80 BReAntC  
     81 BBFC3Cz    82 BBFC4Cz    83 BBFT3T5    84 BBFT4T6    85 BBFP3O1  
     86 BBFP4O2    87 BBFF7T3    88 BBFF8T4    89 BBFHead    90 BBFLHem  
     91 BBFRHem    92 BBFPost    93 BBFAnt     94 BMLC3Cz    95 BMLC4Cz  
     96 BMLT3T5    97 BMLT4T6    98 BMLP3O1    99 BMLP4O2   100 BMLF7T3  
    101 BMLF8T4   102 BMLHead   103 BMLLHem   104 BMLRHem   105 BMLPost  
    106 BMLAnt    107 BFDC3Cz   108 BFDC4Cz   109 BFDT3T5   110 BFDT4T6  
    111 BFDP3O1   112 BFDP4O2   113 BFDF7T3   114 BFDF8T4   115 BFDHead  
    116 BFDLHem   117 BFDRHem   118 BFDPost   119 BFDAnt    120 BAbC3CzS 
    121 BAbC4CzS  122 BAbT3T5S  123 BAbT4T6S  124 BAbP3O1S  125 BAbP4O2S 
    126 BAbF7T3S  127 BAbF8T4S  128 BAbHeadS  129 BAbLHemS  130 BAbRHemS 
    131 BAbPostS  132 BAbAntS   133 BAsCentS  134 BAsTempS  135 BAsPOccS 
    136 BAsFTS    137 BAsHeadS  138 BAsPostS  139 BAsAntS   140 BCoCentD 
    141 BCoTempD  142 BCoPOccD  143 BCoFTD    144 BCoHeadD  145 BCoPostD 
    146 BCoAntD   147 BCoCentT  148 BCoTempT  149 BCoPOccT  150 BCoFTT   
    151 BCoHeadt  152 BCoPostT  153 BCoAntT   154 BCoCentA  155 BCoTempA 
    156 BCoPOccA  157 BCoFTA    158 BCoheadA  159 BCoPostA  160 BCoAntA  
    161 BCoCentB  162 BCoTempB  163 BCoPOccB  164 BCoFTB    165 BCoHeadB 
    166 BCoPostB  167 BCoAntB   168 BCoCentC  169 BCoTempC  170 BCoPOccC 
    171 BCoFTC    172 BCoHeadC  173 BCoPostC  174 BCoAntC   175 BAsCentD 
    176 BAsTempD  177 BAsPOccD  178 BAsFTD    179 BAsHeadD  180 BAsPostD 
    181 BAsAntD   182 BAsCentT  183 BAsTempT  184 BAsPOccT  185 BAsFTT   
    186 BAsHeadT  187 BAsPostT  188 BAsAntT   189 BAsCentA  190 BAsTempA 
    191 BAsPOccA  192 BAsFTA    193 BAsHeadA  194 BAsPostA  195 BAsAntA  
    196 BAsCentB  197 BAsTempB  198 BAsPOccB  199 BAsFTB    200 BAsHeadB 
    201 BAsPostB  202 BAsAntB   203 BAsCentC  204 BAsTempC  205 BAsPOccC 
    206 BAsFTC    207 BAsHeadC  208 BAsPostC  209 BAsAntC   210 BMFC3CzS 
    211 BMFC4CzS  212 BMFT3T5S  213 BMFT4T6S  214 BMFP3O1S  215 BMFP4O2S 
    216 BMFF7T3S  217 BMFF8T4S  218 BMFHeadS  219 BMFLHemS  220 BMFRHemS 
    221 BMFPostS  222 BMFAntS   223 BMFC3CzD  224 BMFC4CzD  225 BMFT3T5D 
    226 BMFT4T6D  227 BMFP3O1D  228 BMFP4O2D  229 BMFF7T3D  230 BMFF8T4D 
    231 BMFHeadD  232 BMFLHemD  233 BMFRHemD  234 BMFPostD  235 BMFAntD  
    236 BMFC3CzT  237 BMFC4CzT  238 BMFT3T5T  239 BMFT4T6T  240 BMFP3O1T 
    241 BMFP4O2T  242 BMFF7T3T  243 BMFF8T4T  244 BMFHeadT  245 BMFLHemT 
    246 BMFRHemT  247 BMFPostT  248 BMFAntT   249 BMFC3CzA  250 BMFC4CzA 
    251 BMFT3T5A  252 BMFT4T6A  253 BMFP3O1A  254 BMFP4O2A  255 BMFF7T3A 
    256 BMFF8T4A  257 BMFHeadA  258 BMFLHemA  259 BMFRHemA  260 BMFPostA 
    261 BMFAntA   262 BMFC3CzB  263 BMFC4CzB  264 BMFT3T5B  265 BMFT4T6B 
    266 BMFP3O1B  267 BMFP4O2B  268 BMFF7T3B  269 BMFF8T4B  270 BMFHeadB 
    271 BMFLHemB  272 BMFRHemB  273 BMFPostB  274 BMFAntB   275 BMFC3CzC 
    276 BMFC4CzC  277 BMFT3T5C  278 BMFT4T6C  279 BMFP3O1C  280 BMFP4O2C 
    281 BMFF7T3C  282 BMFF8T4C  283 BMFHeadC  284 BMFLHemC  285 BMFRHemC 
    286 BMFPostC  287 BMFAntC   288 MReF1D    289 MReF2D    290 MReF3D   
    291 MReF4D    292 MReC3D    293 MReC4D    294 MReP3D    295 MReP4D   
    296 MReO1D    297 MReO2D    298 MReF7D    299 MReF8D    300 MReT3D   
    301 MReT4D    302 MReT5D    303 MReT6D    304 MReFzD    305 MReCzD   
    306 MRePzD    307 MReLLatD  308 MReRLatD  309 MReLMedD  310 MReRMedD 
    311 MReLAntD  312 MReRAntD  313 MReLCenD  314 MReRCenD  315 MReLPosD 
    316 MReRPosD  317 MReLHemD  318 MReRHemD  319 MReMidD   320 MReAntD  
    321 MReCentD  322 MRePostD  323 MReHeadD  324 MReF1T    325 MReF2T   
    326 MReF3T    327 MReF4T    328 MReC3T    329 MReC4T    330 MReP3T   
    331 MReP4T    332 MReO1T    333 MReO2T    334 MReF7T    335 MReF8T   
    336 MReT3T    337 MReT4T    338 MReT5T    339 MReT6T    340 MReFzT   
    341 MReCzT    342 MRePzT    343 MReLLatT  344 MReRLatT  345 MReLMedT 
    346 MReRMedT  347 MReLAntT  348 MReRAntT  349 MReLCenT  350 MReRCenT 
    351 MReLPosT  352 MReRPosT  353 MReLHemT  354 MReRHemT  355 MReMidT  
    356 MReAntT   357 MReCentT  358 MRePostT  359 MReHeadT  360 MReF1A   
    361 MReF2A    362 MReF3A    363 MReF4A    364 MReC3A    365 MReC4A   
    366 MReP3A    367 MReP4A    368 MReO1A    369 MReO2A    370 MReF7A   
    371 MReF8A    372 MReT3A    373 MReT4A    374 MReT5A    375 MReT6A   
    376 MReFzA    377 MReCzA    378 MRePzA    379 MReLLatA  380 MReRLatA 
    381 MReLMedA  382 MReRMedA  383 MReLAntA  384 MReRAntA  385 MReLCenA 
    386 MReRCenA  387 MReLPosA  388 MReRPosA  389 MReLHemA  390 MReRHemA 
    391 MReMidA   392 MReAntA   393 MReCentA  394 MRePostA  395 MReHeadA 
    396 MReF1B    397 MReF2B    398 MReF3B    399 MReF4B    400 MReC3B   
    401 MReC4B    402 MReP3B    403 MReP4B    404 MReO1B    405 MReO2B   
    406 MReF7B    407 MReF8B    408 MReT3B    409 MReT4B    410 MReT5B   
    411 MReT6B    412 MReFzB    413 MReCzB    414 MRePzB    415 MReLLatB 
    416 MReRLatB  417 MReLMedB  418 MReRMedB  419 MReLAntB  420 MReRAntB 
    421 MReLCenB  422 MReRCenB  423 MReLPosB  424 MReRPosB  425 MReLHemB 
    426 MReRHemB  427 MReMidB   428 MReAntB   429 MReCentB  430 MRePostB 
    431 MReHeadB  432 MReF1L    433 MReF2L    434 MReF3L    435 MReF4L   
    436 MReC3L    437 MReC4L    438 MReP3L    439 MReP4L    440 MReO1L   
    441 MReO2L    442 MReF7L    443 MReF8L    444 MReT3L    445 MReT4L   
    446 MReT5L    447 MReT6L    448 MReFzL    449 MReCzL    450 MRePzL   
    451 MReLLatL  452 MReRLatL  453 MReLMedL  454 MReRMedL  455 MReLAntL 
    456 MReRAntL  457 MReLCenL  458 MReRCenL  459 MReLPosL  460 MReRPosL 
    461 MReLHemL  462 MReRHemL  463 MReMidL   464 MReAntL   465 MReCentL 
    466 MRePostL  467 MReHeadL  468 MReF1C    469 MReF2C    470 MReF3C   
    471 MReF4C    472 MReC3C    473 MReC4C    474 MReP3C    475 MReP4C   
    476 MReO1C    477 MReO2C    478 MReF7C    479 MReF8C    480 MReT3C   
    481 MReT4C    482 MReT5C    483 MReT6C    484 MReFzC    485 MReCzC   
    486 MRePzC    487 MReLLatC  488 MReRLatC  489 MReLMedC  490 MReRMedC 
    491 MReLAntC  492 MReRAntC  493 MReLCenC  494 MReRCenC  495 MReLPosC 
    496 MReRPosC  497 MReLHemC  498 MReRHemC  499 MReMidC   500 MReAntC  
    501 MRCentC   502 MRPostC   503 MRHeadC   504 MBFF1     505 MBFF2    
    506 MBFF3     507 MBFF4     508 MBFC3     509 MBFC4     510 MBFP3    
    511 MBFP4     512 MBFO1     513 MBFO2     514 MBFF7     515 MBFF8    
    516 MBFT3     517 MBFT4     518 MBFT5     519 MBFT6     520 MBFFz    
    521 MBFCz     522 MBFPz     523 MBFLLat   524 MBFRLat   525 MBFLMed  
    526 MBFRMed   527 MBFLAnt   528 MBFRAnt   529 MBFLCen   530 MBFRCen  
    531 MBFLPos   532 MBFRPos   533 MBFLHem   534 MBFRHem   535 MBFMid   
    536 MBFAnt    537 MBFCent   538 MBFPost   539 MBFHead   540 MMLF1    
    541 MMLF2     542 MMLF3     543 MMLF4     544 MMLC3     545 MMLC4    
    546 MMLP3     547 MMLP4     548 MMLO1     549 MMLO2     550 MMLF7    
    551 MMLF8     552 MMLT3     553 MMLT4     554 MMLT5     555 MMLT6    
    556 MMLFz     557 MMLCz     558 MMLPz     559 MMLLLat   560 MMLRLat  
    561 MMLLMed   562 MMLRMed   563 MMLLAnt   564 MMLRAnt   565 MMLLCen  
    566 MMLRCen   567 MMLLPos   568 MMLRPos   569 MMLLHem   570 MMLRHem  
    571 MMLMid    572 MMLAnt    573 MMLCent   574 MMLPost   575 MMLHead  
    576 MAsF1F2S  577 MAsF3F4S  578 MAsC3C4S  579 MAsP3P4S  580 MAsO1O2S 
    581 MAsF7F8S  582 MAsT3T4S  583 MAsT5T6S  584 MAsLatS   585 MAsMedS  
    586 MAsAntS   587 MAsCentS  588 MAsPostS  589 MAsHeadS  590 MAsF1F2D 
    591 MAsF3F4D  592 MAsC3C4D  593 MAsP3P4D  594 MAsO1O2D  595 MAsF7F8D 
    596 MAsT3T4D  597 MAsT5T6D  598 MAsLatD   599 MAsMedD   600 MAsAntD  
    601 MAsCentD  602 MAsPostD  603 MAsHeadD  604 MAsF1F2T  605 MAsF3F4T 
    606 MAsC3C4T  607 MAsP3P4T  608 MAsO1O2T  609 MAsF7F8T  610 MAsT3T4T 
    611 MAsT5T6T  612 MAsLatT   613 MAsMedT   614 MAsAntT   615 MAsCentT 
    616 MAsPostT  617 MAsHeadT  618 MAsF1F2A  619 MAsF3F4A  620 MAsC3C4A 
    621 MAsP3P4A  622 MAsO1O2A  623 MAsF7F8A  624 MAsT3T4A  625 MAsT5T6A 
    626 MAsLatA   627 MAsMedA   628 MAsAntA   629 MAsCentA  630 MAsPostA 
    631 MAsHeadA  632 MAsF1F2B  633 MAsF3F4B  634 MAsC3C4B  635 MAsP3P4B 
    636 MAsO1O2B  637 MAsF7F8B  638 MAsT3T4B  639 MAsT5T6B  640 MAsLatB  
    641 MAsMedB   642 MAsAntB   643 MAsCentB  644 MAsPostB  645 MAsHeadB 
    646 MAsF1F2C  647 MAsF3F4C  648 MAsC3C4C  649 MAsP3P4C  650 MAsO1O2C 
    651 MAsF7F8C  652 MAsT3T4C  653 MAsT5T6C  654 MAsLatC   655 MAsMedC  
    656 MAsAntC   657 MAsCentC  658 MAsPostC  659 MAsHeadC  660 MCoF1F2S 
    661 MCoF3F4S  662 MCoC3C4S  663 MCoP3P4S  664 MCoO1O2S  665 MCoF7F8S 
    666 MCoT3T4S  667 MCoT5T6S  668 MCoLatS   669 MCoMedS   670 MCoAntS  
    671 MCoCentS  672 MCoPostS  673 MCoHeadS  674 MCoF1F2D  675 MCoF3F4D 
    676 MCoC3C4D  677 MCoP3P4D  678 MCoO1O2D  679 MCoF7F8D  680 MCoT3T4D 
    681 MCoT5T6D  682 MCoLatD   683 MCoMedD   684 MCoAntD   685 MCoCentD 
    686 MCoPostD  687 MCoHeadD  688 MCoF1F2T  689 MCoF3F4T  690 MCoC3C4T 
    691 MCoP3P4T  692 MCoO1O2T  693 MCoF7F8T  694 MCoT3T4T  695 MCoT5T6T 
    696 MCoLatT   697 MCoMedT   698 MCoAntT   699 MCoCentT  700 MCoPostT 
    701 MCoHeadT  702 MCoF1F2A  703 MCoF3F4A  704 MCoC3C4A  705 MCoP3P4A 
    706 MCoO1O2A  707 MCoF7F8A  708 MCoT3T4A  709 MCoT5T6A  710 MCoLatA  
    711 MCoMedA   712 MCoAntA   713 MCoCentA  714 MCoPostA  715 MCoHeadA 
    716 MCoF1F2B  717 MCoF3F4B  718 MCoC3C4B  719 MCoP3P4B  720 MCoO1O2B 
    721 MCoF7F8B  722 MCoT3T4B  723 MCoT5T6B  724 MCoLatB   725 MCoMedB  
    726 MCoAntB   727 MCoCentB  728 MCoPostB  729 MCoHeadB  730 MCoF1F2C 
    731 MCoF3F4C  732 MCoC3C4C  733 MCoP3P4C  734 MCoO1O2C  735 MCoF7F8C 
    736 MCoT3T4C  737 MCoT5T6C  738 MCoLatC   739 MCoMedC   740 MCoAntC  
    741 MCoCentC  742 MCoPostC  743 MCoHeadC  744 MMFF1S    745 MMFF2S   
    746 MMFF3S    747 MMFF4S    748 MMFC3S    749 MMFC4S    750 MMFP3S   
    751 MMFP4S    752 MMFO1S    753 MMFO2S    754 MMFF7S    755 MMFF8S   
    756 MMFT3S    757 MMFT4S    758 MMFT5S    759 MMFT6S    760 MMFFzS   
    761 MMFCzS    762 MMFPzS    763 MMFLLatS  764 MMFRLatS  765 MMFLMedS 
    766 MMFRMedS  767 MMFLAntS  768 MMFRAntS  769 MMFLCenS  770 MMFRCenS 
    771 MMFLPosS  772 MMFRPosS  773 MMFLHemS  774 MMFRHemS  775 MMFMidS  
    776 MMFAntS   777 MMFCentS  778 MMFPostS  779 MMFHeadS  780 MMFF1D   
    781 MMFF2D    782 MMFF3D    783 MMFF4D    784 MMFC3D    785 MMFC4D   
    786 MMFP3D    787 MMFP4D    788 MMFO1D    789 MMFO2D    790 MMFF7D   
    791 MMFF8D    792 MMFT3D    793 MMFT4D    794 MMFT5D    795 MMFT6D   
    796 MMFFzD    797 MMFCzD    798 MMFPzD    799 MMFLLatD  800 MMFRLatD 
    801 MMFLMedD  802 MMFRMedD  803 MMFLAntD  804 MMFRAntD  805 MMFLCenD 
    806 MMFRCenD  807 MMFLPosD  808 MMFRPosD  809 MMFLHemD  810 MMFRHemD 
    811 MMFMidD   812 MMFAntD   813 MMFCentD  814 MMFPostD  815 MMFHeadD 
    816 MMFF1T    817 MMFF2T    818 MMFF3T    819 MMFF4T    820 MMFC3T   
    821 MMFC4T    822 MMFP3T    823 MMFP4T    824 MMFO1T    825 MMFO2T   
    826 MMFF7T    827 MMFF8T    828 MMFT3T    829 MMFT4T    830 MMFT5T   
    831 MMFT6T    832 MMFFzT    833 MMFCzT    834 MMFPzT    835 MMFLLatT 
    836 MMFRLatT  837 MMFLMedT  838 MMFRMedT  839 MMFLAntT  840 MMFRAntT 
    841 MMFLCenT  842 MMFRCenT  843 MMFLPosT  844 MMFRPosT  845 MMFLHemT 
    846 MMFRHemT  847 MMFMidT   848 MMFAntT   849 MMFCentT  850 MMFPostT 
    851 MMFHeadT  852 MMFF1A    853 MMFF2A    854 MMFF3A    855 MMFF4A   
    856 MMFC3A    857 MMFC4A    858 MMFP3A    859 MMFP4A    860 MMFO1A   
    861 MMFO2A    862 MMFF7A    863 MMFF8A    864 MMFT3A    865 MMFT4A   
    866 MMFT5A    867 MMFT6A    868 MMFFzA    869 MMFCzA    870 MMFPzA   
    871 MMFLLatA  872 MMFRLatA  873 MMFLMedA  874 MMFRMedA  875 MMFLAntA 
    876 MMFRAntA  877 MMFLCenA  878 MMFRCenA  879 MMFLPosA  880 MMFRPosA 
    881 MMFLHemA  882 MMFRHemA  883 MMFMidA   884 MMFAntA   885 MMFCentA 
    886 MMFPostA  887 MMFHeadA  888 MMFF1B    889 MMFF2B    890 MMFF3B   
    891 MMFF4B    892 MMFC5B    893 MMFC4B    894 MMFP3B    895 MMFP4B   
    896 MMFO1B    897 MMFO2B    898 MMFF7B    899 MMFF8B    900 MMFT3B   
    901 MMFT4B    902 MMFT5B    903 MMFT6B    904 MMFFzB    905 MMFCzB   
    906 MMFPzB    907 MMFLLatB  908 MMFRLatB  909 MMFLMedB  910 MMFRMedB 
    911 MMFLAntB  912 MMFRAntB  913 MMFLCenB  914 MMFRCenB  915 MMFLPosB 
    916 MMFRPosB  917 MMFLHemB  918 MMFRHemB  919 MMFMidB   920 MMFAntB  
    921 MMFCentB  922 MMFPostB  923 MMFHeadB  924 MMFF1C    925 MMFF2C   
    926 MMFF3C    927 MMFF4C    928 MMFC3C    929 X(929)    930 MMFP3C   
    931 MMFP4C    932 MMFO1C    933 MMFO2C    934 MMFF7C    935 MMFF8C   
    936 MMFT3C    937 MMFT4C    938 MMFT5C    939 MMFT6C    940 MMFFzC   
    941 MMFCzC    942 MMFPzC    943 MMFLLatC  944 MMFRLatC  945 MMFLMedC 
    946 MMFRMedC  947 MMFLAntC  948 MMFRAntC  949 MMFLCenC  950 MMFRCenC 
    951 MMFLPosC  952 MMFRPosC  953 MMFLHemC  954 MMFRHemC  955 MMFMidC  
    956 MMFAntC   957 MMFCentC  958 MMFPostC  959 MMFHeadC  960 MAbF1S   
    961 MAbF2S    962 MAbF3S    963 MAbF4S    964 MAbC3S    965 MAbC4S   
    966 MAbP3S    967 MAbP4S    968 MAbO1S    969 MAbO2S    970 MAbF7S   
    971 MAbF8S    972 MAbT3S    973 MAbT4S    974 MAbT5S    975 MAbT6S   
    976 MAbFzS    977 MAbCzS    978 MAbPzS    979 MAbLLatS  980 MAbRLatS 
    981 MAbLMedS  982 MAbRMedS  983 MAbLAntS  984 MAbRAntS  985 MAbLCenS 
    986 MAbRCenS  987 MAbLPosS  988 MAbRPosS  989 MAbLHemS  990 MAbRHemS 
    991 MAbMidS   992 MAbAntS   993 MAbCentS  994 MAbPostS  995 MAbHeadS 
    996 MAbF1D    997 MAbF2D    998 MAbF3D    999 MAbF4D   1000 MAbC3D   
   1001 MAbC4D   1002 MAbP3D   1003 MAbP4D   1004 MAbO1D   1005 MAbO2D   
   1006 MAbF7D   1007 MAbF8D   1008 MAbT3D   1009 MAbT4D   1010 MAbT5D   
   1011 MAbT6D   1012 MAbFzD   1013 MAbCzD   1014 MAbPzD   1015 MAbLLatD 
   1016 MAbRLatD 1017 MAbLMedD 1018 MAbRMedD 1019 MAbLAntD 1020 MAbRAntD 
   1021 MAbLCenD 1022 MAbRCenD 1023 MAbLPosD 1024 MAbRPosD 1025 MAbLHemD 
   1026 MAbRHemD 1027 MAbMidD  1028 MAbAntD  1029 MAbCentD 1030 MAbPostD 
   1031 MAbHeadD 1032 MAbF1T   1033 MAbF2T   1034 MAbF3T   1035 MAbF4T   
   1036 MAbC3T   1037 MAbC4T   1038 MAbP3T   1039 MAbP4T   1040 MAbO1T   
   1041 MAbO2T   1042 MAbF7T   1043 MAbF8T   1044 MAbT3T   1045 MAbT4T   
   1046 MAbT5T   1047 MAbT6T   1048 MAbFzT   1049 MAbCzT   1050 MAbPzT   
   1051 MAbLLatT 1052 MAbRLatT 1053 MAbLMedT 1054 MAbRMedT 1055 MAbLAntT 
   1056 MAbRAntT 1057 MAbLCenT 1058 MAbRCenT 1059 MAbLPosT 1060 MAbRPosT 
   1061 MAbLHemT 1062 MAbRHemT 1063 MAbMidT  1064 MAbAntT  1065 MAbCentT 
   1066 MAbPostT 1067 MAbHeadT 1068 MAbF1A   1069 MAbF2A   1070 MAbF3A   
   1071 MAbF4A   1072 MAbC3A   1073 MAbC4A   1074 MAbP3A   1075 MAbP4A   
   1076 MAbO1A   1077 MAbO2A   1078 MAbF7A   1079 MAbF8A   1080 MAbT3A   
   1081 MAbT4A   1082 MAbT5A   1083 MAbT6A   1084 MAbFzA   1085 MAbCzA   
   1086 MAbPzA   1087 MAbLLatA 1088 MAbRLatA 1089 MAbLMedA 1090 MAbRMedA 
   1091 MAbLAntA 1092 MAbRAntA 1093 MAbLCenA 1094 MAbRCenA 1095 MAbLPosA 
   1096 MAbRPosA 1097 MAbLHemA 1098 MAbRHemA 1099 MAbMidA  1100 MAbAntA  
   1101 MAbCentA 1102 MAbPostA 1103 MAbHeadA 1104 MAbF1B   1105 MAbF2B   
   1106 MAbF3B   1107 MAbF4B   1108 MAbC3B   1109 MAbC4B   1110 MAbP3B   
   1111 MAbP4B   1112 MAbO1B   1113 MAbO2B   1114 MAbF7B   1115 MAbF8B   
   1116 MAbT3B   1117 MAbT4B   1118 MAbT5B   1119 MAbT6B   1120 MAbFzB   
   1121 MAbCzB   1122 MAbPzB   1123 MAbLLatB 1124 MAbRLatB 1125 MAbLMedB 
   1126 MAbRMedB 1127 MAbLAntB 1128 MAbRAntB 1129 MAbLCenB 1130 MAbRCenB 
   1131 MAbLPosB 1132 MAbRPosB 1133 MAbLHemB 1134 MAbRHemB 1135 MAbMidB  
   1136 MAbAntB  1137 MAbCentB 1138 MAbPostB 1139 MAbHeadB 1140 MAbF1C   
   1141 MAbF2C   1142 MAbF3C   1143 MAbF4C   1144 MAbC3C   1145 MAbC4C   
   1146 MAbP3C   1147 MAbP4C   1148 MAbO1C   1149 MAbO2C   1150 MAbF7C   
   1151 MAbF8C   1152 MAbT3C   1153 MAbT4C   1154 MAbT5C   1155 MAbT6C   
   1156 MAbFzC   1157 MAbCzC   1158 MAbPzC   1159 MAbLLatC 1160 MAbRLatC 
   1161 MAbLMedC 1162 MAbRMedC 1163 MAbLAntC 1164 MAbRAntC 1165 MAbLCenC 
   1166 MAbRCenC 1167 MAbLPosC 1168 MAbRPosC 1169 MAbLHemC 1170 MAbRHemC 
   1171 MAbMidC  1172 MAbAntC  1173 MAbCentC 1174 MAbPostC 1175 MAbHeadC 
   1176 BRMC3CZS 1177 BRMC4CzS 1178 BRMT3T5S 1179 BRMT4T6S 1180 BRMP3O1S 
   1181 BRMP4O2S 1182 BRMF7T3S 1183 BRMF8T4S 1184 BRMC3CzD 1185 BRMC4CzD 
   1186 BRMT3T5D 1187 BRMT4T6D 1188 BRMP3O1D 1189 BRMP4O2D 1190 BRMF7T3D 
   1191 BRMF8T4D 1192 BRMC3CzT 1193 BRMC4CzT 1194 BRMT3T5T 1195 BRMT4T6T 
   1196 BRMP3O1T 1197 BRMP4O2T 1198 BRMF7T3T 1199 BRMF8T4T 1200 BRMC3CzA 
   1201 BRMC4CzA 1202 BRMT3T5A 1203 BRMT4T6A 1204 BRMP3O1A 1205 BRMP4O2A 
   1206 BRMF7T3A 1207 BRMF8T4A 1208 BRMC3CzB 1209 BRMC4CzB 1210 BRMT3T5B 
   1211 BRMT4T6B 1212 BRMP3O1B 1213 BRMP4O2B 1214 BRMF7T3B 1215 BRMF8T4B 
   1216 MRMF1S   1217 MRMF2S   1218 MRMF3S   1219 MRMF4S   1220 MRMC3S   
   1221 MRMC4S   1222 MRMP3S   1223 MRMP4S   1224 MRMO1S   1225 MRMO2S   
   1226 MRMF7S   1227 MRMF8S   1228 MRMT3S   1229 MRMT4S   1230 MRMT5S   
   1231 MRMT6S   1232 MRMFzS   1233 MRMCzS   1234 MRMPzS   1235 MRMF1D   
   1236 MRMF2D   1237 MRMF3D   1238 MRMF4D   1239 MRMC3D   1240 MRMC4D   
   1241 MRMP3D   1242 MRMP4D   1243 MRMO1D   1244 MRMO2D   1245 MRMF7D   
   1246 MRMF8D   1247 MRMT3D   1248 MRMT4D   1249 MRMT5D   1250 MRMT6D   
   1251 MRMFzD   1252 MRMCzD   1253 MRMPzD   1254 MRMF1T   1255 MRMF2T   
   1256 MRMF3T   1257 MRMF4T   1258 MRMC3T   1259 MRMC4T   1260 MRMP3T   
   1261 MRMP4T   1262 MRMO1T   1263 MRMO2T   1264 MRMF7T   1265 MRMF8T   
   1266 MRMT3T   1267 MRMT4T   1268 MRMT5T   1269 MRMT6T   1270 MRMFzT   
   1271 MRMCzT   1272 MRMPzT   1273 MRMF1A   1274 MRMF2A   1275 MRMF3A   
   1276 MRMF4A   1277 MRMC3A   1278 MRMC4A   1279 MRMP3A   1280 MRMP4A   
   1281 MRMO1A   1282 MRMO2A   1283 MRMF7A   1284 MRMF8A   1285 MRMT3A   
   1286 MRMT4A   1287 MRMT5A   1288 MRMT6A   1289 MRMFzA   1290 MRMCzA   
   1291 MRMPzA   1292 MRMF1B   1293 MRMF2B   1294 MRMF3B   1295 MRMF4B   
   1296 MRMC3B   1297 MRMC4B   1298 MRMP3B   1299 MRMP4B   1300 MRMO1B   
   1301 MRMO2B   1302 MRMF7B   1303 MRMF8B   1304 MRMT3B   1305 MRMT4B   
   1306 MRMT5B   1307 MRMT6B   1308 MRMFzB   1309 MRMCzB   1310 MRMPzB   
   1311 MIaF3T5S 1312 MIaF4T6S 1313 MIaF7T5S 1314 MIaF8T6S 1315 MIaF3O1S 
   1316 MIaF4O2S 1317 MIaO1F7S 1318 MIaO2F8S 1319 MIaF3T5D 1320 MIaF4T6D 
   1321 MIaF7T5D 1322 MIaF8T6D 1323 MIaF3O1D 1324 MIaF4O2D 1325 MIaO1F7D 
   1326 MIaO2F8D 1327 MIaF3T5T 1328 MIaF4T6T 1329 MIaF7T5T 1330 MIaF8T6T 
   1331 MIaF3O1T 1332 MIaF4O2T 1333 MIaO1F7T 1334 MIaO2F8T 1335 MIaF3T5A 
   1336 MIaF4T6A 1337 MIaF7T5A 1338 MIaF8T6A 1339 MIaF3O1A 1340 MIaF4O2A 
   1341 MIaO1F7A 1342 MIaO2F8A 1343 MIaF3T5B 1344 MIaF4T6B 1345 MIaF7T5B 
   1346 MIaF8T6B 1347 MIaF3O1B 1348 MIaF4O2B 1349 MIaO1F7B 1350 MIaO2F8B 
   1351 MIaF3T5C 1352 MIaF4T6C 1353 MIaF7T5C 1354 MIaF8T6C 1355 MIaF3O1C 
   1356 MIaF4O2C 1357 MIaO1F7C 1358 MIaO2F8C 1359 MIcF1F3D 1360 MIcF2F4D 
   1361 MIcT3T5D 1362 MIcT4T6D 1363 MIcC3P3D 1364 MIcC4P4D 1365 MIcF3O1D 
   1366 MIcF4O2D 1367 MIcF1F3T 1368 MIcFpF4T 1369 MIcT3T5T 1370 MIcT4T6T 
   1371 MIcC3P3T 1372 MIcC4P4T 1373 MIcF3O1T 1374 MIcF4O2T 1375 MIcF1F3A 
   1376 MIcF2F4A 1377 MIcT3T5A 1378 MIcT4T6A 1379 MIcC3P3A 1380 MIcC4P4A 
   1381 MIcF3O1A 1382 MIcF4O2A 1383 MIcFpF3B 1384 MIcFPF4B 1385 MIcT3T5B 
   1386 MIcF4T6B 1387 MIcC3P3B 1388 MIcC4P4B 1389 MIcF3O1B 1390 MIcF4O2B 
   1391 MIcFpF3C 1392 MIcFpF4C 1393 MIcT3T5C 1394 MIcT4T6C 1395 MIcC3P3C 
   1396 MIcC4P4C 1397 MIcF3O1C 1398 MIcF4O2C 1399 FBrF1F7D 1400 FBrF2F8D 
   1401 FBrF3F7D 1402 FBrF4F8D 1403 FBrF3F1D 1404 FBrF4F2D 1405 FBrF3FZD 
   1406 FBrF4FZD 1407 FBrHeadD 1408 FBrLHemD 1409 FBrRHemD 1410 FBrF1F7T 
   1411 FBrF2F8T 1412 FBrF3F7T 1413 FBrF4F8T 1414 FBrF3F1T 1415 FBrF4F2T 
   1416 FBrF3FZT 1417 FBrF4FZT 1418 FBrHeadT 1419 FBrLHemT 1420 FBrRHemT 
   1421 FBrF1F7A 1422 FBrF2F8A 1423 FBrF3F7A 1424 FBrF4F8A 1425 FBrF3F1A 
   1426 FBrF4F2A 1427 FBrFSFZA 1428 FBrF4FZA 1429 FBrHeadA 1430 FBrLHemA 
   1431 FBrRHemA 1432 FBrF1F7B 1433 FBrF2F8B 1434 FBrF3F7B 1435 FBrF4F8B 
   1436 FBrF3F1B 1437 FBrF4F2B 1438 FBrF3FZB 1439 FBrF4FZB 1440 FBrHeadB 
   1441 FBrLHemB 1442 FBrRHemB 1443 FBrF1F7L 1444 FBrF2F8L 1445 FBrF3F7L 
   1446 FBrF4F8L 1447 FBrF3F1L 1448 FBrF4F2L 1449 FBrF3FZL 1450 FBrF4FZL 
   1451 FBrHeadL 1452 FBrLHemL 1453 FBrRHemL 1454 FBrF1F7C 1455 FBrF2F8C 
   1456 FBrF3F7C 1457 FBrF4F8C 1458 FBrF3F1C 1459 FBrF4F2C 1460 FBrF3FZC 
   1461 FBrF4FZC 1462 FBrHeadC 1463 FBBFLHem 1464 FBrRHemC 1465 FBBFF1F7 
   1466 FBBFF2F8 1467 FBBFT3T5 1468 FBBFT4T6 1469 FBBFP3O1 1470 FBBFP4O2 
   1471 FBBFF7T3 1472 FBBFHead 1473 X(1473)  1474 FBBFRHem 1475 FBBFAnt  
   1476 FBMLF1F7 1477 FBMLF2F8 1478 FBMLF3F7 1479 FBMLF4F8 1480 FBMLF3F1 
   1481 FBMLF4F2 1482 FBMLF3FZ 1483 FBMLF4FZ 1484 FBMLHead 1485 FBMLLHem 
   1486 FBFDF1F7 1487 FBFDF3F7 1488 FBFDF4F8 1489 FBFDF3F1 1490 FBFDF4F1 
   1491 FBFDF3FZ 1492 FBFDF4FZ 1493 FBFDHead 1494 FBFDLHem 1495 FBFDRHem 
   1496 AF17F28S 1497 AF37F48S 1498 AF31F42S 1499 AF3ZF4ZS 1500 FBAHeadS 
   1501 CF17F28D 1502 CF37F48D 1503 CF31F42D 1504 CF3ZF4ZD 1505 FBCHeadD 
   1506 CF17F28T 1507 CF37F48T 1508 CF31F43T 1509 CF3ZF4ZT 1510 FBCHeadt 
   1511 CF17F28A 1512 CF37F48A 1513 CF31F42A 1514 CF3ZF4ZA 1515 FBCheadA 
   1516 CF17F28B 1517 CF37F48B 1518 CF31F42B 1519 CF3ZF4ZB 1520 FBCHeadB 
   1521 CF17F28C 1522 CF37F48C 1523 CF31F42C 1524 CF3ZF4ZC 1525 FBCHeadC 
   1526 AF17F28D 1527 AF37F48D 1528 AF31F42D 1529 AF3ZF4ZD 1530 FBAHeadD 
   1531 AF17F28T 1532 AF37F48T 1533 AF31F42T 1534 AF3ZF4ZT 1535 FBAHeadT 
   1536 AF17F28A 1537 AF37F48A 1538 AF31F42A 1539 AF3ZF4ZA 1540 FBAHeadA 
   1541 AF17F28B 1542 AF37F48B 1543 AF31F42B 1544 AF3ZF4ZB 1545 FBAHeadB 
   1546 AF17F28C 1547 AF37F48C 1548 AF31F42C 1549 AF3ZF4ZC 1550 FBAHeadC 
   1551 BApC3CzD 1552 BApC4CzD 1553 BApT3T5D 1554 BApT4T6D 1555 BApP3O1D 
   1556 BApP4O2D 1557 BApF7T3D 1558 BApF8T4D 1559 BApHeadD 1560 BApLHemD 
   1561 BApRHemD 1562 BApPostD 1563 BApAntD  1564 BApC3CzT 1565 BApC4CzT 
   1566 BApT3T5T 1567 BApT4T6T 1568 BApP3O1T 1569 BApP4O2T 1570 BApF7T3T 
   1571 BApF8T4T 1572 BApHeadT 1573 BApLHemT 1574 BApRHemT 1575 BApPostT 
   1576 BApAntT  1577 BApC3CzA 1578 BApC4CzA 1579 BApT3T5A 1580 BApT4T6A 
   1581 BApP3O1A 1582 BApP4O2A 1583 BApF7T3A 1584 BApF8T4A 1585 BApHeadA 
   1586 BApLhemA 1587 BApRHemA 1588 BApPostA 1589 BApAntA  1590 BApC3CzB 
   1591 BApC4CzB 1592 BApT3T5B 1593 BApT4T6B 1594 BApP3O1B 1595 BApP4O2B 
   1596 BApF7T3B 1597 BApF8T4B 1598 BApHeadB 1599 BApLHemB 1600 BApRHemB 
   1601 BApPostB 1602 BApAntB  1603 BApC3CzC 1604 BApC4CzC 1605 BApT3T5C 
   1606 BApT4T6C 1607 BApP3O1C 1608 BApP4O2C 1609 BApF7T3C 1610 BApF8T4C 
   1611 BApHeadC 1612 BApLHemC 1613 BApRHemC 1614 BApPostC 1615 BApAntC  
   1616 diag     1617 ida      1618 idb      1619 split1 

 VARIABLES TO BE USED
    147 BCoCentT  297 MReO2D   1169 MAbLHemC 1013 MAbCzD   1035 MAbF4T   
    328 MReC3T    339 MReT6T    797 MMFCzD   1620 noraut 
         
  CASE  147       297      1169      1013      1035       328       339       797      1620      
   NO. BCoCentT  MReO2D    MAbLHemC  MAbCzD    MAbF4T    MReC3T    MReT6T    MMFCzD    noraut    
 ----- --------- --------- --------- --------- --------- --------- --------- --------- --------  
     1  -0.26002  -0.07567  -0.06333  -0.90834   0.15847  -1.79144   0.53875  -0.10315 abn       
     2   1.35765  -1.88774   1.24523   0.06410   2.10354   1.23687   0.29582   2.53859 abn2      
     3  -1.48993  -1.52328   0.94289  -1.12715   0.23989  -2.20688  -0.42995  -0.49587 abn       
     4   0.30231  -1.07343   3.37993   1.15364   5.02409   1.15377   0.67593   1.14010 abn2      
     5  -3.19966  -0.94717  -1.30526  -2.45497  -0.07784   0.15875   0.39534   1.62709 abn       
     6   1.72380  -1.73613   3.81014  -1.82226   0.27372  -1.38912  -1.73072   2.49426 abn2      
     7  -0.17531  -0.39018   0.25833  -0.14285   1.94075   0.72863   0.34562   2.26353 abn       
     8  -0.84975  -1.54453   0.02329  -1.23611  -0.04044   0.58285   0.61731   1.70773 abn2      
     9   0.41696   0.16057   1.50781  -1.41353  -0.64528   0.16326   0.86837  -0.44113 abn       
    10  -1.47790  -0.60067  -1.48634  -0.85370   0.03396   0.50802   0.71679   1.62193 abn2      

 NUMBER OF CASES READ. . . . . . . . . . . . . .    1336
    CASES WITH DATA MISSING OR BEYOND LIMITS . .     842
       REMAINING NUMBER OF CASES . . . . . . . .     494



    VARIABLE        STATED VALUES FOR            GROUP CATEGORY    INTERVALS
   NO.   NAME    MINIMUM MAXIMUM MISSING   CODE  INDEX   NAME     .GT.   .LE.
  ---- --------  ------- ------- -------  ------ ----- --------  ------ -------

 1620  noraut                              1.000    1  norm    
                                           2.000    2  abn     
                                           3.000    3  norm2   
                                           4.000    4  abn2    
 ------------------------------------------------------------------------------


 GROUPING VARIABLE. . . noraut  
                                CATEGORY   FREQUENCY
                                --------   ---------
                                norm          155
                                abn            92
                                norm2         155
                                abn2           92
         
         
 DESCRIPTIVE STATISTICS OF DATA  
 ----------- ---------- -- ----  

  VARIABLE    TOTAL         STANDARD  ST.ERR   COEFF     S M A L L E S T     L A R G E S T       
  NO. NAME     FREQ.  MEAN    DEV.   OF MEAN  OF VAR  VALUE  Z-SCR  CASE  VALUE  Z-SCR  CASE  RANGE      

  147 BCoCentT   494 -.41387  1.3824  .06220 -3.3403 -6.4360 -4.36  1019  2.6884  2.24   890  9.1244     
  297 MReO2D     494 -.28607  1.0805  .04862 -3.7772 -3.4700 -2.95   115  3.1071  3.14   693  6.5771     
 1169 MAbLHemC   494  .56700  1.4020  .06308  2.4726 -2.5633 -2.23    96  6.2098  4.02  1041  8.7731     
 1013 MAbCzD     494 -.59686  1.4011  .06304 -2.3475 -6.0818 -3.91    65  3.0708  2.62   910  9.1526     
 1035 MAbF4T     494  .06023  1.1518  .05182  19.124 -3.6526 -3.22   692  5.1642  4.43  1043  8.8168     
  328 MReC3T     494  .13742  1.1696  .05262  8.5115 -3.1788 -2.84   819  4.3879  3.63  1134  7.5668     
  339 MReT6T     494  .15696  1.0621  .04779  6.7667 -2.7265 -2.71    14  4.9403  4.50  1041  7.6668     
  797 MMFCzD     494  .54510  1.2458  .05605  2.2855 -2.5587 -2.49   689  4.1209  2.87  1005  6.6796     

 TOLERANCE. . . . . . . . .    0.010
 F-TO-ENTER . . . . . . . .    1.000    1.000
 F-TO-REMOVE. . . . . . . .    0.960    0.960
 METHOD . . . . . . . . . .         1
 MAXIMUM FORCED LEVEL . . .         0
 MAXIMUM NUMBER OF STEPS. .        18
 GROUPING VARIABLE. . . . .      1620
 NUMBER OF GROUPS . . . . .         4
 PRIOR PROBABILITIES. . . .   0.50000   0.50000   0.00000   0.00000

     MEANS

        GROUP =   norm         abn          norm2        abn2         GPS.USED
 VARIABLE 
 147 BCoCentT      0.06728     -1.15039     -0.03014     -1.13450     -0.38626
 297 MReO2D       -0.03866     -0.78531     -0.02084     -0.65049     -0.31677
 *** MAbLHemC     -0.08974      1.44788      0.01676      1.71965      0.48298
 *** MAbCzD       -0.04362     -1.55779     -0.00210     -1.57008     -0.60760
 *** MAbF4T       -0.05112      0.22022     -0.01249      0.21036      0.04994
 328 MReC3T        0.01085      0.30466     -0.03651      0.47644      0.12029
 339 MReT6T       -0.02319      0.50087     -0.04964      0.46465      0.17200
 797 MMFCzD        0.00024      1.32487     -0.02477      1.64339      0.49362

 COUNTS              155.          92.         155.          92.         247.

     STANDARD DEVIATIONS

        GROUP =   norm         abn          norm2        abn2         POOLED  
 VARIABLE 
 147 BCoCentT      0.93025      1.59635      1.06788      1.64090      1.22085
 297 MReO2D        1.04766      1.07512      0.95426      1.07737      1.05794
 *** MAbLHemC      0.98947      1.50572      0.88919      1.41713      1.20727
 *** MAbCzD        0.91253      1.33105      1.05189      1.60228      1.08696
 *** MAbF4T        1.00340      1.17988      0.96910      1.55663      1.07234
 328 MReC3T        0.99871      1.34947      0.97570      1.43808      1.14164
 339 MReT6T        1.04486      1.13249      0.91312      1.10773      1.07824
 797 MMFCzD        0.95939      1.08614      1.04337      0.96724      1.00833

    COEFFICIENTS OF VARIATION

        GROUP =   norm         abn          norm2        abn2         POOLED  
 VARIABLE 
 147 BCoCentT     13.82644     -1.38767    -35.42767     -1.44636     -3.16067
 297 MReO2D      -27.09653     -1.36905    -45.78127     -1.65625     -3.33982
 *** MAbLHemC    -11.02607      1.03995     53.06683      0.82408      2.49965
 *** MAbCzD      -20.91957     -0.85445   -501.82608     -1.02051     -1.78893
 *** MAbF4T      -19.62704      5.35784    -77.58442      7.39999     21.47175
 328 MReC3T       92.01703      4.42941    -26.72400      3.01840      9.49091
 339 MReT6T      -45.04829      2.26103    -18.39582      2.38401      6.26866
 797 MMFCzD     3997.52515      0.81981    -42.12828      0.58856      2.04271

 ***************************************************************************
 
 STEP NUMBER   0

   VARIABLE     F TO   FORCE TOLERNCE *   VARIABLE     F TO   FORCE TOLERNCE
               REMOVE  LEVEL          *               ENTER   LEVEL
         DF =  1  246                 *         DF =  1  245
                                      * 147 BCoCentT    57.43    1   1.00000
                                      * 297 MReO2D      28.76    1   1.00000
                                      *1169 MAbLHemC    93.65    1   1.00000
                                      *1013 MAbCzD     112.03    1   1.00000
                                      *1035 MAbF4T       3.70    1   1.00000
                                      * 328 MReC3T       3.82    1   1.00000
                                      * 339 MReT6T      13.64    1   1.00000
                                      * 797 MMFCzD      99.63    1   1.00000

 ***************************************************************************
 
 STEP NUMBER   8
 VARIABLE ENTERED 297 MReO2D  

   VARIABLE     F TO   FORCE TOLERNCE *   VARIABLE     F TO   FORCE TOLERNCE
               REMOVE  LEVEL          *               ENTER   LEVEL
         DF =  1  238                 *         DF =  1  237
 147 BCoCentT    14.90    1   0.90552 *
 297 MReO2D       2.51    1   0.73107 *
1169 MAbLHemC     4.02    1   0.80813 *
1013 MAbCzD      67.55    1   0.34446 *
1035 MAbF4T      27.75    1   0.33148 *
 328 MReC3T      16.02    1   0.49388 *
 339 MReT6T       7.66    1   0.44935 *
 797 MMFCzD      30.45    1   0.85150 *

 U-STATISTIC(WILKS' LAMBDA) 0.3453213   DEGREES OF FREEDOM   8   1   245
 APPROXIMATE F-STATISTIC       56.402   DEGREES OF FREEDOM    8.00   238.00

  F - MATRIX        DEGREES OF FREEDOM =    8  238

             norm     abn      norm2   
 abn         56.40
 norm2        0.22    55.58
 abn2        61.68     1.45    60.44

 CLASSIFICATION FUNCTIONS   

         GROUP =   norm         abn     
 VARIABLE 
 147 BCoCentT      0.03623     -0.69619
 297 MReO2D       -0.04212     -0.43839
 *** MAbLHemC     -0.07625      0.34026
 *** MAbCzD       -0.03621     -2.61988
 *** MAbF4T       -0.01719      1.81757
 328 MReC3T        0.03762     -1.05963
 339 MReT6T        0.01084      0.86738
 797 MMFCzD       -0.01577      1.25313

 CONSTANT         -0.69991     -4.63871

 CLASSIFICATION MATRIX

 GROUP     PERCENT   NUMBER OF CASES CLASSIFIED INTO GROUP -
           CORRECT
                     norm     abn     
  norm      94.2    146        9
  abn       89.1     10       82
  norm2      0.0    143       12
  abn2       0.0     12       80

 TOTAL      92.3    311      183

 JACKKNIFED CLASSIFICATION

 GROUP     PERCENT   NUMBER OF CASES CLASSIFIED INTO GROUP -
           CORRECT
                     norm     abn     
  norm      92.9    144       11
  abn       88.0     11       81
  norm2      0.0    143       12
  abn2       0.0     12       80

 TOTAL      91.1    310      184

   SUMMARY TABLE 

         VARIABLE     F VALUE TO  NO. OF                            DEGREES
 STEP    ENTERED      ENTER       VARIAB.              APPROXIMATE    OF
 NO.       REMOVED      REMOVE    INCLUDED U-STATISTIC F-STATISTIC   FREEDOM
 --- -------------- ------------- -------- ----------- ----------- -----------
   11013 MAbCzD         112.033        1       0.6862     112.033   1.0  245.0
   21035 MAbF4T         134.307        2       0.4426     153.649   2.0  244.0
   3 797 MMFCzD          19.659        3       0.4095     116.819   3.0  243.0
   4 147 BCoCentT        16.054        4       0.3840      97.056   4.0  242.0
   5 328 MReC3T           9.510        5       0.3694      82.277   5.0  241.0
   6 339 MReT6T           9.032        6       0.3560      72.355   6.0  240.0
   71169 MAbLHemC         4.825        7       0.3490      63.696   7.0  239.0
   8 297 MReO2D           2.515        8       0.3453      56.402   8.0  238.0

              INCORRECT             JACKKNIFED MAHALANOBIS D-SQUARE FROM AND
           CLASSIFICATIONS          POSTERIOR PROBABILITY FOR GROUP -

 GROUP  norm                  norm           abn     

   CASE  
   679                      8.3 0.954     14.3 0.046
   681           abn       11.3 0.407     10.5 0.593
   683           abn       22.9 0.025     15.6 0.975
   685                      5.2 0.992     14.7 0.008
   687                      5.7 0.997     17.4 0.003
   689                      8.6 0.996     19.6 0.004
   691                      6.0 0.934     11.3 0.066
   693                     17.6 0.683     19.1 0.317
   695                      8.5 0.999     21.5 0.001
   697                      6.5 0.830      9.7 0.170
   699                      6.5 0.666      7.8 0.334
   701                     12.9 0.960     19.3 0.040
   703                     19.5 0.983     27.7 0.017
   705                      5.5 0.828      8.6 0.172
   707                      4.5 0.988     13.3 0.012
   709                      7.3 1.000     24.8 0.000
   711                     14.7 0.927     19.8 0.073
   713           abn        8.1 0.481      8.0 0.519
   715                      5.6 0.998     18.4 0.002
   717                      4.3 0.995     15.0 0.005
   719                      4.5 0.639      5.6 0.361
   721                     10.2 0.999     23.4 0.001
   723                      3.8 0.921      8.7 0.079
   725                      4.3 0.943      9.9 0.057
   727                      6.3 0.551      6.7 0.449
   729                      2.6 0.995     13.2 0.005
   731                      6.8 1.000     22.1 0.000
   733                      2.6 0.999     17.0 0.001
   735                      5.3 0.992     15.1 0.008
   737                     14.1 0.936     19.4 0.064
   739           abn       10.6 0.297      8.9 0.703
   741                      4.2 0.997     16.0 0.003
   743                      5.5 0.713      7.3 0.287
   745                      3.0 0.894      7.2 0.106
   747           abn        9.3 0.443      8.9 0.557
   749                      6.3 0.984     14.5 0.016
   751                     11.9 0.983     20.0 0.017
   753                      8.4 0.644      9.6 0.356
   755                      8.2 0.982     16.2 0.018
   757                      3.4 1.000     18.9 0.000
   759                      4.2 1.000     19.9 0.000
   761                      3.5 0.993     13.5 0.007
   763                      2.7 0.998     15.7 0.002
   765                      9.8 1.000     28.1 0.000
   767                      5.4 0.984     13.7 0.016
   769                      1.0 0.997     12.8 0.003
   771                      2.7 0.924      7.7 0.076
   773                      2.6 0.994     12.9 0.006
   775                      4.0 0.998     16.3 0.002
   777                      8.2 0.978     15.7 0.022
   779                      5.8 0.979     13.4 0.021
   781                      2.5 0.997     14.1 0.003
   783                      4.5 0.999     17.9 0.001
   785                      9.4 0.999     23.3 0.001
   787                      5.1 0.995     15.6 0.005
   789                      2.2 0.989     11.1 0.011
   791                      3.0 0.985     11.3 0.015
   793                      7.3 1.000     27.0 0.000
   795                      7.2 0.991     16.5 0.009
   797                      4.6 0.999     19.1 0.001
   799                     11.2 0.864     14.9 0.136
   801                      5.2 0.999     18.8 0.001
   803                      2.1 0.989     11.1 0.011
   805                      9.8 1.000     27.4 0.000
   807                      7.5 0.917     12.3 0.083
   809                     16.2 0.972     23.3 0.028
   811                      3.0 0.990     12.1 0.010
   813                      7.8 0.994     18.0 0.006
   815                      2.7 0.999     16.4 0.001
   817                      3.7 0.995     14.3 0.005
   819                     17.4 0.567     17.9 0.433
   821                      4.4 0.981     12.3 0.019
   823                      2.8 0.982     10.8 0.018
   825                      4.8 0.907      9.3 0.093
   827                     10.4 0.995     20.8 0.005
   829                     12.8 0.997     24.4 0.003
   831                      6.1 0.940     11.6 0.060
   833                      3.6 0.984     11.7 0.016
   835                      6.3 0.986     14.9 0.014
   837           abn       12.7 0.279     10.8 0.721
   839                      7.1 0.970     14.1 0.030
   841                      9.0 0.957     15.2 0.043
   843                     12.7 0.720     14.6 0.280
   845                      9.0 0.676     10.5 0.324
   847                      4.8 0.997     16.5 0.003
   849                     15.7 0.960     22.1 0.040
   851                      8.5 0.993     18.4 0.007
   853           abn        6.1 0.471      5.9 0.529
   855                     12.0 0.985     20.3 0.015
   857                     15.2 0.911     19.9 0.089
   859           abn       11.8 0.009      2.5 0.991
   861                      4.4 0.983     12.6 0.017
   863                     11.4 0.996     22.3 0.004
   865                      6.4 0.882     10.4 0.118
   867                      4.3 1.000     19.5 0.000
   869                      4.9 0.999     18.4 0.001
   871                      7.7 0.970     14.7 0.030
   873                      2.7 0.960      9.0 0.040
   875                      2.9 0.995     13.4 0.005
   877                     13.3 0.983     21.3 0.017
   879                      7.5 0.929     12.7 0.071
   881                      5.7 0.999     19.4 0.001
   883                      6.4 0.513      6.5 0.487
   885                      8.0 0.981     15.8 0.019
   887                     12.8 0.997     24.3 0.003
   889                      7.6 0.620      8.6 0.380
   891                      7.4 0.866     11.2 0.134
   893                      3.7 0.934      9.0 0.066
   895           abn       14.6 0.052      8.8 0.948
   897           abn       14.0 0.495     13.9 0.505
   899                      4.3 0.993     14.2 0.007
   901                      5.7 0.994     15.8 0.006
   903                      8.3 0.904     12.7 0.096
   905                      4.0 0.999     17.8 0.001
   907                      5.9 0.999     19.8 0.001
   909                      2.4 0.964      9.0 0.036
   911                      6.0 0.977     13.5 0.023
   913                      8.3 1.000     24.3 0.000
   915                      5.3 0.804      8.2 0.196
   917                      6.3 0.999     19.7 0.001
   919                      7.4 0.619      8.4 0.381
   921                      6.8 0.885     10.9 0.115
   923                      6.1 0.991     15.5 0.009
   925                      2.2 0.976      9.6 0.024
   927                      9.3 1.000     33.0 0.000
   929           abn        7.7 0.137      4.1 0.863
   931                      2.0 0.997     13.4 0.003
   933                      5.8 0.934     11.1 0.066
   935                      5.6 0.980     13.5 0.020
   937                      5.3 1.000     21.6 0.000
   939                      4.1 0.997     16.0 0.003
   941                      2.6 0.997     14.5 0.003
   943                      5.8 0.991     15.2 0.009
   945                      7.9 0.932     13.1 0.068
   947                     18.6 0.779     21.1 0.221
   949                      3.9 0.973     11.1 0.027
   951                      9.5 0.992     19.1 0.008
   953                      3.7 0.875      7.6 0.125
   955                      7.0 0.998     19.2 0.002
   957                      6.4 1.000     23.2 0.000
   959                      6.9 0.996     17.7 0.004
   961                      6.2 0.997     17.7 0.003
   963                      2.9 0.989     12.0 0.011
   965                      6.1 0.579      6.7 0.421
   967                      6.3 0.947     12.1 0.053
   969                      4.3 0.890      8.5 0.110
   971                      6.5 0.762      8.9 0.238
   973                      3.8 0.929      9.0 0.071
   975                      2.7 0.994     12.9 0.006
   977                      4.0 0.991     13.4 0.009
   979                      3.8 0.998     16.0 0.002
   981                      4.2 0.893      8.5 0.107
   983                      7.3 1.000     25.2 0.000
   985                      3.5 0.995     14.1 0.005
   987                      4.4 0.995     14.9 0.005

 GROUP  abn                   norm           abn     

   CASE  
     1                     12.1 0.274     10.1 0.726
     3                     13.3 0.057      7.7 0.943
     5                     26.2 0.001     12.9 0.999
     7                     11.7 0.067      6.4 0.933
     9           norm       4.6 0.799      7.4 0.201
    11                     15.8 0.129     12.0 0.871
    13                     23.6 0.026     16.3 0.974
    15                     24.3 0.000      8.5 1.000
    17                     28.8 0.001     15.3 0.999
    19                      7.7 0.056      2.0 0.944
    21           norm       6.2 0.963     12.7 0.037
    23           norm       3.1 0.828      6.3 0.172
    25                     24.5 0.000      8.6 1.000
    27                     12.7 0.027      5.5 0.973
    29                     22.8 0.004     11.7 0.996
    31                     26.7 0.001     11.7 0.999
    33                     14.1 0.460     13.8 0.540
    35                     20.1 0.004      9.2 0.996
    37           norm      17.5 0.957     23.7 0.043
    39                     21.4 0.004     10.4 0.996
    41                     16.9 0.045     10.8 0.955
    43                     12.7 0.154      9.3 0.846
    45                     18.8 0.001      5.6 0.999
    47                      9.4 0.127      5.5 0.873
    49                      9.6 0.012      0.7 0.988
    51                     16.9 0.001      3.3 0.999
    53                     38.7 0.000     19.9 1.000
    55                     22.5 0.001      9.3 0.999
    57                     17.9 0.004      6.7 0.996
    59                     18.6 0.019     10.8 0.981
    61                     16.2 0.004      5.3 0.996
    63                     13.3 0.042      7.0 0.958
    65                     50.4 0.000     27.4 1.000
    67                     30.5 0.000     15.0 1.000
    69                     14.2 0.012      5.3 0.988
    71                     18.1 0.003      6.5 0.997
    73                     10.1 0.045      4.0 0.955
    75                      8.9 0.101      4.6 0.899
    77                     21.2 0.001      6.6 0.999
    79                     15.3 0.003      3.9 0.997
    81                     10.7 0.175      7.6 0.825
    83                     14.1 0.318     12.6 0.682
    85                     19.9 0.001      6.7 0.999
    87                     26.2 0.000      7.7 1.000
    89                     20.9 0.003      9.1 0.997
    91                     24.3 0.003     12.6 0.997
    93                     11.8 0.019      3.9 0.981
    95                      9.1 0.035      2.4 0.965
    97           norm      14.7 0.544     15.0 0.456
    99           norm       6.0 0.756      8.2 0.244
   101           norm      16.0 0.989     25.1 0.011
   103                     14.9 0.108     10.7 0.892
   105           norm       3.1 0.848      6.6 0.152
   107           norm       6.6 0.951     12.5 0.049
   109                     26.4 0.001     12.9 0.999
   111           norm       8.4 0.873     12.2 0.127
   113                      7.6 0.450      7.2 0.550
   115                     18.7 0.488     18.6 0.512
   989                     12.7 0.010      3.5 0.990
   991                      9.4 0.369      8.4 0.631
   993                     10.4 0.083      5.6 0.917
   995                     23.4 0.001     10.0 0.999
   997                     15.8 0.003      3.9 0.997
   999                     39.0 0.000     22.9 1.000
  1001                     15.7 0.040      9.4 0.960
  1003                     25.7 0.000      8.4 1.000
  1005                     43.4 0.000     21.2 1.000
  1007                     18.0 0.001      3.7 0.999
  1009                     15.5 0.004      4.3 0.996
  1011                     24.0 0.004     12.8 0.996
  1013                     20.5 0.005      9.9 0.995
  1015                     21.9 0.002      9.6 0.998
  1017           norm       8.2 0.562      8.7 0.438
  1019                     37.3 0.016     29.1 0.984
  1021                      8.4 0.255      6.2 0.745
  1023                     37.6 0.000     20.4 1.000
  1025                     17.0 0.001      3.7 0.999
  1027                     17.5 0.035     10.9 0.965
  1029                     17.4 0.009      8.0 0.991
  1031                     21.0 0.032     14.2 0.968
  1033                     14.0 0.235     11.7 0.765
  1035                      6.2 0.351      5.0 0.649
  1037                     16.0 0.039      9.6 0.961
  1039                      7.6 0.048      1.7 0.952
  1041                     56.2 0.098     51.8 0.902
  1043                     71.3 0.000     53.4 1.000
  1071                     14.1 0.057      8.5 0.943
  1091                     14.8 0.336     13.5 0.664
  1103                     11.7 0.011      2.8 0.989
  1109                     22.9 0.000      7.6 1.000
  1111                     23.7 0.002     11.0 0.998
  1135                     33.5 0.011     24.4 0.989

 GROUP  norm2                 norm           abn     

   CASE  
   678           norm       5.7 0.991     15.1 0.009
   680           abn        7.2 0.357      6.0 0.643
   682           norm       7.0 0.545      7.3 0.455
   684           abn        9.3 0.424      8.7 0.576
   686           norm       5.1 0.731      7.1 0.269
   688           norm       6.0 0.723      7.9 0.277
   690           norm       6.7 0.942     12.3 0.058
   692           norm      16.3 0.880     20.3 0.120
   694           norm       7.7 0.995     18.2 0.005
   696           norm       5.2 0.712      7.0 0.288
   698           norm       4.1 0.964     10.7 0.036
   700           norm       4.2 0.934      9.5 0.066
   702           abn        8.5 0.451      8.1 0.549
   704           abn        7.7 0.393      6.8 0.607
   706           norm       2.4 0.971      9.4 0.029
   708           norm       6.5 0.943     12.1 0.057
   710           norm      13.7 0.856     17.3 0.144
   712           norm       6.0 0.815      8.9 0.185
   714           norm       3.3 0.918      8.2 0.082
   716           norm       8.4 0.950     14.3 0.050
   718           norm       5.2 0.997     16.6 0.003
   720           norm       7.0 0.991     16.3 0.009
   722           norm       5.2 0.999     18.7 0.001
   724           norm       6.4 0.966     13.1 0.034
   726           norm      11.9 0.990     21.0 0.010
   728           norm       2.9 0.722      4.8 0.278
   730           norm       0.9 0.946      6.6 0.054
   732           norm      11.3 1.000     28.6 0.000
   734           norm       3.6 0.999     17.1 0.001
   736           norm       6.2 1.000     22.5 0.000
   738           norm       9.2 0.976     16.7 0.024
   740           norm       4.1 0.998     16.9 0.002
   742           norm       9.3 0.999     23.1 0.001
   744           norm       3.3 0.724      5.2 0.276
   746           norm       8.0 0.986     16.5 0.014
   748           norm       5.2 0.996     16.4 0.004
   750           norm       3.7 0.999     17.2 0.001
   752           norm       4.1 0.972     11.2 0.028
   754           norm       8.0 0.736     10.0 0.264
   756           norm       9.3 0.797     12.0 0.203
   758           norm       7.5 0.903     11.9 0.097
   760           norm       3.7 0.965     10.3 0.035
   762           norm       9.6 0.895     13.8 0.105
   764           norm       5.2 0.999     19.1 0.001
   766           norm       4.7 0.994     14.8 0.006
   768           norm       5.9 0.999     21.1 0.001
   770           norm       6.1 0.996     17.2 0.004
   772           norm       2.6 0.944      8.3 0.056
   774           norm       5.9 0.837      9.2 0.163
   776           norm      14.5 0.996     25.3 0.004
   778           norm       6.8 0.962     13.2 0.038
   780           norm      15.6 0.512     15.7 0.488
   782           norm       4.9 0.999     20.0 0.001
   784           norm      11.7 0.998     24.4 0.002
   786           norm       4.8 0.944     10.4 0.056
   788           norm       0.8 0.992     10.4 0.008
   790           norm      11.0 1.000     33.0 0.000
   792           norm       7.7 0.995     18.2 0.005
   794           norm       6.6 0.991     16.0 0.009
   796           norm       1.5 0.979      9.2 0.021
   798           norm       6.4 0.988     15.2 0.012
   800           norm       1.8 0.940      7.3 0.060
   802           norm       8.0 1.000     25.7 0.000
   804           norm       3.9 0.999     17.1 0.001
   806           norm       3.6 0.999     17.9 0.001
   808           norm       6.1 0.995     16.8 0.005
   810           norm       8.5 0.989     17.5 0.011
   812           norm       8.4 0.507      8.4 0.493
   814           norm      10.5 0.984     18.7 0.016
   816           norm       1.5 0.997     13.1 0.003
   818           norm       3.0 0.998     15.0 0.002
   820           norm      14.0 0.998     26.0 0.002
   822           norm      11.7 0.999     25.5 0.001
   824           abn       15.4 0.160     12.1 0.840
   826           norm      10.2 0.807     13.1 0.193
   828           abn        8.9 0.304      7.3 0.696
   830           norm       9.0 0.993     18.8 0.007
   832           norm       3.5 0.997     14.9 0.003
   834           norm       3.1 0.995     13.7 0.005
   836           norm       2.9 0.998     15.4 0.002
   838           norm       4.7 0.922      9.7 0.078
   840           norm       8.5 0.999     23.4 0.001
   842           norm       4.7 0.999     18.8 0.001
   844           norm       6.2 0.851      9.7 0.149
   846           norm       6.7 0.996     17.5 0.004
   848           norm       1.8 0.992     11.3 0.008
   850           norm       2.6 0.997     14.6 0.003
   852           norm       1.0 0.997     12.5 0.003
   854           norm       2.4 0.988     11.3 0.012
   856           norm       5.2 0.980     13.0 0.020
   858           norm       5.3 0.971     12.4 0.029
   860           norm       8.4 0.921     13.3 0.079
   862           norm      12.4 0.663     13.8 0.337
   864           norm       4.2 0.933      9.4 0.067
   866           norm       3.7 0.996     14.7 0.004
   868           norm       7.8 1.000     25.3 0.000
   870           norm       8.5 1.000     23.9 0.000
   872           norm      10.0 0.998     22.1 0.002
   874           norm       3.8 0.991     13.2 0.009
   876           norm       5.9 0.996     16.8 0.004
   878           norm       7.3 0.956     13.4 0.044
   880           norm       4.0 0.990     13.2 0.010
   882           norm       4.5 0.885      8.6 0.115
   884           norm       8.7 0.999     22.5 0.001
   886           abn        5.8 0.461      5.5 0.539
   888           norm       5.1 0.993     14.8 0.007
   890           norm      20.1 0.999     33.6 0.001
   892           norm       3.3 0.973     10.5 0.027
   894           norm       3.7 0.950      9.5 0.050
   896           norm       1.7 0.991     11.1 0.009
   898           norm       5.2 0.999     19.9 0.001
   900           norm      10.0 1.000     26.8 0.000
   902           norm       4.9 0.899      9.3 0.101
   904           norm       5.0 0.999     19.7 0.001
   906           norm       3.6 0.980     11.4 0.020
   908           abn       21.8 0.263     19.8 0.737
   910           norm      18.6 0.999     32.2 0.001
   912           norm       6.3 0.924     11.3 0.076
   914           abn        9.2 0.471      9.0 0.529
   916           norm       3.5 0.997     14.9 0.003
   918           norm       7.0 0.822     10.0 0.178
   920           abn       10.8 0.113      6.7 0.887
   922           norm       5.1 0.997     16.8 0.003
   924           norm      10.7 0.885     14.8 0.115
   926           norm      14.8 0.867     18.6 0.133
   928           norm       6.5 0.999     19.7 0.001
   930           abn       18.8 0.021     11.1 0.979
   932           norm       6.2 0.975     13.6 0.025
   934           norm       3.1 0.996     14.0 0.004
   936           norm       5.9 0.999     19.0 0.001
   938           norm       4.0 0.981     11.9 0.019
   940           norm      10.8 0.999     23.8 0.001
   942           norm       2.2 0.986     10.8 0.014
   944           norm       6.2 0.962     12.7 0.038
   946           norm       6.7 0.612      7.6 0.388
   948           norm       3.1 0.962      9.6 0.038
   950           norm       2.9 0.991     12.4 0.009
   952           norm       0.8 0.975      8.1 0.025
   954           norm       7.5 0.995     18.2 0.005
   956           norm       4.3 0.984     12.5 0.016
   958           norm      16.9 0.990     26.1 0.010
   960           norm       3.0 0.975     10.3 0.025
   962           norm      10.3 0.981     18.2 0.019
   964           norm       7.2 0.987     15.9 0.013
   966           norm       5.7 0.891      9.9 0.109
   968           norm      13.0 0.900     17.3 0.100
   970           norm       3.3 0.999     18.2 0.001
   972           norm       4.1 0.994     14.3 0.006
   974           norm       7.1 0.998     19.7 0.002
   976           norm       3.7 0.996     14.8 0.004
   978           norm       6.9 0.976     14.3 0.024
   980           abn       12.7 0.050      6.8 0.950
   982           norm       3.9 0.850      7.4 0.150
   984           norm       4.3 0.995     15.0 0.005
   986           norm      14.0 0.851     17.5 0.149

 GROUP  abn2                  norm           abn     

   CASE  
     2           abn       15.4 0.105     11.1 0.895
     4           abn       41.5 0.009     32.2 0.991
     6           abn       31.6 0.004     20.6 0.996
     8           abn        8.6 0.077      3.6 0.923
    10           abn        9.9 0.241      7.6 0.759
    12           abn       18.1 0.001      4.7 0.999
    14           abn       21.0 0.060     15.5 0.940
    16           abn       11.0 0.015      2.6 0.985
    18           abn       17.9 0.001      4.2 0.999
    20           abn       30.9 0.000      9.2 1.000
    22           norm       3.8 0.979     11.5 0.021
    24           abn       31.7 0.000     14.1 1.000
    26           abn       12.2 0.122      8.3 0.878
    28           abn       24.9 0.000      7.8 1.000
    30           abn       14.0 0.074      9.0 0.926
    32           abn        8.8 0.145      5.2 0.855
    34           abn        8.1 0.138      4.4 0.862
    36           abn       17.8 0.042     11.5 0.958
    38           abn       12.4 0.065      7.0 0.935
    40           abn       28.9 0.000      7.7 1.000
    42           abn        6.5 0.258      4.4 0.742
    44           abn       13.2 0.013      4.5 0.987
    46           abn       27.0 0.001     13.3 0.999
    48           abn       13.1 0.017      5.0 0.983
    50           abn       35.4 0.007     25.5 0.993
    52           abn       12.7 0.029      5.7 0.971
    54           abn        5.0 0.462      4.7 0.538
    56           abn       18.0 0.048     12.0 0.952
    58           abn       14.3 0.031      7.4 0.969
    60           abn       17.0 0.047     11.0 0.953
    62           abn       33.9 0.000     15.3 1.000
    64           abn       16.8 0.002      4.3 0.998
    66           abn       20.5 0.000      4.5 1.000
    68           abn       17.3 0.002      4.4 0.998
    70           abn       23.9 0.000      8.3 1.000
    72           abn       23.6 0.001     10.5 0.999
    74           abn       21.9 0.008     12.4 0.992
    76           abn       22.2 0.000      6.1 1.000
    78           abn       22.5 0.003     10.6 0.997
    80           abn       27.2 0.025     19.8 0.975
    82           abn       32.6 0.000     17.2 1.000
    84           abn       18.3 0.002      5.8 0.998
    86           abn       29.1 0.000     10.8 1.000
    88           abn       18.4 0.003      6.8 0.997
    90           abn       18.7 0.076     13.7 0.924
    92           abn        9.5 0.141      5.9 0.859
    94           norm      13.2 0.802     16.0 0.198
    96           abn       13.6 0.353     12.4 0.647
    98           abn       22.7 0.025     15.3 0.975
   100           abn       15.0 0.056      9.3 0.944
   102           norm       7.8 0.615      8.8 0.385
   104           norm       9.5 0.590     10.2 0.410
   106           abn       28.3 0.005     17.8 0.995
   108           norm       7.2 0.617      8.2 0.383
   110           abn       22.6 0.001      7.7 0.999
   112           abn       16.5 0.009      7.1 0.991
   114           abn        7.2 0.199      4.4 0.801
   116           abn       23.9 0.012     15.0 0.988
   988           abn       30.2 0.007     20.1 0.993
   990           abn       32.1 0.000     16.4 1.000
   992           abn       24.4 0.000      7.0 1.000
   994           abn       16.1 0.002      3.8 0.998
   996           abn       15.5 0.012      6.7 0.988
   998           abn       57.6 0.000     29.7 1.000
  1000           abn       16.2 0.091     11.6 0.909
  1002           abn       31.0 0.001     17.6 0.999
  1004           abn       14.6 0.003      2.9 0.997
  1006           abn       13.4 0.015      5.0 0.985
  1008           norm      17.2 0.758     19.5 0.242
  1010           norm      16.8 0.813     19.8 0.187
  1012           abn       23.0 0.003     11.4 0.997
  1014           norm       8.7 0.952     14.6 0.048
  1016           abn       16.9 0.014      8.5 0.986
  1018           abn       30.2 0.012     21.3 0.988
  1020           abn       30.8 0.109     26.6 0.891
  1022           abn       32.2 0.000     13.8 1.000
  1024           abn       10.2 0.105      6.0 0.895
  1026           abn       35.3 0.000     16.0 1.000
  1028           abn       29.5 0.004     18.4 0.996
  1030           abn       39.6 0.154     36.2 0.846
  1032           norm      14.4 0.980     22.2 0.020
  1034           abn       20.5 0.001      6.6 0.999
  1036           norm       5.8 0.886      9.9 0.114
  1038           abn       31.7 0.000      9.6 1.000
  1040           norm       9.6 0.695     11.2 0.305
  1042           abn       33.1 0.001     18.6 0.999
  1044           norm       5.0 0.734      7.0 0.266
  1050           abn       16.0 0.002      4.0 0.998
  1112           abn       14.5 0.005      4.0 0.995
  1116           abn       27.0 0.000     11.3 1.000
  1126           abn       13.8 0.144     10.2 0.856
  1134           abn       30.1 0.055     24.4 0.945

 EIGENVALUES 

                  1.89585

 CUMULATIVE PROPORTION OF TOTAL DISPERSION

                  1.00000


                    MULTIVARIATE TESTS
                                                          F APPROXIMATION
     STATISTICS                   VALUE           F     D.F.     D.F.   P-VALUE

 WILKS' LAMBDA                  0.34532      56.40164     8      238.00  0.0000
    D.F.     8     1   245

 PILLAI'S TRACE                 0.65468      56.40164     8      238     0.0000

 HOTELLING-LAWLEY TRACE         1.89585      56.40164     8.00   238     0.0000

 ROY'S MAXIMUM ROOT             1.89585

     TABLES ARE AVAILABLE FOR ROY'S TEST:  MORRISON (1976)


 CANONICAL CORRELATIONS

                  0.80912

 AVERAGE SQUARED CANONICAL CORRELATION             0.65468

 VARIABLE      COEFFICIENTS FOR CANONICAL VARIABLES
 
 147 BCoCentT     0.25822
 297 MReO2D       0.13971
1169 MAbLHemC    -0.14684
1013 MAbCzD       0.91088
1035 MAbF4T      -0.64685
 328 MReC3T       0.38684
 339 MReT6T      -0.30198
 797 MMFCzD      -0.44736

               STANDARDIZED  (BY POOLED WITHIN-GROUP VARIANCES)
 VARIABLE      COEFFICIENTS FOR CANONICAL VARIABLES
 
 147 BCoCentT     0.31524
 297 MReO2D       0.14780
1169 MAbLHemC    -0.17728
1013 MAbCzD       0.99009
1035 MAbF4T      -0.69365
 328 MReC3T       0.44163
 339 MReT6T      -0.32560
 797 MMFCzD      -0.45108

 CONSTANT         1.02691

 GROUP        CANONICAL VARIABLES EVALUATED AT GROUP MEANS

     norm         1.05649
     abn         -1.77995
     norm2        1.03187
     abn2        -1.86685
 
 NUMBER OF INTEGER WORDS USED IN PRECEDING SUBPROBLEM   23980
 


 END OF INSTRUCTIONS

 PROGRAM TERMINATED
