 
 BMDP7M - STEPWISE DISCRIMINANT ANALYSIS.

 Copyright 1977, 1979, 1981, 1982, 1983, 1985, 1987, 1988, 1990, 1993
                  by BMDP Statistical Software, Inc.

   Statistical Solutions Ltd.     | Statistical Solutions
   8 South Bank, Crosse's Green   | Stonehill Corporate Center, Suite 104
   Cork, Ireland                  | 999 Broadway, Saugus, MA 01906, USA
   Phone: + 353 21 4319629        | Phone: 781.231.7680
   Fax:   + 353 21 4319630        | Fax:   781.231.7684
   e-mail:  sales@statsol.ie      | e-mail: info@statsolusa.com
   Website: http://www.statsol.ie | Website: http://www.statsolusa.com

 Release: 8.0  (Windows 9x, 2000, Me, Xp)         Date: 02/02/09  at 15:40:54
  Manual: BMDP Manual Volumes 1, 2, and 3.
  Digest: BMDP User's Digest.
  IBM PC: BMDP PC Supplement -- Installation and Special Features.

 PROGRAM INSTRUCTIONS

 /PROBLEM        Title is 'norm iq kid-2way'.    
 /INPUT          File is 'allkids.bmdp'. 
 		Code is eeg.  
 /transform       if(diag=3 and split1=1)then addasd=1;  
 	  if(diag=4 and split1=1)then addasd=1;
 	  if(diag=5 and split1=1)then addasd=1;
 	  if(diag=10 and split1=1)then addasd=1;       
       if(diag=18 and split1=1)then addasd=1;    
       if(diag=0 and split1=1)then addasd=2;     
       if(diag=1 and split1=1)then addasd=2;     
       if(diag=2 and split1=1)then addasd=2;     
       if(diag=9 and split1=1)then addasd=2;     
       if(diag=11 and split1=1)then addasd=2;    
       if(diag=3 and split1=2)then addasd=3;     
       if(diag=4 and split1=2)then addasd=3;     
       if(diag=5 and split1=2)then addasd=3;     
       if(diag=10 and split1=2)then addasd=3;    
       if(diag=18 and split1=2)then addasd=3;    
       if(diag=0 and split1=2)then addasd=4;     
       if(diag=1 and split1=2)then addasd=4;     
       if(diag=2 and split1=2)then addasd=4;     
       if(diag=9 and split1=2)then addasd=4;     
       if(diag=11 and split1=2)then addasd=4;    
           /VARIABLES	Use = 660,679,720,715,666, 
           1333, 
           1367,1348,1339,1322,addasd.   
  		Grouping is addasd.  
                 add=new.
 /GROUP          Codes(addasd) are 1,2,3,4.      
   		Names(addasd) are norm,abn,add2,asd2.       
                 use = 1,2.      
 /DISCRIMINANT	Enter = 1.00.     
 		Remove = 0.96.
                 jackknife.      
 /PRINT		No corr. no with. no step. No point.    
 /PLOT		No Canon.
 /END    

 ***** TRAN     PARAGRAPH IS USED *****

    NEW VARIABLES DEFINED IN TRAN     PARAGRAPH
        addasd  

 PROBLEM TITLE IS
 norm iq kid-2way

 NUMBER OF VARIABLES TO READ . . . . . . . . . .    1619
 NUMBER OF VARIABLES ADDED BY TRANSFORMATIONS. .       1
 TOTAL NUMBER OF VARIABLES . . . . . . . . . . .    1620
 CASE LABELING VARIABLES . . . . . . . . . . . .                  
 NUMBER OF CASES TO READ . . . . . . . . . . . . TO END 
 MISSING VALUES CHECKED BEFORE OR AFTER TRANS. . NEITHER
 BLANKS IN THE DATA ARE TREATED AS   . . . . . . MISSING
 INPUT FILE. . .allkids.bmdp     
 REWIND INPUT UNIT PRIOR TO READING. . DATA. . .     YES
 NUMBER OF INTEGER WORDS OF MEMORY FOR STORAGE . 1000000

 INPUT BMDP FILE 
 CODE. . . IS     eeg    
 CONTENT . IS     DATA   
 LABEL . . IS    
 01/21/09                15:38:02
 VARIABLES       
      1 var1        2 Age         3 BReC3CzD    4 BReC4CzD    5 BReT3T5D 
      6 BReT4T6D    7 BReP3O1D    8 BReP4O2D    9 BReF7T3D   10 BReF8T4D 
     11 BReHeadD   12 BReLHemD   13 BReRHemD   14 BRePostD   15 BReAntD  
     16 BReC3CzT   17 BReC4CzT   18 BReT3T5T   19 BReT4T6T   20 BReP3O1T 
     21 BReP4O2T   22 BReF7T3T   23 BReF8T4T   24 BReHeadT   25 BReLHemT 
     26 BReRHemT   27 BRePostT   28 BReAntT    29 BReC3CzA   30 BReC4CzA 
     31 BReT3T5A   32 BReT4T6A   33 BReP3O1A   34 BReP4O2A   35 BReF7T3A 
     36 BReF8T4A   37 BReHeadA   38 BReLHemA   39 BReRHemA   40 BRePostA 
     41 BReAntA    42 BReC3CzB   43 BReC4CzB   44 BReT3T5B   45 BReT4T6B 
     46 BReP3O1B   47 BReP4O2B   48 BReF7T3B   49 BReF8T4B   50 BReHeadB 
     51 BReLHemB   52 BReRHemB   53 BRePostB   54 BReAntB    55 BReC3CzL 
     56 BReC4CzL   57 BReT3T5L   58 BReT4T6L   59 BReP3O1L   60 BReP4O2L 
     61 BReF7T3L   62 BReF8T4L   63 BReHeadL   64 BReLHemL   65 BReRHemL 
     66 BRePostL   67 BReAntL    68 BReC3CzC   69 BReC4CzC   70 BReT3T5C 
     71 BReT4T6C   72 BReP3O1C   73 BReP4O2C   74 BReF7T3C   75 BReF8T4C 
     76 BReHeadC   77 BReLHemC   78 BReRHemC   79 BRePostC   80 BReAntC  
     81 BBFC3Cz    82 BBFC4Cz    83 BBFT3T5    84 BBFT4T6    85 BBFP3O1  
     86 BBFP4O2    87 BBFF7T3    88 BBFF8T4    89 BBFHead    90 BBFLHem  
     91 BBFRHem    92 BBFPost    93 BBFAnt     94 BMLC3Cz    95 BMLC4Cz  
     96 BMLT3T5    97 BMLT4T6    98 BMLP3O1    99 BMLP4O2   100 BMLF7T3  
    101 BMLF8T4   102 BMLHead   103 BMLLHem   104 BMLRHem   105 BMLPost  
    106 BMLAnt    107 BFDC3Cz   108 BFDC4Cz   109 BFDT3T5   110 BFDT4T6  
    111 BFDP3O1   112 BFDP4O2   113 BFDF7T3   114 BFDF8T4   115 BFDHead  
    116 BFDLHem   117 BFDRHem   118 BFDPost   119 BFDAnt    120 BAbC3CzS 
    121 BAbC4CzS  122 BAbT3T5S  123 BAbT4T6S  124 BAbP3O1S  125 BAbP4O2S 
    126 BAbF7T3S  127 BAbF8T4S  128 BAbHeadS  129 BAbLHemS  130 BAbRHemS 
    131 BAbPostS  132 BAbAntS   133 BAsCentS  134 BAsTempS  135 BAsPOccS 
    136 BAsFTS    137 BAsHeadS  138 BAsPostS  139 BAsAntS   140 BCoCentD 
    141 BCoTempD  142 BCoPOccD  143 BCoFTD    144 BCoHeadD  145 BCoPostD 
    146 BCoAntD   147 BCoCentT  148 BCoTempT  149 BCoPOccT  150 BCoFTT   
    151 BCoHeadt  152 BCoPostT  153 BCoAntT   154 BCoCentA  155 BCoTempA 
    156 BCoPOccA  157 BCoFTA    158 BCoheadA  159 BCoPostA  160 BCoAntA  
    161 BCoCentB  162 BCoTempB  163 BCoPOccB  164 BCoFTB    165 BCoHeadB 
    166 BCoPostB  167 BCoAntB   168 BCoCentC  169 BCoTempC  170 BCoPOccC 
    171 BCoFTC    172 BCoHeadC  173 BCoPostC  174 BCoAntC   175 BAsCentD 
    176 BAsTempD  177 BAsPOccD  178 BAsFTD    179 BAsHeadD  180 BAsPostD 
    181 BAsAntD   182 BAsCentT  183 BAsTempT  184 BAsPOccT  185 BAsFTT   
    186 BAsHeadT  187 BAsPostT  188 BAsAntT   189 BAsCentA  190 BAsTempA 
    191 BAsPOccA  192 BAsFTA    193 BAsHeadA  194 BAsPostA  195 BAsAntA  
    196 BAsCentB  197 BAsTempB  198 BAsPOccB  199 BAsFTB    200 BAsHeadB 
    201 BAsPostB  202 BAsAntB   203 BAsCentC  204 BAsTempC  205 BAsPOccC 
    206 BAsFTC    207 BAsHeadC  208 BAsPostC  209 BAsAntC   210 BMFC3CzS 
    211 BMFC4CzS  212 BMFT3T5S  213 BMFT4T6S  214 BMFP3O1S  215 BMFP4O2S 
    216 BMFF7T3S  217 BMFF8T4S  218 BMFHeadS  219 BMFLHemS  220 BMFRHemS 
    221 BMFPostS  222 BMFAntS   223 BMFC3CzD  224 BMFC4CzD  225 BMFT3T5D 
    226 BMFT4T6D  227 BMFP3O1D  228 BMFP4O2D  229 BMFF7T3D  230 BMFF8T4D 
    231 BMFHeadD  232 BMFLHemD  233 BMFRHemD  234 BMFPostD  235 BMFAntD  
    236 BMFC3CzT  237 BMFC4CzT  238 BMFT3T5T  239 BMFT4T6T  240 BMFP3O1T 
    241 BMFP4O2T  242 BMFF7T3T  243 BMFF8T4T  244 BMFHeadT  245 BMFLHemT 
    246 BMFRHemT  247 BMFPostT  248 BMFAntT   249 BMFC3CzA  250 BMFC4CzA 
    251 BMFT3T5A  252 BMFT4T6A  253 BMFP3O1A  254 BMFP4O2A  255 BMFF7T3A 
    256 BMFF8T4A  257 BMFHeadA  258 BMFLHemA  259 BMFRHemA  260 BMFPostA 
    261 BMFAntA   262 BMFC3CzB  263 BMFC4CzB  264 BMFT3T5B  265 BMFT4T6B 
    266 BMFP3O1B  267 BMFP4O2B  268 BMFF7T3B  269 BMFF8T4B  270 BMFHeadB 
    271 BMFLHemB  272 BMFRHemB  273 BMFPostB  274 BMFAntB   275 BMFC3CzC 
    276 BMFC4CzC  277 BMFT3T5C  278 BMFT4T6C  279 BMFP3O1C  280 BMFP4O2C 
    281 BMFF7T3C  282 BMFF8T4C  283 BMFHeadC  284 BMFLHemC  285 BMFRHemC 
    286 BMFPostC  287 BMFAntC   288 MReF1D    289 MReF2D    290 MReF3D   
    291 MReF4D    292 MReC3D    293 MReC4D    294 MReP3D    295 MReP4D   
    296 MReO1D    297 MReO2D    298 MReF7D    299 MReF8D    300 MReT3D   
    301 MReT4D    302 MReT5D    303 MReT6D    304 MReFzD    305 MReCzD   
    306 MRePzD    307 MReLLatD  308 MReRLatD  309 MReLMedD  310 MReRMedD 
    311 MReLAntD  312 MReRAntD  313 MReLCenD  314 MReRCenD  315 MReLPosD 
    316 MReRPosD  317 MReLHemD  318 MReRHemD  319 MReMidD   320 MReAntD  
    321 MReCentD  322 MRePostD  323 MReHeadD  324 MReF1T    325 MReF2T   
    326 MReF3T    327 MReF4T    328 MReC3T    329 MReC4T    330 MReP3T   
    331 MReP4T    332 MReO1T    333 MReO2T    334 MReF7T    335 MReF8T   
    336 MReT3T    337 MReT4T    338 MReT5T    339 MReT6T    340 MReFzT   
    341 MReCzT    342 MRePzT    343 MReLLatT  344 MReRLatT  345 MReLMedT 
    346 MReRMedT  347 MReLAntT  348 MReRAntT  349 MReLCenT  350 MReRCenT 
    351 MReLPosT  352 MReRPosT  353 MReLHemT  354 MReRHemT  355 MReMidT  
    356 MReAntT   357 MReCentT  358 MRePostT  359 MReHeadT  360 MReF1A   
    361 MReF2A    362 MReF3A    363 MReF4A    364 MReC3A    365 MReC4A   
    366 MReP3A    367 MReP4A    368 MReO1A    369 MReO2A    370 MReF7A   
    371 MReF8A    372 MReT3A    373 MReT4A    374 MReT5A    375 MReT6A   
    376 MReFzA    377 MReCzA    378 MRePzA    379 MReLLatA  380 MReRLatA 
    381 MReLMedA  382 MReRMedA  383 MReLAntA  384 MReRAntA  385 MReLCenA 
    386 MReRCenA  387 MReLPosA  388 MReRPosA  389 MReLHemA  390 MReRHemA 
    391 MReMidA   392 MReAntA   393 MReCentA  394 MRePostA  395 MReHeadA 
    396 MReF1B    397 MReF2B    398 MReF3B    399 MReF4B    400 MReC3B   
    401 MReC4B    402 MReP3B    403 MReP4B    404 MReO1B    405 MReO2B   
    406 MReF7B    407 MReF8B    408 MReT3B    409 MReT4B    410 MReT5B   
    411 MReT6B    412 MReFzB    413 MReCzB    414 MRePzB    415 MReLLatB 
    416 MReRLatB  417 MReLMedB  418 MReRMedB  419 MReLAntB  420 MReRAntB 
    421 MReLCenB  422 MReRCenB  423 MReLPosB  424 MReRPosB  425 MReLHemB 
    426 MReRHemB  427 MReMidB   428 MReAntB   429 MReCentB  430 MRePostB 
    431 MReHeadB  432 MReF1L    433 MReF2L    434 MReF3L    435 MReF4L   
    436 MReC3L    437 MReC4L    438 MReP3L    439 MReP4L    440 MReO1L   
    441 MReO2L    442 MReF7L    443 MReF8L    444 MReT3L    445 MReT4L   
    446 MReT5L    447 MReT6L    448 MReFzL    449 MReCzL    450 MRePzL   
    451 MReLLatL  452 MReRLatL  453 MReLMedL  454 MReRMedL  455 MReLAntL 
    456 MReRAntL  457 MReLCenL  458 MReRCenL  459 MReLPosL  460 MReRPosL 
    461 MReLHemL  462 MReRHemL  463 MReMidL   464 MReAntL   465 MReCentL 
    466 MRePostL  467 MReHeadL  468 MReF1C    469 MReF2C    470 MReF3C   
    471 MReF4C    472 MReC3C    473 MReC4C    474 MReP3C    475 MReP4C   
    476 MReO1C    477 MReO2C    478 MReF7C    479 MReF8C    480 MReT3C   
    481 MReT4C    482 MReT5C    483 MReT6C    484 MReFzC    485 MReCzC   
    486 MRePzC    487 MReLLatC  488 MReRLatC  489 MReLMedC  490 MReRMedC 
    491 MReLAntC  492 MReRAntC  493 MReLCenC  494 MReRCenC  495 MReLPosC 
    496 MReRPosC  497 MReLHemC  498 MReRHemC  499 MReMidC   500 MReAntC  
    501 MRCentC   502 MRPostC   503 MRHeadC   504 MBFF1     505 MBFF2    
    506 MBFF3     507 MBFF4     508 MBFC3     509 MBFC4     510 MBFP3    
    511 MBFP4     512 MBFO1     513 MBFO2     514 MBFF7     515 MBFF8    
    516 MBFT3     517 MBFT4     518 MBFT5     519 MBFT6     520 MBFFz    
    521 MBFCz     522 MBFPz     523 MBFLLat   524 MBFRLat   525 MBFLMed  
    526 MBFRMed   527 MBFLAnt   528 MBFRAnt   529 MBFLCen   530 MBFRCen  
    531 MBFLPos   532 MBFRPos   533 MBFLHem   534 MBFRHem   535 MBFMid   
    536 MBFAnt    537 MBFCent   538 MBFPost   539 MBFHead   540 MMLF1    
    541 MMLF2     542 MMLF3     543 MMLF4     544 MMLC3     545 MMLC4    
    546 MMLP3     547 MMLP4     548 MMLO1     549 MMLO2     550 MMLF7    
    551 MMLF8     552 MMLT3     553 MMLT4     554 MMLT5     555 MMLT6    
    556 MMLFz     557 MMLCz     558 MMLPz     559 MMLLLat   560 MMLRLat  
    561 MMLLMed   562 MMLRMed   563 MMLLAnt   564 MMLRAnt   565 MMLLCen  
    566 MMLRCen   567 MMLLPos   568 MMLRPos   569 MMLLHem   570 MMLRHem  
    571 MMLMid    572 MMLAnt    573 MMLCent   574 MMLPost   575 MMLHead  
    576 MAsF1F2S  577 MAsF3F4S  578 MAsC3C4S  579 MAsP3P4S  580 MAsO1O2S 
    581 MAsF7F8S  582 MAsT3T4S  583 MAsT5T6S  584 MAsLatS   585 MAsMedS  
    586 MAsAntS   587 MAsCentS  588 MAsPostS  589 MAsHeadS  590 MAsF1F2D 
    591 MAsF3F4D  592 MAsC3C4D  593 MAsP3P4D  594 MAsO1O2D  595 MAsF7F8D 
    596 MAsT3T4D  597 MAsT5T6D  598 MAsLatD   599 MAsMedD   600 MAsAntD  
    601 MAsCentD  602 MAsPostD  603 MAsHeadD  604 MAsF1F2T  605 MAsF3F4T 
    606 MAsC3C4T  607 MAsP3P4T  608 MAsO1O2T  609 MAsF7F8T  610 MAsT3T4T 
    611 MAsT5T6T  612 MAsLatT   613 MAsMedT   614 MAsAntT   615 MAsCentT 
    616 MAsPostT  617 MAsHeadT  618 MAsF1F2A  619 MAsF3F4A  620 MAsC3C4A 
    621 MAsP3P4A  622 MAsO1O2A  623 MAsF7F8A  624 MAsT3T4A  625 MAsT5T6A 
    626 MAsLatA   627 MAsMedA   628 MAsAntA   629 MAsCentA  630 MAsPostA 
    631 MAsHeadA  632 MAsF1F2B  633 MAsF3F4B  634 MAsC3C4B  635 MAsP3P4B 
    636 MAsO1O2B  637 MAsF7F8B  638 MAsT3T4B  639 MAsT5T6B  640 MAsLatB  
    641 MAsMedB   642 MAsAntB   643 MAsCentB  644 MAsPostB  645 MAsHeadB 
    646 MAsF1F2C  647 MAsF3F4C  648 MAsC3C4C  649 MAsP3P4C  650 MAsO1O2C 
    651 MAsF7F8C  652 MAsT3T4C  653 MAsT5T6C  654 MAsLatC   655 MAsMedC  
    656 MAsAntC   657 MAsCentC  658 MAsPostC  659 MAsHeadC  660 MCoF1F2S 
    661 MCoF3F4S  662 MCoC3C4S  663 MCoP3P4S  664 MCoO1O2S  665 MCoF7F8S 
    666 MCoT3T4S  667 MCoT5T6S  668 MCoLatS   669 MCoMedS   670 MCoAntS  
    671 MCoCentS  672 MCoPostS  673 MCoHeadS  674 MCoF1F2D  675 MCoF3F4D 
    676 MCoC3C4D  677 MCoP3P4D  678 MCoO1O2D  679 MCoF7F8D  680 MCoT3T4D 
    681 MCoT5T6D  682 MCoLatD   683 MCoMedD   684 MCoAntD   685 MCoCentD 
    686 MCoPostD  687 MCoHeadD  688 MCoF1F2T  689 MCoF3F4T  690 MCoC3C4T 
    691 MCoP3P4T  692 MCoO1O2T  693 MCoF7F8T  694 MCoT3T4T  695 MCoT5T6T 
    696 MCoLatT   697 MCoMedT   698 MCoAntT   699 MCoCentT  700 MCoPostT 
    701 MCoHeadT  702 MCoF1F2A  703 MCoF3F4A  704 MCoC3C4A  705 MCoP3P4A 
    706 MCoO1O2A  707 MCoF7F8A  708 MCoT3T4A  709 MCoT5T6A  710 MCoLatA  
    711 MCoMedA   712 MCoAntA   713 MCoCentA  714 MCoPostA  715 MCoHeadA 
    716 MCoF1F2B  717 MCoF3F4B  718 MCoC3C4B  719 MCoP3P4B  720 MCoO1O2B 
    721 MCoF7F8B  722 MCoT3T4B  723 MCoT5T6B  724 MCoLatB   725 MCoMedB  
    726 MCoAntB   727 MCoCentB  728 MCoPostB  729 MCoHeadB  730 MCoF1F2C 
    731 MCoF3F4C  732 MCoC3C4C  733 MCoP3P4C  734 MCoO1O2C  735 MCoF7F8C 
    736 MCoT3T4C  737 MCoT5T6C  738 MCoLatC   739 MCoMedC   740 MCoAntC  
    741 MCoCentC  742 MCoPostC  743 MCoHeadC  744 MMFF1S    745 MMFF2S   
    746 MMFF3S    747 MMFF4S    748 MMFC3S    749 MMFC4S    750 MMFP3S   
    751 MMFP4S    752 MMFO1S    753 MMFO2S    754 MMFF7S    755 MMFF8S   
    756 MMFT3S    757 MMFT4S    758 MMFT5S    759 MMFT6S    760 MMFFzS   
    761 MMFCzS    762 MMFPzS    763 MMFLLatS  764 MMFRLatS  765 MMFLMedS 
    766 MMFRMedS  767 MMFLAntS  768 MMFRAntS  769 MMFLCenS  770 MMFRCenS 
    771 MMFLPosS  772 MMFRPosS  773 MMFLHemS  774 MMFRHemS  775 MMFMidS  
    776 MMFAntS   777 MMFCentS  778 MMFPostS  779 MMFHeadS  780 MMFF1D   
    781 MMFF2D    782 MMFF3D    783 MMFF4D    784 MMFC3D    785 MMFC4D   
    786 MMFP3D    787 MMFP4D    788 MMFO1D    789 MMFO2D    790 MMFF7D   
    791 MMFF8D    792 MMFT3D    793 MMFT4D    794 MMFT5D    795 MMFT6D   
    796 MMFFzD    797 MMFCzD    798 MMFPzD    799 MMFLLatD  800 MMFRLatD 
    801 MMFLMedD  802 MMFRMedD  803 MMFLAntD  804 MMFRAntD  805 MMFLCenD 
    806 MMFRCenD  807 MMFLPosD  808 MMFRPosD  809 MMFLHemD  810 MMFRHemD 
    811 MMFMidD   812 MMFAntD   813 MMFCentD  814 MMFPostD  815 MMFHeadD 
    816 MMFF1T    817 MMFF2T    818 MMFF3T    819 MMFF4T    820 MMFC3T   
    821 MMFC4T    822 MMFP3T    823 MMFP4T    824 MMFO1T    825 MMFO2T   
    826 MMFF7T    827 MMFF8T    828 MMFT3T    829 MMFT4T    830 MMFT5T   
    831 MMFT6T    832 MMFFzT    833 MMFCzT    834 MMFPzT    835 MMFLLatT 
    836 MMFRLatT  837 MMFLMedT  838 MMFRMedT  839 MMFLAntT  840 MMFRAntT 
    841 MMFLCenT  842 MMFRCenT  843 MMFLPosT  844 MMFRPosT  845 MMFLHemT 
    846 MMFRHemT  847 MMFMidT   848 MMFAntT   849 MMFCentT  850 MMFPostT 
    851 MMFHeadT  852 MMFF1A    853 MMFF2A    854 MMFF3A    855 MMFF4A   
    856 MMFC3A    857 MMFC4A    858 MMFP3A    859 MMFP4A    860 MMFO1A   
    861 MMFO2A    862 MMFF7A    863 MMFF8A    864 MMFT3A    865 MMFT4A   
    866 MMFT5A    867 MMFT6A    868 MMFFzA    869 MMFCzA    870 MMFPzA   
    871 MMFLLatA  872 MMFRLatA  873 MMFLMedA  874 MMFRMedA  875 MMFLAntA 
    876 MMFRAntA  877 MMFLCenA  878 MMFRCenA  879 MMFLPosA  880 MMFRPosA 
    881 MMFLHemA  882 MMFRHemA  883 MMFMidA   884 MMFAntA   885 MMFCentA 
    886 MMFPostA  887 MMFHeadA  888 MMFF1B    889 MMFF2B    890 MMFF3B   
    891 MMFF4B    892 MMFC5B    893 MMFC4B    894 MMFP3B    895 MMFP4B   
    896 MMFO1B    897 MMFO2B    898 MMFF7B    899 MMFF8B    900 MMFT3B   
    901 MMFT4B    902 MMFT5B    903 MMFT6B    904 MMFFzB    905 MMFCzB   
    906 MMFPzB    907 MMFLLatB  908 MMFRLatB  909 MMFLMedB  910 MMFRMedB 
    911 MMFLAntB  912 MMFRAntB  913 MMFLCenB  914 MMFRCenB  915 MMFLPosB 
    916 MMFRPosB  917 MMFLHemB  918 MMFRHemB  919 MMFMidB   920 MMFAntB  
    921 MMFCentB  922 MMFPostB  923 MMFHeadB  924 MMFF1C    925 MMFF2C   
    926 MMFF3C    927 MMFF4C    928 MMFC3C    929 X(929)    930 MMFP3C   
    931 MMFP4C    932 MMFO1C    933 MMFO2C    934 MMFF7C    935 MMFF8C   
    936 MMFT3C    937 MMFT4C    938 MMFT5C    939 MMFT6C    940 MMFFzC   
    941 MMFCzC    942 MMFPzC    943 MMFLLatC  944 MMFRLatC  945 MMFLMedC 
    946 MMFRMedC  947 MMFLAntC  948 MMFRAntC  949 MMFLCenC  950 MMFRCenC 
    951 MMFLPosC  952 MMFRPosC  953 MMFLHemC  954 MMFRHemC  955 MMFMidC  
    956 MMFAntC   957 MMFCentC  958 MMFPostC  959 MMFHeadC  960 MAbF1S   
    961 MAbF2S    962 MAbF3S    963 MAbF4S    964 MAbC3S    965 MAbC4S   
    966 MAbP3S    967 MAbP4S    968 MAbO1S    969 MAbO2S    970 MAbF7S   
    971 MAbF8S    972 MAbT3S    973 MAbT4S    974 MAbT5S    975 MAbT6S   
    976 MAbFzS    977 MAbCzS    978 MAbPzS    979 MAbLLatS  980 MAbRLatS 
    981 MAbLMedS  982 MAbRMedS  983 MAbLAntS  984 MAbRAntS  985 MAbLCenS 
    986 MAbRCenS  987 MAbLPosS  988 MAbRPosS  989 MAbLHemS  990 MAbRHemS 
    991 MAbMidS   992 MAbAntS   993 MAbCentS  994 MAbPostS  995 MAbHeadS 
    996 MAbF1D    997 MAbF2D    998 MAbF3D    999 MAbF4D   1000 MAbC3D   
   1001 MAbC4D   1002 MAbP3D   1003 MAbP4D   1004 MAbO1D   1005 MAbO2D   
   1006 MAbF7D   1007 MAbF8D   1008 MAbT3D   1009 MAbT4D   1010 MAbT5D   
   1011 MAbT6D   1012 MAbFzD   1013 MAbCzD   1014 MAbPzD   1015 MAbLLatD 
   1016 MAbRLatD 1017 MAbLMedD 1018 MAbRMedD 1019 MAbLAntD 1020 MAbRAntD 
   1021 MAbLCenD 1022 MAbRCenD 1023 MAbLPosD 1024 MAbRPosD 1025 MAbLHemD 
   1026 MAbRHemD 1027 MAbMidD  1028 MAbAntD  1029 MAbCentD 1030 MAbPostD 
   1031 MAbHeadD 1032 MAbF1T   1033 MAbF2T   1034 MAbF3T   1035 MAbF4T   
   1036 MAbC3T   1037 MAbC4T   1038 MAbP3T   1039 MAbP4T   1040 MAbO1T   
   1041 MAbO2T   1042 MAbF7T   1043 MAbF8T   1044 MAbT3T   1045 MAbT4T   
   1046 MAbT5T   1047 MAbT6T   1048 MAbFzT   1049 MAbCzT   1050 MAbPzT   
   1051 MAbLLatT 1052 MAbRLatT 1053 MAbLMedT 1054 MAbRMedT 1055 MAbLAntT 
   1056 MAbRAntT 1057 MAbLCenT 1058 MAbRCenT 1059 MAbLPosT 1060 MAbRPosT 
   1061 MAbLHemT 1062 MAbRHemT 1063 MAbMidT  1064 MAbAntT  1065 MAbCentT 
   1066 MAbPostT 1067 MAbHeadT 1068 MAbF1A   1069 MAbF2A   1070 MAbF3A   
   1071 MAbF4A   1072 MAbC3A   1073 MAbC4A   1074 MAbP3A   1075 MAbP4A   
   1076 MAbO1A   1077 MAbO2A   1078 MAbF7A   1079 MAbF8A   1080 MAbT3A   
   1081 MAbT4A   1082 MAbT5A   1083 MAbT6A   1084 MAbFzA   1085 MAbCzA   
   1086 MAbPzA   1087 MAbLLatA 1088 MAbRLatA 1089 MAbLMedA 1090 MAbRMedA 
   1091 MAbLAntA 1092 MAbRAntA 1093 MAbLCenA 1094 MAbRCenA 1095 MAbLPosA 
   1096 MAbRPosA 1097 MAbLHemA 1098 MAbRHemA 1099 MAbMidA  1100 MAbAntA  
   1101 MAbCentA 1102 MAbPostA 1103 MAbHeadA 1104 MAbF1B   1105 MAbF2B   
   1106 MAbF3B   1107 MAbF4B   1108 MAbC3B   1109 MAbC4B   1110 MAbP3B   
   1111 MAbP4B   1112 MAbO1B   1113 MAbO2B   1114 MAbF7B   1115 MAbF8B   
   1116 MAbT3B   1117 MAbT4B   1118 MAbT5B   1119 MAbT6B   1120 MAbFzB   
   1121 MAbCzB   1122 MAbPzB   1123 MAbLLatB 1124 MAbRLatB 1125 MAbLMedB 
   1126 MAbRMedB 1127 MAbLAntB 1128 MAbRAntB 1129 MAbLCenB 1130 MAbRCenB 
   1131 MAbLPosB 1132 MAbRPosB 1133 MAbLHemB 1134 MAbRHemB 1135 MAbMidB  
   1136 MAbAntB  1137 MAbCentB 1138 MAbPostB 1139 MAbHeadB 1140 MAbF1C   
   1141 MAbF2C   1142 MAbF3C   1143 MAbF4C   1144 MAbC3C   1145 MAbC4C   
   1146 MAbP3C   1147 MAbP4C   1148 MAbO1C   1149 MAbO2C   1150 MAbF7C   
   1151 MAbF8C   1152 MAbT3C   1153 MAbT4C   1154 MAbT5C   1155 MAbT6C   
   1156 MAbFzC   1157 MAbCzC   1158 MAbPzC   1159 MAbLLatC 1160 MAbRLatC 
   1161 MAbLMedC 1162 MAbRMedC 1163 MAbLAntC 1164 MAbRAntC 1165 MAbLCenC 
   1166 MAbRCenC 1167 MAbLPosC 1168 MAbRPosC 1169 MAbLHemC 1170 MAbRHemC 
   1171 MAbMidC  1172 MAbAntC  1173 MAbCentC 1174 MAbPostC 1175 MAbHeadC 
   1176 BRMC3CZS 1177 BRMC4CzS 1178 BRMT3T5S 1179 BRMT4T6S 1180 BRMP3O1S 
   1181 BRMP4O2S 1182 BRMF7T3S 1183 BRMF8T4S 1184 BRMC3CzD 1185 BRMC4CzD 
   1186 BRMT3T5D 1187 BRMT4T6D 1188 BRMP3O1D 1189 BRMP4O2D 1190 BRMF7T3D 
   1191 BRMF8T4D 1192 BRMC3CzT 1193 BRMC4CzT 1194 BRMT3T5T 1195 BRMT4T6T 
   1196 BRMP3O1T 1197 BRMP4O2T 1198 BRMF7T3T 1199 BRMF8T4T 1200 BRMC3CzA 
   1201 BRMC4CzA 1202 BRMT3T5A 1203 BRMT4T6A 1204 BRMP3O1A 1205 BRMP4O2A 
   1206 BRMF7T3A 1207 BRMF8T4A 1208 BRMC3CzB 1209 BRMC4CzB 1210 BRMT3T5B 
   1211 BRMT4T6B 1212 BRMP3O1B 1213 BRMP4O2B 1214 BRMF7T3B 1215 BRMF8T4B 
   1216 MRMF1S   1217 MRMF2S   1218 MRMF3S   1219 MRMF4S   1220 MRMC3S   
   1221 MRMC4S   1222 MRMP3S   1223 MRMP4S   1224 MRMO1S   1225 MRMO2S   
   1226 MRMF7S   1227 MRMF8S   1228 MRMT3S   1229 MRMT4S   1230 MRMT5S   
   1231 MRMT6S   1232 MRMFzS   1233 MRMCzS   1234 MRMPzS   1235 MRMF1D   
   1236 MRMF2D   1237 MRMF3D   1238 MRMF4D   1239 MRMC3D   1240 MRMC4D   
   1241 MRMP3D   1242 MRMP4D   1243 MRMO1D   1244 MRMO2D   1245 MRMF7D   
   1246 MRMF8D   1247 MRMT3D   1248 MRMT4D   1249 MRMT5D   1250 MRMT6D   
   1251 MRMFzD   1252 MRMCzD   1253 MRMPzD   1254 MRMF1T   1255 MRMF2T   
   1256 MRMF3T   1257 MRMF4T   1258 MRMC3T   1259 MRMC4T   1260 MRMP3T   
   1261 MRMP4T   1262 MRMO1T   1263 MRMO2T   1264 MRMF7T   1265 MRMF8T   
   1266 MRMT3T   1267 MRMT4T   1268 MRMT5T   1269 MRMT6T   1270 MRMFzT   
   1271 MRMCzT   1272 MRMPzT   1273 MRMF1A   1274 MRMF2A   1275 MRMF3A   
   1276 MRMF4A   1277 MRMC3A   1278 MRMC4A   1279 MRMP3A   1280 MRMP4A   
   1281 MRMO1A   1282 MRMO2A   1283 MRMF7A   1284 MRMF8A   1285 MRMT3A   
   1286 MRMT4A   1287 MRMT5A   1288 MRMT6A   1289 MRMFzA   1290 MRMCzA   
   1291 MRMPzA   1292 MRMF1B   1293 MRMF2B   1294 MRMF3B   1295 MRMF4B   
   1296 MRMC3B   1297 MRMC4B   1298 MRMP3B   1299 MRMP4B   1300 MRMO1B   
   1301 MRMO2B   1302 MRMF7B   1303 MRMF8B   1304 MRMT3B   1305 MRMT4B   
   1306 MRMT5B   1307 MRMT6B   1308 MRMFzB   1309 MRMCzB   1310 MRMPzB   
   1311 MIaF3T5S 1312 MIaF4T6S 1313 MIaF7T5S 1314 MIaF8T6S 1315 MIaF3O1S 
   1316 MIaF4O2S 1317 MIaO1F7S 1318 MIaO2F8S 1319 MIaF3T5D 1320 MIaF4T6D 
   1321 MIaF7T5D 1322 MIaF8T6D 1323 MIaF3O1D 1324 MIaF4O2D 1325 MIaO1F7D 
   1326 MIaO2F8D 1327 MIaF3T5T 1328 MIaF4T6T 1329 MIaF7T5T 1330 MIaF8T6T 
   1331 MIaF3O1T 1332 MIaF4O2T 1333 MIaO1F7T 1334 MIaO2F8T 1335 MIaF3T5A 
   1336 MIaF4T6A 1337 MIaF7T5A 1338 MIaF8T6A 1339 MIaF3O1A 1340 MIaF4O2A 
   1341 MIaO1F7A 1342 MIaO2F8A 1343 MIaF3T5B 1344 MIaF4T6B 1345 MIaF7T5B 
   1346 MIaF8T6B 1347 MIaF3O1B 1348 MIaF4O2B 1349 MIaO1F7B 1350 MIaO2F8B 
   1351 MIaF3T5C 1352 MIaF4T6C 1353 MIaF7T5C 1354 MIaF8T6C 1355 MIaF3O1C 
   1356 MIaF4O2C 1357 MIaO1F7C 1358 MIaO2F8C 1359 MIcF1F3D 1360 MIcF2F4D 
   1361 MIcT3T5D 1362 MIcT4T6D 1363 MIcC3P3D 1364 MIcC4P4D 1365 MIcF3O1D 
   1366 MIcF4O2D 1367 MIcF1F3T 1368 MIcFpF4T 1369 MIcT3T5T 1370 MIcT4T6T 
   1371 MIcC3P3T 1372 MIcC4P4T 1373 MIcF3O1T 1374 MIcF4O2T 1375 MIcF1F3A 
   1376 MIcF2F4A 1377 MIcT3T5A 1378 MIcT4T6A 1379 MIcC3P3A 1380 MIcC4P4A 
   1381 MIcF3O1A 1382 MIcF4O2A 1383 MIcFpF3B 1384 MIcFPF4B 1385 MIcT3T5B 
   1386 MIcF4T6B 1387 MIcC3P3B 1388 MIcC4P4B 1389 MIcF3O1B 1390 MIcF4O2B 
   1391 MIcFpF3C 1392 MIcFpF4C 1393 MIcT3T5C 1394 MIcT4T6C 1395 MIcC3P3C 
   1396 MIcC4P4C 1397 MIcF3O1C 1398 MIcF4O2C 1399 FBrF1F7D 1400 FBrF2F8D 
   1401 FBrF3F7D 1402 FBrF4F8D 1403 FBrF3F1D 1404 FBrF4F2D 1405 FBrF3FZD 
   1406 FBrF4FZD 1407 FBrHeadD 1408 FBrLHemD 1409 FBrRHemD 1410 FBrF1F7T 
   1411 FBrF2F8T 1412 FBrF3F7T 1413 FBrF4F8T 1414 FBrF3F1T 1415 FBrF4F2T 
   1416 FBrF3FZT 1417 FBrF4FZT 1418 FBrHeadT 1419 FBrLHemT 1420 FBrRHemT 
   1421 FBrF1F7A 1422 FBrF2F8A 1423 FBrF3F7A 1424 FBrF4F8A 1425 FBrF3F1A 
   1426 FBrF4F2A 1427 FBrFSFZA 1428 FBrF4FZA 1429 FBrHeadA 1430 FBrLHemA 
   1431 FBrRHemA 1432 FBrF1F7B 1433 FBrF2F8B 1434 FBrF3F7B 1435 FBrF4F8B 
   1436 FBrF3F1B 1437 FBrF4F2B 1438 FBrF3FZB 1439 FBrF4FZB 1440 FBrHeadB 
   1441 FBrLHemB 1442 FBrRHemB 1443 FBrF1F7L 1444 FBrF2F8L 1445 FBrF3F7L 
   1446 FBrF4F8L 1447 FBrF3F1L 1448 FBrF4F2L 1449 FBrF3FZL 1450 FBrF4FZL 
   1451 FBrHeadL 1452 FBrLHemL 1453 FBrRHemL 1454 FBrF1F7C 1455 FBrF2F8C 
   1456 FBrF3F7C 1457 FBrF4F8C 1458 FBrF3F1C 1459 FBrF4F2C 1460 FBrF3FZC 
   1461 FBrF4FZC 1462 FBrHeadC 1463 FBBFLHem 1464 FBrRHemC 1465 FBBFF1F7 
   1466 FBBFF2F8 1467 FBBFT3T5 1468 FBBFT4T6 1469 FBBFP3O1 1470 FBBFP4O2 
   1471 FBBFF7T3 1472 FBBFHead 1473 X(1473)  1474 FBBFRHem 1475 FBBFAnt  
   1476 FBMLF1F7 1477 FBMLF2F8 1478 FBMLF3F7 1479 FBMLF4F8 1480 FBMLF3F1 
   1481 FBMLF4F2 1482 FBMLF3FZ 1483 FBMLF4FZ 1484 FBMLHead 1485 FBMLLHem 
   1486 FBFDF1F7 1487 FBFDF3F7 1488 FBFDF4F8 1489 FBFDF3F1 1490 FBFDF4F1 
   1491 FBFDF3FZ 1492 FBFDF4FZ 1493 FBFDHead 1494 FBFDLHem 1495 FBFDRHem 
   1496 AF17F28S 1497 AF37F48S 1498 AF31F42S 1499 AF3ZF4ZS 1500 FBAHeadS 
   1501 CF17F28D 1502 CF37F48D 1503 CF31F42D 1504 CF3ZF4ZD 1505 FBCHeadD 
   1506 CF17F28T 1507 CF37F48T 1508 CF31F43T 1509 CF3ZF4ZT 1510 FBCHeadt 
   1511 CF17F28A 1512 CF37F48A 1513 CF31F42A 1514 CF3ZF4ZA 1515 FBCheadA 
   1516 CF17F28B 1517 CF37F48B 1518 CF31F42B 1519 CF3ZF4ZB 1520 FBCHeadB 
   1521 CF17F28C 1522 CF37F48C 1523 CF31F42C 1524 CF3ZF4ZC 1525 FBCHeadC 
   1526 AF17F28D 1527 AF37F48D 1528 AF31F42D 1529 AF3ZF4ZD 1530 FBAHeadD 
   1531 AF17F28T 1532 AF37F48T 1533 AF31F42T 1534 AF3ZF4ZT 1535 FBAHeadT 
   1536 AF17F28A 1537 AF37F48A 1538 AF31F42A 1539 AF3ZF4ZA 1540 FBAHeadA 
   1541 AF17F28B 1542 AF37F48B 1543 AF31F42B 1544 AF3ZF4ZB 1545 FBAHeadB 
   1546 AF17F28C 1547 AF37F48C 1548 AF31F42C 1549 AF3ZF4ZC 1550 FBAHeadC 
   1551 BApC3CzD 1552 BApC4CzD 1553 BApT3T5D 1554 BApT4T6D 1555 BApP3O1D 
   1556 BApP4O2D 1557 BApF7T3D 1558 BApF8T4D 1559 BApHeadD 1560 BApLHemD 
   1561 BApRHemD 1562 BApPostD 1563 BApAntD  1564 BApC3CzT 1565 BApC4CzT 
   1566 BApT3T5T 1567 BApT4T6T 1568 BApP3O1T 1569 BApP4O2T 1570 BApF7T3T 
   1571 BApF8T4T 1572 BApHeadT 1573 BApLHemT 1574 BApRHemT 1575 BApPostT 
   1576 BApAntT  1577 BApC3CzA 1578 BApC4CzA 1579 BApT3T5A 1580 BApT4T6A 
   1581 BApP3O1A 1582 BApP4O2A 1583 BApF7T3A 1584 BApF8T4A 1585 BApHeadA 
   1586 BApLhemA 1587 BApRHemA 1588 BApPostA 1589 BApAntA  1590 BApC3CzB 
   1591 BApC4CzB 1592 BApT3T5B 1593 BApT4T6B 1594 BApP3O1B 1595 BApP4O2B 
   1596 BApF7T3B 1597 BApF8T4B 1598 BApHeadB 1599 BApLHemB 1600 BApRHemB 
   1601 BApPostB 1602 BApAntB  1603 BApC3CzC 1604 BApC4CzC 1605 BApT3T5C 
   1606 BApT4T6C 1607 BApP3O1C 1608 BApP4O2C 1609 BApF7T3C 1610 BApF8T4C 
   1611 BApHeadC 1612 BApLHemC 1613 BApRHemC 1614 BApPostC 1615 BApAntC  
   1616 diag     1617 ida      1618 idb      1619 split1 

 VARIABLES TO BE USED
    660 MCoF1F2S  679 MCoF7F8D  720 MCoO1O2B  715 MCoHeadA  666 MCoT3T4S 
   1333 MIaO1F7T 1367 MIcF1F3T 1348 MIaF4O2B 1339 MIaF3O1A 1322 MIaF8T6D 
   1620 addasd   
         
  CASE  660       679       720       715       666      1333      1367      1348      1339      1322      1620  
   NO. MCoF1F2S  MCoF7F8D  MCoO1O2B  MCoHeadA  MCoT3T4S  MIaO1F7T  MIcF1F3T  MIaF4O2B  MIaF3O1A  MIaF8T6D  addasd
 ----- --------- --------- --------- --------- --------- --------- --------- --------- --------- --------- --------      
     1  -1.90474  -0.01323  -0.58332   2.47071   0.82682  -1.09145   0.43824   1.45499   1.19368   1.51427 abn   
     2  -2.03324  -3.86384  -2.24063   0.01283  -0.36221   0.04787   1.56849   0.07729  -0.05929  -0.18801 asd2  
     3  -0.69155   0.00495  -2.05485  -1.03634   0.55650   0.01069   1.45241   0.93777  -0.40779   1.35905 abn   
     4  -1.20099   0.52683  -1.18663  -0.74652  -0.13059  -0.56789  -0.01010   2.16077  -0.48826   1.40582 asd2  
     5  -1.16647  -1.66041  -0.75676  -2.18926   0.70117  -0.02021   0.57831  -0.30523  -0.96805   0.20504 abn   
     6  -0.83640   0.26015  -0.55377  -0.20117   0.61461  -0.37453  -0.08490  -0.13595   0.21579   1.05523 asd2  
     7   0.26652   0.91886  -2.67829   0.68048   2.09050   1.62968   0.87856   0.19836   0.00755   0.37653 abn   
     8  -1.15734   0.17270  -1.26654   0.79779   0.01314  -1.65887   0.90059  -1.21323   0.08891   1.81943 asd2  
     9  -0.80161   0.17861   1.51543  -0.77007  -0.98347  -1.26665  -0.22478  -0.06755   0.24464   1.76675 abn   
    10  -0.75435  -0.15020  -2.15331   0.31052  -0.28161   0.86682   1.84951  -0.94139  -0.96025   0.57455 asd2  

 NUMBER OF CASES READ. . . . . . . . . . . . . .    1336
    CASES WITH DATA MISSING OR BEYOND LIMITS . .     631
       REMAINING NUMBER OF CASES . . . . . . . .     705



    VARIABLE        STATED VALUES FOR            GROUP CATEGORY    INTERVALS
   NO.   NAME    MINIMUM MAXIMUM MISSING   CODE  INDEX   NAME     .GT.   .LE.
  ---- --------  ------- ------- -------  ------ ----- --------  ------ -------

 1620  addasd                              1.000    1  norm    
                                           2.000    2  abn     
                                           3.000    3  add2    
                                           4.000    4  asd2    
 ------------------------------------------------------------------------------


 GROUPING VARIABLE. . . addasd  
                                CATEGORY   FREQUENCY
                                --------   ---------
                                norm          261
                                abn            92
                                add2          260
                                asd2           92
         
         
 DESCRIPTIVE STATISTICS OF DATA  
 ----------- ---------- -- ----  

  VARIABLE    TOTAL         STANDARD  ST.ERR   COEFF     S M A L L E S T     L A R G E S T       
  NO. NAME     FREQ.  MEAN    DEV.   OF MEAN  OF VAR  VALUE  Z-SCR  CASE  VALUE  Z-SCR  CASE  RANGE      

  660 MCoF1F2S   705  .95450  1.3789  .05193  1.4446 -3.7620 -3.42  1010  9.0788  5.89   141  12.841     
  679 MCoF7F8D   705  .64692  .81725  .03078  1.2633 -5.1455 -7.09    98  2.1339  1.82  1061  7.2794     
  720 MCoO1O2B   705  .67346  1.5014  .05654  2.2293 -6.4875 -4.77  1269  10.023  6.23   122  16.510     
  715 MCoHeadA   705  .28709  1.0344  .03896  3.6030 -3.1672 -3.34   104  3.8805  3.47   178  7.0477     
  666 MCoT3T4S   705  .39780  1.1734  .04419  2.9497 -3.3163 -3.17  1057  3.2745  2.45  1269  6.5909     
 1333 MIaO1F7T   705 -.66599  1.0768  .04055 -1.6168 -4.1527 -3.24  1269  2.7438  3.17   103  6.8965     
 1367 MIcF1F3T   705  1.2229  1.0549  .03973  .86257 -9.9539 *****  1231  8.6833  7.07   409  18.637     
 1348 MIaF4O2B   705  .72126  1.0470  .03943  1.4516 -2.2493 -2.84   411  4.3211  3.44  1113  6.5704     
 1339 MIaF3O1A   705  .31322  1.1516  .04337  3.6766 -3.0563 -2.93    29  4.4258  3.57  1269  7.4821     
 1322 MIaF8T6D   705  .28408  .90580  .03411  3.1885 -3.2315 -3.88   367  3.0736  3.08  1238  6.3051     

 TOLERANCE. . . . . . . . .    0.010
 F-TO-ENTER . . . . . . . .    1.000    1.000
 F-TO-REMOVE. . . . . . . .    0.960    0.960
 METHOD . . . . . . . . . .         1
 MAXIMUM FORCED LEVEL . . .         0
 MAXIMUM NUMBER OF STEPS. .        22
 GROUPING VARIABLE. . . . .      1620
 NUMBER OF GROUPS . . . . .         4
 PRIOR PROBABILITIES. . . .   0.50000   0.50000   0.00000   0.00000

     MEANS

        GROUP =   norm         abn          add2         asd2         GPS.USED
 VARIABLE 
 660 MCoF1F2S      1.32119     -0.08634      1.31438     -0.06199      0.95436
 679 MCoF7F8D      0.86676      0.22015      0.83021     -0.06796      0.69824
 720 MCoO1O2B      0.93701     -0.03947      0.87885      0.05826      0.68252
 715 MCoHeadA      0.32168      0.26204      0.40223     -0.11140      0.30614
 666 MCoT3T4S      0.54997     -0.17827      0.56111      0.08060      0.36018
 *** MIaO1F7T     -0.91976     -0.02298     -0.79797     -0.21611     -0.68604
 *** MIcF1F3T      1.48166      0.64785      1.34013      0.73294      1.26435
 *** MIaF4O2B      0.88811      0.09212      0.89838      0.37649      0.68066
 *** MIaF3O1A      0.44505      0.11133      0.30407      0.16700      0.35807
 *** MIaF8T6D      0.30536      0.37604      0.18169      0.42116      0.32378

 COUNTS              261.          92.         260.          92.         353.

     STANDARD DEVIATIONS

        GROUP =   norm         abn          add2         asd2         POOLED  
 VARIABLE 
 660 MCoF1F2S      1.35844      1.10647      1.20650      1.08375      1.29782
 679 MCoF7F8D      0.57939      0.79760      0.62176      1.23937      0.64311
 720 MCoO1O2B      1.39576      1.15224      1.69520      1.07201      1.33689
 715 MCoHeadA      1.01058      0.98278      1.05912      0.99910      1.00345
 666 MCoT3T4S      1.15885      1.15548      1.19454      0.91572      1.15797
 *** MIaO1F7T      0.99345      1.12997      1.01146      1.05065      1.03058
 *** MIcF1F3T      0.96978      1.05581      1.10033      0.74340      0.99280
 *** MIaF4O2B      0.97559      0.96482      1.02592      1.07007      0.97281
 *** MIaF3O1A      1.12889      1.14841      1.15552      1.17739      1.13399
 *** MIaF8T6D      0.91247      0.83104      0.96248      0.76326      0.89207

    COEFFICIENTS OF VARIATION

        GROUP =   norm         abn          add2         asd2         POOLED  
 VARIABLE 
 660 MCoF1F2S      1.02819    -12.81583      0.91792    -17.48149      1.35989
 679 MCoF7F8D      0.66845      3.62289      0.74892    -18.23623      0.92104
 720 MCoO1O2B      1.48958    -29.19616      1.92889     18.40086      1.95875
 715 MCoHeadA      3.14159      3.75046      2.63315     -8.96871      3.27779
 666 MCoT3T4S      2.10709     -6.48153      2.12887     11.36171      3.21502
 *** MIaO1F7T     -1.08012    -49.16681     -1.26754     -4.86171     -1.50222
 *** MIcF1F3T      0.65452      1.62972      0.82106      1.01427      0.78522
 *** MIaF4O2B      1.09850     10.47309      1.14197      2.84221      1.42922
 *** MIaF3O1A      2.53656     10.31557      3.80021      7.05012      3.16692
 *** MIaF8T6D      2.98817      2.20998      5.29749      1.81228      2.75517

 ***************************************************************************
 
 STEP NUMBER   0

   VARIABLE     F TO   FORCE TOLERNCE *   VARIABLE     F TO   FORCE TOLERNCE
               REMOVE  LEVEL          *               ENTER   LEVEL
         DF =  1  352                 *         DF =  1  351
                                      * 660 MCoF1F2S    80.01    1   1.00000
                                      * 679 MCoF7F8D    68.76    1   1.00000
                                      * 720 MCoO1O2B    36.29    1   1.00000
                                      * 715 MCoHeadA     0.24    1   1.00000
                                      * 666 MCoT3T4S    26.90    1   1.00000
                                      *1333 MIaO1F7T    51.51    1   1.00000
                                      *1367 MIcF1F3T    47.98    1   1.00000
                                      *1348 MIaF4O2B    45.54    1   1.00000
                                      *1339 MIaF3O1A     5.89    1   1.00000
                                      *1322 MIaF8T6D     0.43    1   1.00000

 ***************************************************************************
 
 STEP NUMBER  10
 VARIABLE ENTERED1322 MIaF8T6D

   VARIABLE     F TO   FORCE TOLERNCE *   VARIABLE     F TO   FORCE TOLERNCE
               REMOVE  LEVEL          *               ENTER   LEVEL
         DF =  1  342                 *         DF =  1  341
 660 MCoF1F2S    31.00    1   0.79043 *
 679 MCoF7F8D    18.14    1   0.85848 *
 720 MCoO1O2B    13.38    1   0.85488 *
 715 MCoHeadA     7.49    1   0.77846 *
 666 MCoT3T4S    10.14    1   0.81221 *
1333 MIaO1F7T    25.70    1   0.51838 *
1367 MIcF1F3T     6.70    1   0.87338 *
1348 MIaF4O2B    18.78    1   0.62946 *
1339 MIaF3O1A    13.05    1   0.55825 *
1322 MIaF8T6D     6.90    1   0.77492 *

 U-STATISTIC(WILKS' LAMBDA) 0.5284351   DEGREES OF FREEDOM  10   1   351
 APPROXIMATE F-STATISTIC       30.519   DEGREES OF FREEDOM   10.00   342.00

  F - MATRIX        DEGREES OF FREEDOM =   10  342

             norm     abn      add2    
 abn         30.52
 add2         1.05    29.23
 asd2        28.26     3.00    26.80

 CLASSIFICATION FUNCTIONS   

         GROUP =   norm         abn     
 VARIABLE 
 660 MCoF1F2S      0.62199     -0.15872
 679 MCoF7F8D      1.61975      0.44291
 720 MCoO1O2B      0.46884     -0.02170
 715 MCoHeadA     -0.12166      0.39516
 666 MCoT3T4S      0.01461     -0.49359
 *** MIaO1F7T     -0.83854      0.27486
 *** MIcF1F3T      1.27359      0.80672
 *** MIaF4O2B      0.88090     -0.04286
 *** MIaF3O1A     -0.62592      0.08121
 *** MIaF8T6D      0.21493      0.77439

 CONSTANT         -3.62396     -1.25126

 CLASSIFICATION MATRIX

 GROUP     PERCENT   NUMBER OF CASES CLASSIFIED INTO GROUP -
           CORRECT
                     norm     abn     
  norm      89.3    233       28
  abn       88.0     11       81
  add2       0.0    221       39
  asd2       0.0     22       70

 TOTAL      89.0    487      218

 JACKKNIFED CLASSIFICATION

 GROUP     PERCENT   NUMBER OF CASES CLASSIFIED INTO GROUP -
           CORRECT
                     norm     abn     
  norm      87.4    228       33
  abn       83.7     15       77
  add2       0.0    221       39
  asd2       0.0     22       70

 TOTAL      86.4    486      219

   SUMMARY TABLE 

         VARIABLE     F VALUE TO  NO. OF                            DEGREES
 STEP    ENTERED      ENTER       VARIAB.              APPROXIMATE    OF
 NO.       REMOVED      REMOVE    INCLUDED U-STATISTIC F-STATISTIC   FREEDOM
 --- -------------- ------------- -------- ----------- ----------- -----------
   1 660 MCoF1F2S        80.009        1       0.8144      80.009   1.0  351.0
   21348 MIaF4O2B        51.825        2       0.7093      71.709   2.0  350.0
   3 679 MCoF7F8D        32.541        3       0.6488      62.961   3.0  349.0
   41367 MIcF1F3T        16.155        4       0.6201      53.310   4.0  348.0
   51333 MIaO1F7T        11.805        5       0.5997      46.333   5.0  347.0
   61339 MIaF3O1A        10.412        6       0.5821      41.394   6.0  346.0
   7 720 MCoO1O2B        13.385        7       0.5604      38.663   7.0  345.0
   8 666 MCoT3T4S         5.888        8       0.5510      35.045   8.0  344.0
   9 715 MCoHeadA         7.554        9       0.5391      32.584   9.0  343.0
  101322 MIaF8T6D         6.897       10       0.5284      30.519  10.0  342.0

              INCORRECT             JACKKNIFED MAHALANOBIS D-SQUARE FROM AND
           CLASSIFICATIONS          POSTERIOR PROBABILITY FOR GROUP -

 GROUP  norm                  norm           abn     

   CASE  
   117                      7.2 0.992     16.9 0.008
   119                      4.1 0.856      7.7 0.144
   121                     10.7 0.994     20.9 0.006
   123                      4.1 0.992     13.8 0.008
   125                      7.6 0.997     19.0 0.003
   127           abn       40.0 0.029     33.0 0.971
   129                      7.7 0.687      9.3 0.313
   131           abn       10.0 0.478      9.8 0.522
   133                      6.7 0.988     15.6 0.012
   135                      4.4 0.987     13.1 0.013
   137                      5.5 0.857      9.0 0.143
   139                      9.4 0.924     14.4 0.076
   141                     53.5 0.998     65.8 0.002
   143                     32.8 0.518     33.0 0.482
   145                      4.0 0.984     12.2 0.016
   147                      4.4 0.949     10.2 0.051
   149                     50.6 0.991     60.1 0.009
   151           abn        6.7 0.479      6.5 0.521
   153                     11.6 0.953     17.6 0.047
   155                      6.9 0.859     10.5 0.141
   157                      4.1 0.938      9.5 0.062
   159                     10.5 0.786     13.1 0.214
   161                      3.3 0.990     12.6 0.010
   163                      8.0 0.692      9.6 0.308
   165                      9.1 0.736     11.1 0.264
   167                     27.7 0.997     39.6 0.003
   169                     46.3 0.787     48.9 0.213
   171           abn       13.3 0.022      5.7 0.978
   173                      5.3 0.962     11.8 0.038
   175                     50.9 0.999     63.9 0.001
   177           abn       15.5 0.371     14.4 0.629
   179                      7.0 0.540      7.4 0.460
   181                      3.8 0.913      8.5 0.087
   183                      7.9 0.978     15.5 0.022
   185                     21.5 0.513     21.6 0.487
   187                     20.0 0.646     21.2 0.354
   189                      4.0 0.912      8.6 0.088
   191                     14.9 0.935     20.3 0.065
   193                      5.1 0.945     10.8 0.055
   195                      4.7 0.948     10.5 0.052
   197                      9.7 0.872     13.5 0.128
   199                     12.3 0.997     24.0 0.003
   201                      9.3 0.801     12.1 0.199
   203                      2.5 0.940      8.0 0.060
   205                      4.3 0.544      4.6 0.456
   207                      5.3 0.927     10.4 0.073
   209                      9.1 0.945     14.8 0.055
   211                      5.5 0.840      8.8 0.160
   213                      5.1 0.816      8.1 0.184
   215                     11.7 0.651     12.9 0.349
   217           abn       26.1 0.015     17.8 0.985
   219                      6.6 0.985     14.9 0.015
   221                      9.8 0.887     13.9 0.113
   223           abn        3.4 0.324      1.9 0.676
   225                      4.8 0.990     14.0 0.010
   227                      1.8 0.983     10.0 0.017
   229                     11.1 0.943     16.8 0.057
   231                     36.9 0.999     52.0 0.001
   233                      4.4 0.954     10.4 0.046
   235                     17.7 0.866     21.4 0.134
   237                     10.5 0.817     13.5 0.183
   239                      4.1 0.899      8.5 0.101
   241                      3.8 0.829      6.9 0.171
   243                     15.5 0.996     26.8 0.004
   245                      6.9 0.914     11.6 0.086
   247                     21.3 0.989     30.4 0.011
   249           abn        8.4 0.324      6.9 0.676
   251                     10.6 0.561     11.1 0.439
   253                      3.0 0.673      4.4 0.327
   255                      3.4 0.826      6.5 0.174
   257                     37.8 0.968     44.6 0.032
   259           abn        9.2 0.192      6.3 0.808
   261                      3.8 0.968     10.7 0.032
   263                     17.2 0.924     22.2 0.076
   265                      6.5 0.928     11.6 0.072
   267                     22.4 0.802     25.2 0.198
   269                     13.5 0.889     17.7 0.111
   271                     16.4 0.990     25.5 0.010
   273                     17.7 0.989     26.7 0.011
   275                     17.5 0.994     27.6 0.006
   277                      4.6 0.684      6.1 0.316
   279           abn        5.2 0.324      3.7 0.676
   281           abn       11.2 0.349      9.9 0.651
   283                      3.7 0.979     11.3 0.021
   285                      5.9 0.901     10.3 0.099
   287                     11.4 0.994     21.7 0.006
   289                      9.9 0.926     15.0 0.074
   291                      4.9 0.982     12.9 0.018
   293           abn        8.1 0.199      5.3 0.801
   295                      9.2 0.971     16.2 0.029
   297                      8.7 0.982     16.7 0.018
   299                      8.3 0.993     18.2 0.007
   301                      4.7 0.952     10.7 0.048
   303                     40.4 0.988     49.3 0.012
   305                      6.4 0.881     10.4 0.119
   307                     12.7 0.993     22.5 0.007
   309                     10.8 0.969     17.7 0.031
   311                     14.1 0.954     20.2 0.046
   313                      5.5 0.979     13.2 0.021
   315                      5.1 0.900      9.5 0.100
   317                      7.8 0.570      8.3 0.430
   319                     18.6 0.996     29.4 0.004
   321                     23.6 0.965     30.2 0.035
   323                      5.4 0.963     11.9 0.037
   325                      3.3 0.834      6.6 0.166
   327                      5.1 0.796      7.8 0.204
   329                     15.3 0.985     23.7 0.015
   331                     10.8 0.904     15.3 0.096
   333                      7.2 0.918     12.0 0.082
   335                      6.9 0.684      8.5 0.316
   337                     17.6 0.998     30.0 0.002
   339                      5.1 0.662      6.5 0.338
   341                      7.3 0.932     12.5 0.068
   343           abn        6.0 0.488      5.9 0.512
   345                     33.5 0.988     42.3 0.012
   347                      5.7 0.949     11.5 0.051
   349                      2.9 0.904      7.3 0.096
   351                     19.4 0.983     27.6 0.017
   353                      8.5 0.966     15.1 0.034
   355                      6.1 0.981     14.0 0.019
   357                      6.4 0.534      6.7 0.466
   359           abn       16.6 0.170     13.5 0.830
   361                     10.5 0.654     11.8 0.346
   363           abn       10.9 0.464     10.6 0.536
   365                      9.1 0.983     17.2 0.017
   367                     22.8 0.858     26.4 0.142
   369                      5.7 0.860      9.3 0.140
   371                      5.1 0.526      5.3 0.474
   373                      4.8 0.826      8.0 0.174
   375           abn       14.4 0.281     12.5 0.719
   377           abn       13.5 0.422     12.9 0.578
   379                      5.6 0.998     18.0 0.002
   381                      4.3 0.924      9.3 0.076
   383                      3.8 0.910      8.5 0.090
   385                      3.3 0.988     12.0 0.012
   387                      6.1 0.772      8.6 0.228
   389                      5.9 0.974     13.1 0.026
   391                      2.0 0.818      5.1 0.182
   393                      3.8 0.952      9.8 0.048
   395           abn        3.9 0.292      2.1 0.708
   397                      7.6 0.848     11.0 0.152
   399                     13.3 0.942     18.9 0.058
   401                      6.0 0.598      6.8 0.402
   403                     13.1 0.768     15.5 0.232
   405                      5.1 0.878      9.1 0.122
   407                      8.3 0.501      8.3 0.499
   409                     76.6 0.992     86.2 0.008
   411                     25.7 0.623     26.7 0.377
   413           abn        7.3 0.078      2.4 0.922
   415                      2.5 0.972      9.5 0.028
   417                      7.8 0.907     12.3 0.093
   419                      6.5 0.541      6.9 0.459
   421                     10.1 0.886     14.2 0.114
   423           abn        3.0 0.411      2.3 0.589
   425                      6.4 0.925     11.4 0.075
   427                     18.9 0.990     28.0 0.010
   429                      7.7 0.960     14.1 0.040
   431                     12.4 0.958     18.7 0.042
   433                     27.1 1.000     42.3 0.000
   435                      3.7 0.593      4.5 0.407
  1045                      9.9 0.897     14.2 0.103
  1047                      2.1 0.945      7.8 0.055
  1049                     12.5 0.790     15.2 0.210
  1051           abn       19.6 0.154     16.2 0.846
  1053           abn        5.6 0.488      5.5 0.512
  1057           abn       22.6 0.480     22.4 0.520
  1059                      8.2 0.720     10.1 0.280
  1061                     14.9 0.981     22.8 0.019
  1063                     12.4 0.654     13.7 0.346
  1065                     10.6 0.638     11.7 0.362
  1067           abn        9.5 0.148      6.0 0.852
  1073                      7.5 0.809     10.4 0.191
  1075                     12.3 0.625     13.3 0.375
  1077                     15.5 0.989     24.5 0.011
  1079           abn       19.1 0.492     19.0 0.508
  1081           abn        6.3 0.471      6.1 0.529
  1083                      4.4 0.740      6.5 0.260
  1085                      5.1 0.709      6.9 0.291
  1087                      8.8 0.952     14.8 0.048
  1093                      7.3 0.681      8.8 0.319
  1097           abn        8.7 0.413      8.0 0.587
  1099           abn        4.1 0.221      1.5 0.779
  1101                      4.4 0.959     10.7 0.041
  1105                      6.1 0.876     10.0 0.124
  1107                      8.9 0.888     13.0 0.112
  1113                     25.1 0.994     35.3 0.006
  1115                      7.3 0.991     16.7 0.009
  1117           abn        8.9 0.256      6.8 0.744
  1119                     11.2 0.833     14.4 0.167
  1123                      4.8 0.585      5.5 0.415
  1125           abn        8.8 0.238      6.5 0.762
  1127           abn        9.2 0.368      8.1 0.632
  1139                      1.9 0.891      6.1 0.109
  1141                      2.9 0.974     10.1 0.026
  1143                      7.1 0.945     12.8 0.055
  1145                      7.6 0.881     11.6 0.119
  1147                      6.7 0.893     10.9 0.107
  1149                      9.7 0.865     13.4 0.135
  1152                      5.8 0.969     12.7 0.031
  1154                      5.8 0.534      6.0 0.466
  1156                      8.1 0.982     16.0 0.018
  1158                      6.9 0.993     16.8 0.007
  1160                      5.7 0.926     10.8 0.074
  1162                      7.7 0.994     18.0 0.006
  1164                      4.5 0.863      8.1 0.137
  1166                      2.6 0.989     11.5 0.011
  1168                      3.3 0.948      9.1 0.052
  1170                     10.9 0.997     22.5 0.003
  1172                      7.9 0.788     10.5 0.212
  1174                      4.1 0.909      8.7 0.091
  1176                      6.7 0.942     12.3 0.058
  1178                      2.3 0.908      6.9 0.092
  1180                      3.7 0.597      4.5 0.403
  1182                      4.2 0.994     14.5 0.006
  1184                     10.5 0.814     13.4 0.186
  1186                      2.0 0.955      8.1 0.045
  1188                      5.6 0.675      7.1 0.325
  1190                     13.2 0.661     14.5 0.339
  1192                     13.6 0.994     23.8 0.006
  1194                      6.3 0.986     14.8 0.014
  1196                      4.9 0.812      7.8 0.188
  1198                     11.3 0.982     19.3 0.018
  1200                      5.8 0.738      7.9 0.262
  1202                      5.4 0.962     11.9 0.038
  1204                      5.7 0.979     13.3 0.021
  1206                      6.8 0.842     10.2 0.158
  1208           abn       12.1 0.150      8.6 0.850
  1210                      5.5 0.969     12.4 0.031
  1212                      5.7 0.849      9.2 0.151
  1214                      5.3 0.925     10.3 0.075
  1216                      4.2 0.990     13.5 0.010
  1218                      7.6 0.958     13.9 0.042
  1220                      5.5 0.987     14.2 0.013
  1222                      4.6 0.984     12.9 0.016
  1224                      7.4 0.798     10.2 0.202
  1226                      5.3 0.958     11.6 0.042
  1228                     68.2 0.729     70.2 0.271
  1230                     13.1 0.593     13.9 0.407
  1232                     12.8 0.789     15.5 0.211
  1234                      5.8 0.986     14.2 0.014
  1236                      4.5 0.912      9.2 0.088
  1238           abn       18.1 0.219     15.6 0.781
  1240                      7.6 0.683      9.1 0.317
  1242                     10.4 0.939     15.9 0.061
  1244                     10.0 0.544     10.3 0.456
  1246                      7.2 0.933     12.5 0.067
  1248                      5.1 0.951     11.0 0.049
  1250                      2.3 0.956      8.5 0.044
  1252                      8.0 0.971     15.1 0.029
  1254                      5.4 0.952     11.4 0.048
  1256                      8.7 0.682     10.2 0.318
  1258                      6.6 0.772      9.0 0.228
  1260                      9.3 0.998     21.9 0.002
  1262                      6.3 0.997     18.0 0.003
  1264                      6.5 0.987     15.1 0.013
  1266                      3.2 0.982     11.2 0.018
  1268                      1.9 0.667      3.3 0.333
  1270                      6.0 0.961     12.4 0.039
  1272                      7.5 0.992     17.1 0.008
  1274                      3.3 0.970     10.2 0.030
  1276                      4.1 0.916      8.9 0.084

 GROUP  abn                   norm           abn     

   CASE  
     1                     25.1 0.021     17.4 0.979
     3                     12.8 0.127      8.9 0.873
     5                     26.2 0.033     19.4 0.967
     7                     21.5 0.048     15.5 0.952
     9                     12.8 0.124      8.9 0.876
    11                     14.7 0.024      7.3 0.976
    13                     12.7 0.177      9.7 0.823
    15                     36.4 0.001     22.4 0.999
    17                     24.9 0.018     16.9 0.982
    19                     14.0 0.112      9.8 0.888
    21                     19.7 0.006      9.6 0.994
    23           norm       7.5 0.506      7.5 0.494
    25                     14.0 0.064      8.6 0.936
    27                      9.4 0.068      4.1 0.932
    29                     17.1 0.065     11.8 0.935
    31                      7.6 0.401      6.8 0.599
    33                     28.1 0.070     22.9 0.930
    35                     13.1 0.012      4.2 0.988
    37                     38.1 0.000     20.1 1.000
    39                     11.3 0.130      7.5 0.870
    41                     52.4 0.000     33.2 1.000
    43                     36.0 0.000     16.7 1.000
    45                      7.8 0.194      4.9 0.806
    47                      6.5 0.312      4.9 0.688
    49                      7.4 0.286      5.6 0.714
    51                      7.4 0.174      4.3 0.826
    53                     12.3 0.056      6.6 0.944
    55                     15.5 0.008      5.9 0.992
    57                      7.2 0.375      6.2 0.625
    59                      8.8 0.142      5.2 0.858
    61                     11.5 0.055      5.8 0.945
    63                     19.4 0.012     10.5 0.988
    65                     12.3 0.172      9.1 0.828
    67                     10.1 0.316      8.6 0.684
    69                     11.1 0.281      9.3 0.719
    71                      8.3 0.362      7.1 0.638
    73                     13.4 0.114      9.3 0.886
    75                     50.4 0.000     33.0 1.000
    77                      7.7 0.339      6.3 0.661
    79                     15.2 0.067      9.9 0.933
    81                     17.6 0.009      8.2 0.991
    83           norm       9.9 0.531     10.1 0.469
    85                     10.5 0.060      5.0 0.940
    87                     17.7 0.351     16.5 0.649
    89                     18.1 0.009      8.7 0.991
    91                     14.5 0.484     14.4 0.516
    93                      5.2 0.305      3.5 0.695
    95                     21.9 0.012     13.1 0.988
    97                     47.8 0.001     33.3 0.999
    99                     33.2 0.001     19.8 0.999
   101                      8.5 0.423      7.9 0.577
   103                     22.6 0.010     13.4 0.990
   105                     25.4 0.042     19.1 0.958
   107                     12.0 0.065      6.6 0.935
   109                     20.3 0.038     13.8 0.962
   111                      7.5 0.071      2.4 0.929
   113                     10.9 0.124      7.0 0.876
   115                     17.0 0.018      9.0 0.982
   989                      8.6 0.497      8.6 0.503
   991                     15.3 0.140     11.7 0.860
   993                     18.0 0.023     10.4 0.977
   995                     12.5 0.204      9.7 0.796
   997                     18.1 0.003      6.2 0.997
   999           norm      10.3 0.540     10.6 0.460
  1001                     38.0 0.006     27.7 0.994
  1003                      7.8 0.067      2.5 0.933
  1005                     24.3 0.004     13.3 0.996
  1007           norm       8.0 0.899     12.4 0.101
  1009                      4.5 0.255      2.3 0.745
  1011           norm       7.1 0.757      9.4 0.243
  1013           norm       6.1 0.969     13.0 0.031
  1015           norm      11.6 0.732     13.6 0.268
  1017           norm      24.1 0.755     26.4 0.245
  1019                     27.8 0.114     23.7 0.886
  1021           norm       3.5 0.917      8.3 0.083
  1023                     11.7 0.090      7.0 0.910
  1025                     13.8 0.271     11.8 0.729
  1027                      6.6 0.404      5.8 0.596
  1029           norm       3.8 0.987     12.5 0.013
  1031           norm      13.6 0.805     16.4 0.195
  1033                      7.6 0.230      5.2 0.770
  1035           norm       8.7 0.755     11.0 0.245
  1037                      8.5 0.445      8.1 0.555
  1039                      5.6 0.495      5.6 0.505
  1041                     27.5 0.001     14.2 0.999
  1043                      8.9 0.341      7.6 0.659
  1071           norm       7.9 0.761     10.2 0.239
  1091           norm      12.1 0.538     12.4 0.462
  1103                     16.4 0.123     12.4 0.877
  1109                     11.8 0.131      8.0 0.869
  1111                      8.9 0.368      7.8 0.632
  1135           norm       4.6 0.620      5.6 0.380

 GROUP  add2                  norm           abn     

   CASE  
   118           norm      10.9 0.968     17.7 0.032
   120           norm      19.1 0.944     24.8 0.056
   122           norm      61.2 0.999     75.3 0.001
   124           norm       7.8 0.943     13.4 0.057
   126           norm       6.5 0.810      9.4 0.190
   128           norm       4.2 0.768      6.6 0.232
   130           abn        9.4 0.152      6.0 0.848
   132           norm      11.9 0.971     18.9 0.029
   134           norm      23.3 0.502     23.3 0.498
   136           norm       6.5 0.987     15.2 0.013
   138           norm      10.3 0.518     10.5 0.482
   140           abn        6.3 0.406      5.6 0.594
   142           norm       3.1 0.828      6.2 0.172
   144           abn        4.2 0.479      4.0 0.521
   146           norm       4.8 0.943     10.4 0.057
   148           norm       8.5 0.558      9.0 0.442
   150           norm      16.0 0.987     24.6 0.013
   152           norm       6.9 0.972     14.0 0.028
   154           norm       5.0 0.973     12.2 0.027
   156           norm       4.4 0.720      6.3 0.280
   158           norm       8.8 0.992     18.5 0.008
   160           norm       2.7 0.880      6.7 0.120
   162           norm       3.9 0.961     10.3 0.039
   164           abn        6.2 0.247      4.0 0.753
   166           abn       12.0 0.346     10.7 0.654
   168           norm       9.5 0.858     13.1 0.142
   170           norm      14.2 0.863     17.9 0.137
   172           norm      12.9 0.844     16.3 0.156
   174           norm      21.7 0.984     30.0 0.016
   176           norm       5.1 0.864      8.8 0.136
   178           norm      63.1 1.000     83.7 0.000
   180           norm       1.7 0.938      7.2 0.062
   182           norm      13.3 0.968     20.1 0.032
   184           norm       4.8 0.896      9.1 0.104
   186           abn       40.5 0.069     35.3 0.931
   188           norm       6.6 0.879     10.6 0.121
   190           norm      11.3 0.919     16.2 0.081
   192           norm      10.0 0.949     15.8 0.051
   194           norm       4.3 0.753      6.5 0.247
   196           norm      16.7 0.950     22.6 0.050
   198           norm       4.0 0.975     11.3 0.025
   200           norm      10.8 0.719     12.7 0.281
   202           norm       3.3 0.949      9.2 0.051
   204           norm       6.7 0.686      8.2 0.314
   206           norm       4.8 0.977     12.4 0.023
   208           norm      28.0 0.979     35.7 0.021
   210           norm      17.7 0.932     23.0 0.068
   212           norm       6.3 0.755      8.6 0.245
   214           norm       6.8 0.972     13.9 0.028
   216           norm       5.1 0.984     13.4 0.016
   218           norm       7.0 0.971     14.0 0.029
   220           norm      17.1 0.843     20.4 0.157
   222           norm      18.7 0.868     22.5 0.132
   224           norm       8.6 0.955     14.7 0.045
   226           norm       9.4 0.966     16.1 0.034
   228           norm      13.3 0.656     14.6 0.344
   230           norm       8.7 0.857     12.3 0.143
   232           norm       8.7 0.965     15.3 0.035
   234           norm       4.7 0.968     11.5 0.032
   236           norm       5.0 0.951     10.9 0.049
   238           norm      18.7 0.998     31.6 0.002
   240           norm       2.8 0.969      9.7 0.031
   242           norm       6.0 0.610      6.9 0.390
   244           norm      12.9 0.954     19.0 0.046
   246           norm       7.9 0.684      9.4 0.316
   248           norm       6.6 0.983     14.7 0.017
   250           norm       8.8 0.834     12.1 0.166
   252           norm       8.9 0.911     13.6 0.089
   254           norm       5.0 0.981     12.9 0.019
   256           norm      11.2 0.996     22.4 0.004
   258           norm      15.2 0.994     25.5 0.006
   260           norm      13.6 0.772     16.0 0.228
   262           abn       21.7 0.234     19.4 0.766
   264           norm       4.7 0.910      9.3 0.090
   266           norm       4.5 0.987     13.2 0.013
   268           norm      24.9 0.867     28.6 0.133
   270           abn       12.4 0.472     12.1 0.528
   272           norm      20.5 0.998     32.9 0.002
   274           norm       8.8 0.879     12.7 0.121
   276           abn       14.5 0.138     10.8 0.862
   278           norm       7.4 0.889     11.5 0.111
   280           norm      30.7 0.999     44.4 0.001
   282           norm       8.4 0.992     17.9 0.008
   284           norm       9.2 0.934     14.5 0.066
   286           norm      13.6 0.845     17.0 0.155
   288           norm       8.0 0.849     11.5 0.151
   290           abn       11.3 0.424     10.6 0.576
   292           norm      36.7 0.804     39.5 0.196
   294           norm       9.1 0.989     18.0 0.011
   296           norm      10.0 0.967     16.7 0.033
   298           norm       7.1 0.977     14.6 0.023
   300           norm      13.2 0.945     18.9 0.055
   302           norm      12.6 0.632     13.7 0.368
   304           norm       3.0 0.976     10.5 0.024
   306           norm       9.4 0.572     10.0 0.428
   308           norm      11.7 0.660     13.0 0.340
   310           abn       24.1 0.407     23.3 0.593
   312           norm       7.5 0.933     12.8 0.067
   314           norm       7.8 0.989     16.9 0.011
   316           norm       7.7 0.991     17.1 0.009
   318           abn        6.3 0.371      5.3 0.629
   320           norm      47.2 1.000     62.9 0.000
   322           norm       4.4 0.848      7.9 0.152
   324           norm       4.9 0.989     13.8 0.011
   326           norm       4.1 0.564      4.6 0.436
   328           abn       21.9 0.025     14.6 0.975
   330           norm      12.4 0.758     14.7 0.242
   332           norm       4.2 0.942      9.8 0.058
   334           norm       9.7 0.990     18.9 0.010
   336           norm       9.1 0.992     18.7 0.008
   338           norm      18.5 0.990     27.6 0.010
   340           norm      23.6 0.995     34.1 0.005
   342           norm      22.3 0.852     25.8 0.148
   344           norm       8.9 0.615      9.8 0.385
   346           abn        4.5 0.427      4.0 0.573
   348           norm       3.1 0.954      9.1 0.046
   350           norm      16.2 0.981     24.1 0.019
   352           abn        8.6 0.421      8.0 0.579
   354           norm       9.6 0.907     14.1 0.093
   356           norm      11.9 0.996     22.9 0.004
   358           norm       5.5 0.712      7.3 0.288
   360           norm       5.8 0.777      8.3 0.223
   362           norm       6.9 0.830     10.1 0.170
   364           norm       8.6 0.508      8.7 0.492
   366           norm      10.4 0.997     22.2 0.003
   368           norm      10.4 0.833     13.6 0.167
   370           norm       4.4 0.891      8.6 0.109
   372           norm       9.5 0.951     15.4 0.049
   374           norm      18.4 0.998     30.4 0.002
   376           norm       5.8 0.989     14.8 0.011
   378           norm       8.9 0.642     10.1 0.358
   380           norm       7.2 0.960     13.5 0.040
   382           norm      39.0 0.997     50.7 0.003
   384           norm      13.1 0.896     17.4 0.104
   386           norm       7.8 0.880     11.8 0.120
   388           norm       7.8 0.691      9.4 0.309
   390           abn        6.2 0.253      4.0 0.747
   392           norm       7.5 0.613      8.5 0.387
   394           norm       5.8 0.825      8.9 0.175
   396           abn        5.5 0.447      5.0 0.553
   398           norm       5.5 0.969     12.4 0.031
   400           norm      12.3 0.573     12.9 0.427
   402           norm      13.4 0.932     18.7 0.068
   404           abn       10.9 0.380      9.9 0.620
   406           norm      14.0 0.712     15.8 0.288
   408           norm      47.6 0.996     58.7 0.004
   410           norm      15.6 0.984     23.8 0.016
   412           norm       8.4 0.968     15.2 0.032
   414           norm       9.1 0.959     15.4 0.041
   416           norm       4.1 0.977     11.6 0.023
   418           norm       4.5 0.749      6.7 0.251
   420           abn        6.9 0.287      5.1 0.713
   422           norm       5.0 0.953     11.0 0.047
   424           norm       3.5 0.623      4.5 0.377
   426           abn        9.0 0.140      5.4 0.860
   428           norm      13.1 0.987     21.8 0.013
   430           norm      12.8 0.994     23.0 0.006
   432           norm       5.3 0.978     12.8 0.022
   434           abn        5.5 0.404      4.7 0.596
  1046           norm      14.2 0.797     16.9 0.203
  1048           norm       6.2 0.982     14.2 0.018
  1056           norm      13.9 0.746     16.1 0.254
  1058           abn       13.2 0.274     11.3 0.726
  1060           abn       15.9 0.026      8.6 0.974
  1064           norm       6.1 0.636      7.2 0.364
  1066           abn       17.3 0.367     16.2 0.633
  1068           norm       4.1 0.594      4.9 0.406
  1072           norm      15.0 0.623     16.0 0.377
  1074           norm       8.5 0.574      9.1 0.426
  1076           abn        6.0 0.356      4.8 0.644
  1078           norm       5.6 0.754      7.8 0.246
  1080           norm      11.3 0.535     11.5 0.465
  1082           norm       6.1 0.967     12.9 0.033
  1084           norm       6.2 0.968     13.0 0.032
  1086           abn        6.5 0.256      4.4 0.744
  1090           norm      13.9 0.524     14.1 0.476
  1092           norm       5.9 0.938     11.4 0.062
  1098           norm      18.0 0.785     20.6 0.215
  1100           abn        8.5 0.330      7.1 0.670
  1102           abn        7.8 0.210      5.1 0.790
  1104           abn       19.1 0.033     12.4 0.967
  1106           norm       5.9 0.734      7.9 0.266
  1110           abn       22.6 0.003     10.6 0.997
  1114           abn        7.8 0.332      6.4 0.668
  1118           norm       5.9 0.580      6.5 0.420
  1120           abn       24.1 0.098     19.7 0.902
  1122           norm       8.2 0.914     12.9 0.086
  1124           abn       13.3 0.052      7.5 0.948
  1128           abn       16.1 0.237     13.7 0.763
  1130           abn       14.4 0.289     12.6 0.711
  1140           norm       8.5 0.913     13.2 0.087
  1142           norm       6.3 0.954     12.4 0.046
  1144           norm       8.3 0.999     21.4 0.001
  1146           norm       9.4 0.951     15.3 0.049
  1148           norm       8.2 0.998     20.7 0.002
  1150           norm       4.9 0.922      9.9 0.078
  1151           norm       4.4 0.979     12.1 0.021
  1153           norm       7.1 0.783      9.7 0.217
  1155           norm       4.3 0.907      8.8 0.093
  1157           norm       3.8 0.875      7.7 0.125
  1159           norm       3.5 0.777      6.0 0.223
  1161           norm       1.3 0.762      3.6 0.238
  1163           norm       2.8 0.724      4.7 0.276
  1165           norm       7.1 0.960     13.5 0.040
  1167           norm       7.8 0.890     12.0 0.110
  1169           norm      10.7 0.937     16.0 0.063
  1171           norm       4.3 0.957     10.5 0.043
  1173           norm       8.0 0.981     15.9 0.019
  1175           norm       3.6 0.742      5.7 0.258
  1177           norm       3.0 0.903      7.5 0.097
  1179           norm       5.9 0.793      8.6 0.207
  1181           norm       5.3 0.989     14.3 0.011
  1183           norm       4.9 0.984     13.1 0.016
  1185           norm       4.7 0.968     11.4 0.032
  1187           norm       5.5 0.521      5.7 0.479
  1189           norm      12.8 0.991     22.1 0.009
  1191           norm      11.1 0.929     16.2 0.071
  1193           norm       3.3 0.898      7.7 0.102
  1195           norm       4.1 0.991     13.5 0.009
  1197           norm       5.4 0.993     15.2 0.007
  1199           norm       4.5 0.976     11.8 0.024
  1201           abn        5.3 0.470      5.0 0.530
  1203           norm       2.8 0.973     10.0 0.027
  1205           norm       3.9 0.822      7.0 0.178
  1207           norm       2.4 0.755      4.7 0.245
  1209           norm      10.1 0.567     10.6 0.433
  1211           norm       4.8 0.979     12.5 0.021
  1213           norm       6.3 0.993     16.2 0.007
  1215           norm       6.0 0.989     15.0 0.011
  1217           norm       5.0 0.983     13.1 0.017
  1219           abn       35.0 0.006     24.8 0.994
  1221           norm       5.3 0.984     13.5 0.016
  1223           norm      13.3 0.994     23.5 0.006
  1225           norm       2.4 0.910      7.0 0.090
  1227           norm       5.1 0.915      9.9 0.085
  1229           norm      11.2 0.980     19.0 0.020
  1231           abn      211.6 0.000    192.1 1.000
  1233           norm       4.8 0.939     10.2 0.061
  1235           norm       5.1 0.973     12.2 0.027
  1237           norm       3.1 0.775      5.6 0.225
  1239           norm       9.4 0.750     11.6 0.250
  1241           norm       0.8 0.941      6.3 0.059
  1243           norm       7.1 0.950     13.0 0.050
  1245           norm       8.8 0.895     13.1 0.105
  1247           norm       3.1 0.966      9.8 0.034
  1249           norm       8.3 0.933     13.6 0.067
  1251           norm       4.2 0.893      8.4 0.107
  1253           norm       3.0 0.957      9.2 0.043
  1255           norm      10.2 0.998     23.2 0.002
  1257           norm       5.5 0.991     15.0 0.009
  1259           norm       7.0 0.998     19.6 0.002
  1261           norm       3.4 0.986     11.9 0.014
  1263           norm       9.2 0.885     13.3 0.115
  1265           norm       4.1 0.928      9.2 0.072
  1267           norm       7.0 0.969     13.9 0.031
  1269           norm      89.0 0.952     95.0 0.048
  1271           norm       4.4 0.977     12.0 0.023
  1273           norm       2.9 0.936      8.3 0.064
  1275           abn        5.8 0.381      4.8 0.619
  1277           norm       9.1 0.960     15.4 0.040

 GROUP  asd2                  norm           abn     

   CASE  
     2           abn       70.5 0.000     52.7 1.000
     4           abn       13.7 0.316     12.1 0.684
     6           abn        8.6 0.045      2.5 0.955
     8           abn       20.5 0.017     12.5 0.983
    10           abn       17.3 0.006      7.0 0.994
    12           abn       22.8 0.043     16.7 0.957
    14           abn       13.9 0.015      5.6 0.985
    16           abn       10.4 0.067      5.1 0.933
    18           abn        9.6 0.044      3.5 0.956
    20           abn       12.4 0.050      6.5 0.950
    22           abn       27.1 0.003     15.6 0.997
    24           abn       12.5 0.148      9.0 0.852
    26           abn       12.0 0.047      6.0 0.953
    28           abn       12.9 0.424     12.2 0.576
    30           abn       15.6 0.042      9.4 0.958
    32           abn       20.4 0.003      8.9 0.997
    34           norm      11.7 0.585     12.4 0.415
    36           abn       14.7 0.071      9.6 0.929
    38           abn        5.6 0.194      2.8 0.806
    40           abn        4.8 0.211      2.2 0.789
    42           norm       8.8 0.624      9.8 0.376
    44           abn       13.6 0.055      7.9 0.945
    46           norm      12.7 0.506     12.8 0.494
    48           abn       18.2 0.061     12.7 0.939
    50           abn       23.4 0.007     13.6 0.993
    52           norm       8.7 0.916     13.5 0.084
    54           abn       13.1 0.047      7.1 0.953
    56           abn       15.9 0.015      7.5 0.985
    58           abn       10.4 0.322      8.9 0.678
    60           norm      13.4 0.510     13.5 0.490
    62           abn       20.9 0.011     12.0 0.989
    64           norm       3.4 0.583      4.1 0.417
    66           abn       22.5 0.016     14.3 0.984
    68           abn       15.2 0.029      8.1 0.971
    70           abn        8.5 0.214      5.9 0.786
    72           abn       10.2 0.084      5.4 0.916
    74           abn        7.4 0.248      5.2 0.752
    76           norm       5.5 0.898      9.9 0.102
    78           abn        6.8 0.299      5.1 0.701
    80           abn       16.6 0.463     16.3 0.537
    82           abn       10.6 0.044      4.5 0.956
    84           abn       17.7 0.070     12.5 0.930
    86           abn       16.7 0.033      9.9 0.967
    88           abn        7.6 0.218      5.0 0.782
    90           abn       14.4 0.012      5.5 0.988
    92           abn        7.0 0.460      6.7 0.540
    94           abn       19.8 0.078     14.9 0.922
    96           abn       15.5 0.051      9.6 0.949
    98           abn      106.0 0.000     90.6 1.000
   100           abn       24.4 0.004     13.3 0.996
   102           abn       36.5 0.005     26.1 0.995
   104           abn       31.2 0.090     26.6 0.910
   106           abn       11.1 0.084      6.3 0.916
   108           abn       16.8 0.039     10.4 0.961
   110           abn       10.4 0.337      9.1 0.663
   112           abn       60.1 0.012     51.2 0.988
   114           abn       22.5 0.005     12.0 0.995
   116           abn        5.1 0.363      4.0 0.637
   988           abn       11.0 0.211      8.3 0.789
   990           abn       20.3 0.018     12.3 0.982
   992           abn       17.7 0.034     11.0 0.966
   994           norm       5.2 0.843      8.5 0.157
   996           abn        7.2 0.131      3.4 0.869
   998           norm       4.0 0.875      7.9 0.125
  1000           norm      15.9 0.946     21.6 0.054
  1002           abn        5.8 0.285      4.0 0.715
  1004           abn        7.7 0.103      3.4 0.897
  1006           abn       10.3 0.167      7.1 0.833
  1008           norm       6.8 0.740      8.9 0.260
  1010           abn       28.5 0.004     17.3 0.996
  1012           abn       11.7 0.496     11.7 0.504
  1014           norm       8.1 0.795     10.8 0.205
  1016           norm      16.4 0.925     21.5 0.075
  1018           abn       13.8 0.419     13.1 0.581
  1020           norm       8.7 0.944     14.3 0.056
  1022           norm       9.5 0.962     15.9 0.038
  1024           norm       6.0 0.781      8.5 0.219
  1026           abn       19.2 0.097     14.8 0.903
  1028           norm       4.2 0.963     10.7 0.037
  1030           abn       14.9 0.140     11.3 0.860
  1032           norm       6.2 0.589      6.9 0.411
  1034           norm       4.7 0.970     11.7 0.030
  1036           abn       12.2 0.321     10.7 0.679
  1038           abn        9.2 0.354      8.0 0.646
  1040           norm       8.3 0.530      8.5 0.470
  1042           norm       5.8 0.944     11.4 0.056
  1044           abn       41.8 0.006     31.7 0.994
  1050           abn       62.9 0.003     51.1 0.997
  1112           abn       15.1 0.142     11.5 0.858
  1116           norm       5.2 0.737      7.3 0.263
  1126           abn       14.7 0.033      7.9 0.967
  1134           abn       15.3 0.181     12.3 0.819

 EIGENVALUES 

                  0.89238

 CUMULATIVE PROPORTION OF TOTAL DISPERSION

                  1.00000


                    MULTIVARIATE TESTS
                                                          F APPROXIMATION
     STATISTICS                   VALUE           F     D.F.     D.F.   P-VALUE

 WILKS' LAMBDA                  0.52844      30.51939    10      342.00  0.0000
    D.F.    10     1   351

 PILLAI'S TRACE                 0.47156      30.51939    10      342     0.0000

 HOTELLING-LAWLEY TRACE         0.89238      30.51939    10.00   342     0.0000

 ROY'S MAXIMUM ROOT             0.89238

     TABLES ARE AVAILABLE FOR ROY'S TEST:  MORRISON (1976)


 CANONICAL CORRELATIONS

                  0.68671

 AVERAGE SQUARED CANONICAL CORRELATION             0.47156

 VARIABLE      COEFFICIENTS FOR CANONICAL VARIABLES
 
 660 MCoF1F2S     0.36382
 679 MCoF7F8D     0.54842
 720 MCoO1O2B     0.22860
 715 MCoHeadA    -0.24084
 666 MCoT3T4S     0.23683
1333 MIaO1F7T    -0.51886
1367 MIcF1F3T     0.21757
1348 MIaF4O2B     0.43049
1339 MIaF3O1A    -0.32953
1322 MIaF8T6D    -0.26072

               STANDARDIZED  (BY POOLED WITHIN-GROUP VARIANCES)
 VARIABLE      COEFFICIENTS FOR CANONICAL VARIABLES
 
 660 MCoF1F2S     0.47218
 679 MCoF7F8D     0.35270
 720 MCoO1O2B     0.30561
 715 MCoHeadA    -0.24167
 666 MCoT3T4S     0.27424
1333 MIaO1F7T    -0.53473
1367 MIcF1F3T     0.21600
1348 MIaF4O2B     0.41878
1339 MIaF3O1A    -0.37368
1322 MIaF8T6D    -0.23258

 CONSTANT        -1.61938

 GROUP        CANONICAL VARIABLES EVALUATED AT GROUP MEANS

     norm         0.55926
     abn         -1.58660
     add2         0.49581
     asd2        -1.35114
 
 NUMBER OF INTEGER WORDS USED IN PRECEDING SUBPROBLEM   24358
 


 END OF INSTRUCTIONS

 PROGRAM TERMINATED
