 
 BMDP7M - STEPWISE DISCRIMINANT ANALYSIS.

 Copyright 1977, 1979, 1981, 1982, 1983, 1985, 1987, 1988, 1990, 1993
                  by BMDP Statistical Software, Inc.

   Statistical Solutions Ltd.     | Statistical Solutions
   8 South Bank, Crosse's Green   | Stonehill Corporate Center, Suite 104
   Cork, Ireland                  | 999 Broadway, Saugus, MA 01906, USA
   Phone: + 353 21 4319629        | Phone: 781.231.7680
   Fax:   + 353 21 4319630        | Fax:   781.231.7684
   e-mail:  sales@statsol.ie      | e-mail: info@statsolusa.com
   Website: http://www.statsol.ie | Website: http://www.statsolusa.com

 Release: 8.0  (Windows 9x, 2000, Me, Xp)         Date: 01/28/09  at 14:34:19
  Manual: BMDP Manual Volumes 1, 2, and 3.
  Digest: BMDP User's Digest.
  IBM PC: BMDP PC Supplement -- Installation and Special Features.

 PROGRAM INSTRUCTIONS

 /PROBLEM        Title is 'norm iq kid-2way'.    
 /INPUT          File is 'allkids.bmdp'. 
 		Code is eeg.  
 /transform       if(diag=8 and split1=1)then noradd=1.  
 	  if(diag=8 and split1=2)then noradd=3.
 	  if(diag=3 and split1=1)then noradd=2.
 	  if(diag=3 and split1=2)then noradd=4.
 	  if(diag=4 and split1=1)then noradd=2.
 	  if(diag=4 and split1=2)then noradd=4.
 	  if(diag=5 and split1=1)then noradd=2.
 	  if(diag=5 and split1=2)then noradd=4.
           if(diag=10 and split1=1)then noradd=2.
 	  if(diag=10 and split1=2)then noradd=4.       
           if(diag=18 and split1=1)then noradd=2.
 	  if(diag=18 and split1=2)then noradd=4.       
           /VARIABLES	Use =10,22,147,306,
           798,1049,1374,
           1357,1341,726,
                 noradd. 
  		Grouping is noradd.  
                 add=new.
 /GROUP          Codes(noradd) are 1,2,3,4.      
   		Names(noradd) are norm,abn,norm2,abn2.      
                 use = 1,2.      
 /DISCRIMINANT	Enter = 1.00.     
 		Remove = 0.96.
                 jackknife.      
 /PRINT		No corr. no with. no step. No point.    
 /PLOT		No Canon.
 /END    

 ***** TRAN     PARAGRAPH IS USED *****

    NEW VARIABLES DEFINED IN TRAN     PARAGRAPH
        noradd  

 PROBLEM TITLE IS
 norm iq kid-2way

 NUMBER OF VARIABLES TO READ . . . . . . . . . .    1619
 NUMBER OF VARIABLES ADDED BY TRANSFORMATIONS. .       1
 TOTAL NUMBER OF VARIABLES . . . . . . . . . . .    1620
 CASE LABELING VARIABLES . . . . . . . . . . . .                  
 NUMBER OF CASES TO READ . . . . . . . . . . . . TO END 
 MISSING VALUES CHECKED BEFORE OR AFTER TRANS. . NEITHER
 BLANKS IN THE DATA ARE TREATED AS   . . . . . . MISSING
 INPUT FILE. . .allkids.bmdp     
 REWIND INPUT UNIT PRIOR TO READING. . DATA. . .     YES
 NUMBER OF INTEGER WORDS OF MEMORY FOR STORAGE . 1000000

 INPUT BMDP FILE 
 CODE. . . IS     eeg    
 CONTENT . IS     DATA   
 LABEL . . IS    
 01/21/09                15:38:02
 VARIABLES       
      1 var1        2 Age         3 BReC3CzD    4 BReC4CzD    5 BReT3T5D 
      6 BReT4T6D    7 BReP3O1D    8 BReP4O2D    9 BReF7T3D   10 BReF8T4D 
     11 BReHeadD   12 BReLHemD   13 BReRHemD   14 BRePostD   15 BReAntD  
     16 BReC3CzT   17 BReC4CzT   18 BReT3T5T   19 BReT4T6T   20 BReP3O1T 
     21 BReP4O2T   22 BReF7T3T   23 BReF8T4T   24 BReHeadT   25 BReLHemT 
     26 BReRHemT   27 BRePostT   28 BReAntT    29 BReC3CzA   30 BReC4CzA 
     31 BReT3T5A   32 BReT4T6A   33 BReP3O1A   34 BReP4O2A   35 BReF7T3A 
     36 BReF8T4A   37 BReHeadA   38 BReLHemA   39 BReRHemA   40 BRePostA 
     41 BReAntA    42 BReC3CzB   43 BReC4CzB   44 BReT3T5B   45 BReT4T6B 
     46 BReP3O1B   47 BReP4O2B   48 BReF7T3B   49 BReF8T4B   50 BReHeadB 
     51 BReLHemB   52 BReRHemB   53 BRePostB   54 BReAntB    55 BReC3CzL 
     56 BReC4CzL   57 BReT3T5L   58 BReT4T6L   59 BReP3O1L   60 BReP4O2L 
     61 BReF7T3L   62 BReF8T4L   63 BReHeadL   64 BReLHemL   65 BReRHemL 
     66 BRePostL   67 BReAntL    68 BReC3CzC   69 BReC4CzC   70 BReT3T5C 
     71 BReT4T6C   72 BReP3O1C   73 BReP4O2C   74 BReF7T3C   75 BReF8T4C 
     76 BReHeadC   77 BReLHemC   78 BReRHemC   79 BRePostC   80 BReAntC  
     81 BBFC3Cz    82 BBFC4Cz    83 BBFT3T5    84 BBFT4T6    85 BBFP3O1  
     86 BBFP4O2    87 BBFF7T3    88 BBFF8T4    89 BBFHead    90 BBFLHem  
     91 BBFRHem    92 BBFPost    93 BBFAnt     94 BMLC3Cz    95 BMLC4Cz  
     96 BMLT3T5    97 BMLT4T6    98 BMLP3O1    99 BMLP4O2   100 BMLF7T3  
    101 BMLF8T4   102 BMLHead   103 BMLLHem   104 BMLRHem   105 BMLPost  
    106 BMLAnt    107 BFDC3Cz   108 BFDC4Cz   109 BFDT3T5   110 BFDT4T6  
    111 BFDP3O1   112 BFDP4O2   113 BFDF7T3   114 BFDF8T4   115 BFDHead  
    116 BFDLHem   117 BFDRHem   118 BFDPost   119 BFDAnt    120 BAbC3CzS 
    121 BAbC4CzS  122 BAbT3T5S  123 BAbT4T6S  124 BAbP3O1S  125 BAbP4O2S 
    126 BAbF7T3S  127 BAbF8T4S  128 BAbHeadS  129 BAbLHemS  130 BAbRHemS 
    131 BAbPostS  132 BAbAntS   133 BAsCentS  134 BAsTempS  135 BAsPOccS 
    136 BAsFTS    137 BAsHeadS  138 BAsPostS  139 BAsAntS   140 BCoCentD 
    141 BCoTempD  142 BCoPOccD  143 BCoFTD    144 BCoHeadD  145 BCoPostD 
    146 BCoAntD   147 BCoCentT  148 BCoTempT  149 BCoPOccT  150 BCoFTT   
    151 BCoHeadt  152 BCoPostT  153 BCoAntT   154 BCoCentA  155 BCoTempA 
    156 BCoPOccA  157 BCoFTA    158 BCoheadA  159 BCoPostA  160 BCoAntA  
    161 BCoCentB  162 BCoTempB  163 BCoPOccB  164 BCoFTB    165 BCoHeadB 
    166 BCoPostB  167 BCoAntB   168 BCoCentC  169 BCoTempC  170 BCoPOccC 
    171 BCoFTC    172 BCoHeadC  173 BCoPostC  174 BCoAntC   175 BAsCentD 
    176 BAsTempD  177 BAsPOccD  178 BAsFTD    179 BAsHeadD  180 BAsPostD 
    181 BAsAntD   182 BAsCentT  183 BAsTempT  184 BAsPOccT  185 BAsFTT   
    186 BAsHeadT  187 BAsPostT  188 BAsAntT   189 BAsCentA  190 BAsTempA 
    191 BAsPOccA  192 BAsFTA    193 BAsHeadA  194 BAsPostA  195 BAsAntA  
    196 BAsCentB  197 BAsTempB  198 BAsPOccB  199 BAsFTB    200 BAsHeadB 
    201 BAsPostB  202 BAsAntB   203 BAsCentC  204 BAsTempC  205 BAsPOccC 
    206 BAsFTC    207 BAsHeadC  208 BAsPostC  209 BAsAntC   210 BMFC3CzS 
    211 BMFC4CzS  212 BMFT3T5S  213 BMFT4T6S  214 BMFP3O1S  215 BMFP4O2S 
    216 BMFF7T3S  217 BMFF8T4S  218 BMFHeadS  219 BMFLHemS  220 BMFRHemS 
    221 BMFPostS  222 BMFAntS   223 BMFC3CzD  224 BMFC4CzD  225 BMFT3T5D 
    226 BMFT4T6D  227 BMFP3O1D  228 BMFP4O2D  229 BMFF7T3D  230 BMFF8T4D 
    231 BMFHeadD  232 BMFLHemD  233 BMFRHemD  234 BMFPostD  235 BMFAntD  
    236 BMFC3CzT  237 BMFC4CzT  238 BMFT3T5T  239 BMFT4T6T  240 BMFP3O1T 
    241 BMFP4O2T  242 BMFF7T3T  243 BMFF8T4T  244 BMFHeadT  245 BMFLHemT 
    246 BMFRHemT  247 BMFPostT  248 BMFAntT   249 BMFC3CzA  250 BMFC4CzA 
    251 BMFT3T5A  252 BMFT4T6A  253 BMFP3O1A  254 BMFP4O2A  255 BMFF7T3A 
    256 BMFF8T4A  257 BMFHeadA  258 BMFLHemA  259 BMFRHemA  260 BMFPostA 
    261 BMFAntA   262 BMFC3CzB  263 BMFC4CzB  264 BMFT3T5B  265 BMFT4T6B 
    266 BMFP3O1B  267 BMFP4O2B  268 BMFF7T3B  269 BMFF8T4B  270 BMFHeadB 
    271 BMFLHemB  272 BMFRHemB  273 BMFPostB  274 BMFAntB   275 BMFC3CzC 
    276 BMFC4CzC  277 BMFT3T5C  278 BMFT4T6C  279 BMFP3O1C  280 BMFP4O2C 
    281 BMFF7T3C  282 BMFF8T4C  283 BMFHeadC  284 BMFLHemC  285 BMFRHemC 
    286 BMFPostC  287 BMFAntC   288 MReF1D    289 MReF2D    290 MReF3D   
    291 MReF4D    292 MReC3D    293 MReC4D    294 MReP3D    295 MReP4D   
    296 MReO1D    297 MReO2D    298 MReF7D    299 MReF8D    300 MReT3D   
    301 MReT4D    302 MReT5D    303 MReT6D    304 MReFzD    305 MReCzD   
    306 MRePzD    307 MReLLatD  308 MReRLatD  309 MReLMedD  310 MReRMedD 
    311 MReLAntD  312 MReRAntD  313 MReLCenD  314 MReRCenD  315 MReLPosD 
    316 MReRPosD  317 MReLHemD  318 MReRHemD  319 MReMidD   320 MReAntD  
    321 MReCentD  322 MRePostD  323 MReHeadD  324 MReF1T    325 MReF2T   
    326 MReF3T    327 MReF4T    328 MReC3T    329 MReC4T    330 MReP3T   
    331 MReP4T    332 MReO1T    333 MReO2T    334 MReF7T    335 MReF8T   
    336 MReT3T    337 MReT4T    338 MReT5T    339 MReT6T    340 MReFzT   
    341 MReCzT    342 MRePzT    343 MReLLatT  344 MReRLatT  345 MReLMedT 
    346 MReRMedT  347 MReLAntT  348 MReRAntT  349 MReLCenT  350 MReRCenT 
    351 MReLPosT  352 MReRPosT  353 MReLHemT  354 MReRHemT  355 MReMidT  
    356 MReAntT   357 MReCentT  358 MRePostT  359 MReHeadT  360 MReF1A   
    361 MReF2A    362 MReF3A    363 MReF4A    364 MReC3A    365 MReC4A   
    366 MReP3A    367 MReP4A    368 MReO1A    369 MReO2A    370 MReF7A   
    371 MReF8A    372 MReT3A    373 MReT4A    374 MReT5A    375 MReT6A   
    376 MReFzA    377 MReCzA    378 MRePzA    379 MReLLatA  380 MReRLatA 
    381 MReLMedA  382 MReRMedA  383 MReLAntA  384 MReRAntA  385 MReLCenA 
    386 MReRCenA  387 MReLPosA  388 MReRPosA  389 MReLHemA  390 MReRHemA 
    391 MReMidA   392 MReAntA   393 MReCentA  394 MRePostA  395 MReHeadA 
    396 MReF1B    397 MReF2B    398 MReF3B    399 MReF4B    400 MReC3B   
    401 MReC4B    402 MReP3B    403 MReP4B    404 MReO1B    405 MReO2B   
    406 MReF7B    407 MReF8B    408 MReT3B    409 MReT4B    410 MReT5B   
    411 MReT6B    412 MReFzB    413 MReCzB    414 MRePzB    415 MReLLatB 
    416 MReRLatB  417 MReLMedB  418 MReRMedB  419 MReLAntB  420 MReRAntB 
    421 MReLCenB  422 MReRCenB  423 MReLPosB  424 MReRPosB  425 MReLHemB 
    426 MReRHemB  427 MReMidB   428 MReAntB   429 MReCentB  430 MRePostB 
    431 MReHeadB  432 MReF1L    433 MReF2L    434 MReF3L    435 MReF4L   
    436 MReC3L    437 MReC4L    438 MReP3L    439 MReP4L    440 MReO1L   
    441 MReO2L    442 MReF7L    443 MReF8L    444 MReT3L    445 MReT4L   
    446 MReT5L    447 MReT6L    448 MReFzL    449 MReCzL    450 MRePzL   
    451 MReLLatL  452 MReRLatL  453 MReLMedL  454 MReRMedL  455 MReLAntL 
    456 MReRAntL  457 MReLCenL  458 MReRCenL  459 MReLPosL  460 MReRPosL 
    461 MReLHemL  462 MReRHemL  463 MReMidL   464 MReAntL   465 MReCentL 
    466 MRePostL  467 MReHeadL  468 MReF1C    469 MReF2C    470 MReF3C   
    471 MReF4C    472 MReC3C    473 MReC4C    474 MReP3C    475 MReP4C   
    476 MReO1C    477 MReO2C    478 MReF7C    479 MReF8C    480 MReT3C   
    481 MReT4C    482 MReT5C    483 MReT6C    484 MReFzC    485 MReCzC   
    486 MRePzC    487 MReLLatC  488 MReRLatC  489 MReLMedC  490 MReRMedC 
    491 MReLAntC  492 MReRAntC  493 MReLCenC  494 MReRCenC  495 MReLPosC 
    496 MReRPosC  497 MReLHemC  498 MReRHemC  499 MReMidC   500 MReAntC  
    501 MRCentC   502 MRPostC   503 MRHeadC   504 MBFF1     505 MBFF2    
    506 MBFF3     507 MBFF4     508 MBFC3     509 MBFC4     510 MBFP3    
    511 MBFP4     512 MBFO1     513 MBFO2     514 MBFF7     515 MBFF8    
    516 MBFT3     517 MBFT4     518 MBFT5     519 MBFT6     520 MBFFz    
    521 MBFCz     522 MBFPz     523 MBFLLat   524 MBFRLat   525 MBFLMed  
    526 MBFRMed   527 MBFLAnt   528 MBFRAnt   529 MBFLCen   530 MBFRCen  
    531 MBFLPos   532 MBFRPos   533 MBFLHem   534 MBFRHem   535 MBFMid   
    536 MBFAnt    537 MBFCent   538 MBFPost   539 MBFHead   540 MMLF1    
    541 MMLF2     542 MMLF3     543 MMLF4     544 MMLC3     545 MMLC4    
    546 MMLP3     547 MMLP4     548 MMLO1     549 MMLO2     550 MMLF7    
    551 MMLF8     552 MMLT3     553 MMLT4     554 MMLT5     555 MMLT6    
    556 MMLFz     557 MMLCz     558 MMLPz     559 MMLLLat   560 MMLRLat  
    561 MMLLMed   562 MMLRMed   563 MMLLAnt   564 MMLRAnt   565 MMLLCen  
    566 MMLRCen   567 MMLLPos   568 MMLRPos   569 MMLLHem   570 MMLRHem  
    571 MMLMid    572 MMLAnt    573 MMLCent   574 MMLPost   575 MMLHead  
    576 MAsF1F2S  577 MAsF3F4S  578 MAsC3C4S  579 MAsP3P4S  580 MAsO1O2S 
    581 MAsF7F8S  582 MAsT3T4S  583 MAsT5T6S  584 MAsLatS   585 MAsMedS  
    586 MAsAntS   587 MAsCentS  588 MAsPostS  589 MAsHeadS  590 MAsF1F2D 
    591 MAsF3F4D  592 MAsC3C4D  593 MAsP3P4D  594 MAsO1O2D  595 MAsF7F8D 
    596 MAsT3T4D  597 MAsT5T6D  598 MAsLatD   599 MAsMedD   600 MAsAntD  
    601 MAsCentD  602 MAsPostD  603 MAsHeadD  604 MAsF1F2T  605 MAsF3F4T 
    606 MAsC3C4T  607 MAsP3P4T  608 MAsO1O2T  609 MAsF7F8T  610 MAsT3T4T 
    611 MAsT5T6T  612 MAsLatT   613 MAsMedT   614 MAsAntT   615 MAsCentT 
    616 MAsPostT  617 MAsHeadT  618 MAsF1F2A  619 MAsF3F4A  620 MAsC3C4A 
    621 MAsP3P4A  622 MAsO1O2A  623 MAsF7F8A  624 MAsT3T4A  625 MAsT5T6A 
    626 MAsLatA   627 MAsMedA   628 MAsAntA   629 MAsCentA  630 MAsPostA 
    631 MAsHeadA  632 MAsF1F2B  633 MAsF3F4B  634 MAsC3C4B  635 MAsP3P4B 
    636 MAsO1O2B  637 MAsF7F8B  638 MAsT3T4B  639 MAsT5T6B  640 MAsLatB  
    641 MAsMedB   642 MAsAntB   643 MAsCentB  644 MAsPostB  645 MAsHeadB 
    646 MAsF1F2C  647 MAsF3F4C  648 MAsC3C4C  649 MAsP3P4C  650 MAsO1O2C 
    651 MAsF7F8C  652 MAsT3T4C  653 MAsT5T6C  654 MAsLatC   655 MAsMedC  
    656 MAsAntC   657 MAsCentC  658 MAsPostC  659 MAsHeadC  660 MCoF1F2S 
    661 MCoF3F4S  662 MCoC3C4S  663 MCoP3P4S  664 MCoO1O2S  665 MCoF7F8S 
    666 MCoT3T4S  667 MCoT5T6S  668 MCoLatS   669 MCoMedS   670 MCoAntS  
    671 MCoCentS  672 MCoPostS  673 MCoHeadS  674 MCoF1F2D  675 MCoF3F4D 
    676 MCoC3C4D  677 MCoP3P4D  678 MCoO1O2D  679 MCoF7F8D  680 MCoT3T4D 
    681 MCoT5T6D  682 MCoLatD   683 MCoMedD   684 MCoAntD   685 MCoCentD 
    686 MCoPostD  687 MCoHeadD  688 MCoF1F2T  689 MCoF3F4T  690 MCoC3C4T 
    691 MCoP3P4T  692 MCoO1O2T  693 MCoF7F8T  694 MCoT3T4T  695 MCoT5T6T 
    696 MCoLatT   697 MCoMedT   698 MCoAntT   699 MCoCentT  700 MCoPostT 
    701 MCoHeadT  702 MCoF1F2A  703 MCoF3F4A  704 MCoC3C4A  705 MCoP3P4A 
    706 MCoO1O2A  707 MCoF7F8A  708 MCoT3T4A  709 MCoT5T6A  710 MCoLatA  
    711 MCoMedA   712 MCoAntA   713 MCoCentA  714 MCoPostA  715 MCoHeadA 
    716 MCoF1F2B  717 MCoF3F4B  718 MCoC3C4B  719 MCoP3P4B  720 MCoO1O2B 
    721 MCoF7F8B  722 MCoT3T4B  723 MCoT5T6B  724 MCoLatB   725 MCoMedB  
    726 MCoAntB   727 MCoCentB  728 MCoPostB  729 MCoHeadB  730 MCoF1F2C 
    731 MCoF3F4C  732 MCoC3C4C  733 MCoP3P4C  734 MCoO1O2C  735 MCoF7F8C 
    736 MCoT3T4C  737 MCoT5T6C  738 MCoLatC   739 MCoMedC   740 MCoAntC  
    741 MCoCentC  742 MCoPostC  743 MCoHeadC  744 MMFF1S    745 MMFF2S   
    746 MMFF3S    747 MMFF4S    748 MMFC3S    749 MMFC4S    750 MMFP3S   
    751 MMFP4S    752 MMFO1S    753 MMFO2S    754 MMFF7S    755 MMFF8S   
    756 MMFT3S    757 MMFT4S    758 MMFT5S    759 MMFT6S    760 MMFFzS   
    761 MMFCzS    762 MMFPzS    763 MMFLLatS  764 MMFRLatS  765 MMFLMedS 
    766 MMFRMedS  767 MMFLAntS  768 MMFRAntS  769 MMFLCenS  770 MMFRCenS 
    771 MMFLPosS  772 MMFRPosS  773 MMFLHemS  774 MMFRHemS  775 MMFMidS  
    776 MMFAntS   777 MMFCentS  778 MMFPostS  779 MMFHeadS  780 MMFF1D   
    781 MMFF2D    782 MMFF3D    783 MMFF4D    784 MMFC3D    785 MMFC4D   
    786 MMFP3D    787 MMFP4D    788 MMFO1D    789 MMFO2D    790 MMFF7D   
    791 MMFF8D    792 MMFT3D    793 MMFT4D    794 MMFT5D    795 MMFT6D   
    796 MMFFzD    797 MMFCzD    798 MMFPzD    799 MMFLLatD  800 MMFRLatD 
    801 MMFLMedD  802 MMFRMedD  803 MMFLAntD  804 MMFRAntD  805 MMFLCenD 
    806 MMFRCenD  807 MMFLPosD  808 MMFRPosD  809 MMFLHemD  810 MMFRHemD 
    811 MMFMidD   812 MMFAntD   813 MMFCentD  814 MMFPostD  815 MMFHeadD 
    816 MMFF1T    817 MMFF2T    818 MMFF3T    819 MMFF4T    820 MMFC3T   
    821 MMFC4T    822 MMFP3T    823 MMFP4T    824 MMFO1T    825 MMFO2T   
    826 MMFF7T    827 MMFF8T    828 MMFT3T    829 MMFT4T    830 MMFT5T   
    831 MMFT6T    832 MMFFzT    833 MMFCzT    834 MMFPzT    835 MMFLLatT 
    836 MMFRLatT  837 MMFLMedT  838 MMFRMedT  839 MMFLAntT  840 MMFRAntT 
    841 MMFLCenT  842 MMFRCenT  843 MMFLPosT  844 MMFRPosT  845 MMFLHemT 
    846 MMFRHemT  847 MMFMidT   848 MMFAntT   849 MMFCentT  850 MMFPostT 
    851 MMFHeadT  852 MMFF1A    853 MMFF2A    854 MMFF3A    855 MMFF4A   
    856 MMFC3A    857 MMFC4A    858 MMFP3A    859 MMFP4A    860 MMFO1A   
    861 MMFO2A    862 MMFF7A    863 MMFF8A    864 MMFT3A    865 MMFT4A   
    866 MMFT5A    867 MMFT6A    868 MMFFzA    869 MMFCzA    870 MMFPzA   
    871 MMFLLatA  872 MMFRLatA  873 MMFLMedA  874 MMFRMedA  875 MMFLAntA 
    876 MMFRAntA  877 MMFLCenA  878 MMFRCenA  879 MMFLPosA  880 MMFRPosA 
    881 MMFLHemA  882 MMFRHemA  883 MMFMidA   884 MMFAntA   885 MMFCentA 
    886 MMFPostA  887 MMFHeadA  888 MMFF1B    889 MMFF2B    890 MMFF3B   
    891 MMFF4B    892 MMFC5B    893 MMFC4B    894 MMFP3B    895 MMFP4B   
    896 MMFO1B    897 MMFO2B    898 MMFF7B    899 MMFF8B    900 MMFT3B   
    901 MMFT4B    902 MMFT5B    903 MMFT6B    904 MMFFzB    905 MMFCzB   
    906 MMFPzB    907 MMFLLatB  908 MMFRLatB  909 MMFLMedB  910 MMFRMedB 
    911 MMFLAntB  912 MMFRAntB  913 MMFLCenB  914 MMFRCenB  915 MMFLPosB 
    916 MMFRPosB  917 MMFLHemB  918 MMFRHemB  919 MMFMidB   920 MMFAntB  
    921 MMFCentB  922 MMFPostB  923 MMFHeadB  924 MMFF1C    925 MMFF2C   
    926 MMFF3C    927 MMFF4C    928 MMFC3C    929 X(929)    930 MMFP3C   
    931 MMFP4C    932 MMFO1C    933 MMFO2C    934 MMFF7C    935 MMFF8C   
    936 MMFT3C    937 MMFT4C    938 MMFT5C    939 MMFT6C    940 MMFFzC   
    941 MMFCzC    942 MMFPzC    943 MMFLLatC  944 MMFRLatC  945 MMFLMedC 
    946 MMFRMedC  947 MMFLAntC  948 MMFRAntC  949 MMFLCenC  950 MMFRCenC 
    951 MMFLPosC  952 MMFRPosC  953 MMFLHemC  954 MMFRHemC  955 MMFMidC  
    956 MMFAntC   957 MMFCentC  958 MMFPostC  959 MMFHeadC  960 MAbF1S   
    961 MAbF2S    962 MAbF3S    963 MAbF4S    964 MAbC3S    965 MAbC4S   
    966 MAbP3S    967 MAbP4S    968 MAbO1S    969 MAbO2S    970 MAbF7S   
    971 MAbF8S    972 MAbT3S    973 MAbT4S    974 MAbT5S    975 MAbT6S   
    976 MAbFzS    977 MAbCzS    978 MAbPzS    979 MAbLLatS  980 MAbRLatS 
    981 MAbLMedS  982 MAbRMedS  983 MAbLAntS  984 MAbRAntS  985 MAbLCenS 
    986 MAbRCenS  987 MAbLPosS  988 MAbRPosS  989 MAbLHemS  990 MAbRHemS 
    991 MAbMidS   992 MAbAntS   993 MAbCentS  994 MAbPostS  995 MAbHeadS 
    996 MAbF1D    997 MAbF2D    998 MAbF3D    999 MAbF4D   1000 MAbC3D   
   1001 MAbC4D   1002 MAbP3D   1003 MAbP4D   1004 MAbO1D   1005 MAbO2D   
   1006 MAbF7D   1007 MAbF8D   1008 MAbT3D   1009 MAbT4D   1010 MAbT5D   
   1011 MAbT6D   1012 MAbFzD   1013 MAbCzD   1014 MAbPzD   1015 MAbLLatD 
   1016 MAbRLatD 1017 MAbLMedD 1018 MAbRMedD 1019 MAbLAntD 1020 MAbRAntD 
   1021 MAbLCenD 1022 MAbRCenD 1023 MAbLPosD 1024 MAbRPosD 1025 MAbLHemD 
   1026 MAbRHemD 1027 MAbMidD  1028 MAbAntD  1029 MAbCentD 1030 MAbPostD 
   1031 MAbHeadD 1032 MAbF1T   1033 MAbF2T   1034 MAbF3T   1035 MAbF4T   
   1036 MAbC3T   1037 MAbC4T   1038 MAbP3T   1039 MAbP4T   1040 MAbO1T   
   1041 MAbO2T   1042 MAbF7T   1043 MAbF8T   1044 MAbT3T   1045 MAbT4T   
   1046 MAbT5T   1047 MAbT6T   1048 MAbFzT   1049 MAbCzT   1050 MAbPzT   
   1051 MAbLLatT 1052 MAbRLatT 1053 MAbLMedT 1054 MAbRMedT 1055 MAbLAntT 
   1056 MAbRAntT 1057 MAbLCenT 1058 MAbRCenT 1059 MAbLPosT 1060 MAbRPosT 
   1061 MAbLHemT 1062 MAbRHemT 1063 MAbMidT  1064 MAbAntT  1065 MAbCentT 
   1066 MAbPostT 1067 MAbHeadT 1068 MAbF1A   1069 MAbF2A   1070 MAbF3A   
   1071 MAbF4A   1072 MAbC3A   1073 MAbC4A   1074 MAbP3A   1075 MAbP4A   
   1076 MAbO1A   1077 MAbO2A   1078 MAbF7A   1079 MAbF8A   1080 MAbT3A   
   1081 MAbT4A   1082 MAbT5A   1083 MAbT6A   1084 MAbFzA   1085 MAbCzA   
   1086 MAbPzA   1087 MAbLLatA 1088 MAbRLatA 1089 MAbLMedA 1090 MAbRMedA 
   1091 MAbLAntA 1092 MAbRAntA 1093 MAbLCenA 1094 MAbRCenA 1095 MAbLPosA 
   1096 MAbRPosA 1097 MAbLHemA 1098 MAbRHemA 1099 MAbMidA  1100 MAbAntA  
   1101 MAbCentA 1102 MAbPostA 1103 MAbHeadA 1104 MAbF1B   1105 MAbF2B   
   1106 MAbF3B   1107 MAbF4B   1108 MAbC3B   1109 MAbC4B   1110 MAbP3B   
   1111 MAbP4B   1112 MAbO1B   1113 MAbO2B   1114 MAbF7B   1115 MAbF8B   
   1116 MAbT3B   1117 MAbT4B   1118 MAbT5B   1119 MAbT6B   1120 MAbFzB   
   1121 MAbCzB   1122 MAbPzB   1123 MAbLLatB 1124 MAbRLatB 1125 MAbLMedB 
   1126 MAbRMedB 1127 MAbLAntB 1128 MAbRAntB 1129 MAbLCenB 1130 MAbRCenB 
   1131 MAbLPosB 1132 MAbRPosB 1133 MAbLHemB 1134 MAbRHemB 1135 MAbMidB  
   1136 MAbAntB  1137 MAbCentB 1138 MAbPostB 1139 MAbHeadB 1140 MAbF1C   
   1141 MAbF2C   1142 MAbF3C   1143 MAbF4C   1144 MAbC3C   1145 MAbC4C   
   1146 MAbP3C   1147 MAbP4C   1148 MAbO1C   1149 MAbO2C   1150 MAbF7C   
   1151 MAbF8C   1152 MAbT3C   1153 MAbT4C   1154 MAbT5C   1155 MAbT6C   
   1156 MAbFzC   1157 MAbCzC   1158 MAbPzC   1159 MAbLLatC 1160 MAbRLatC 
   1161 MAbLMedC 1162 MAbRMedC 1163 MAbLAntC 1164 MAbRAntC 1165 MAbLCenC 
   1166 MAbRCenC 1167 MAbLPosC 1168 MAbRPosC 1169 MAbLHemC 1170 MAbRHemC 
   1171 MAbMidC  1172 MAbAntC  1173 MAbCentC 1174 MAbPostC 1175 MAbHeadC 
   1176 BRMC3CZS 1177 BRMC4CzS 1178 BRMT3T5S 1179 BRMT4T6S 1180 BRMP3O1S 
   1181 BRMP4O2S 1182 BRMF7T3S 1183 BRMF8T4S 1184 BRMC3CzD 1185 BRMC4CzD 
   1186 BRMT3T5D 1187 BRMT4T6D 1188 BRMP3O1D 1189 BRMP4O2D 1190 BRMF7T3D 
   1191 BRMF8T4D 1192 BRMC3CzT 1193 BRMC4CzT 1194 BRMT3T5T 1195 BRMT4T6T 
   1196 BRMP3O1T 1197 BRMP4O2T 1198 BRMF7T3T 1199 BRMF8T4T 1200 BRMC3CzA 
   1201 BRMC4CzA 1202 BRMT3T5A 1203 BRMT4T6A 1204 BRMP3O1A 1205 BRMP4O2A 
   1206 BRMF7T3A 1207 BRMF8T4A 1208 BRMC3CzB 1209 BRMC4CzB 1210 BRMT3T5B 
   1211 BRMT4T6B 1212 BRMP3O1B 1213 BRMP4O2B 1214 BRMF7T3B 1215 BRMF8T4B 
   1216 MRMF1S   1217 MRMF2S   1218 MRMF3S   1219 MRMF4S   1220 MRMC3S   
   1221 MRMC4S   1222 MRMP3S   1223 MRMP4S   1224 MRMO1S   1225 MRMO2S   
   1226 MRMF7S   1227 MRMF8S   1228 MRMT3S   1229 MRMT4S   1230 MRMT5S   
   1231 MRMT6S   1232 MRMFzS   1233 MRMCzS   1234 MRMPzS   1235 MRMF1D   
   1236 MRMF2D   1237 MRMF3D   1238 MRMF4D   1239 MRMC3D   1240 MRMC4D   
   1241 MRMP3D   1242 MRMP4D   1243 MRMO1D   1244 MRMO2D   1245 MRMF7D   
   1246 MRMF8D   1247 MRMT3D   1248 MRMT4D   1249 MRMT5D   1250 MRMT6D   
   1251 MRMFzD   1252 MRMCzD   1253 MRMPzD   1254 MRMF1T   1255 MRMF2T   
   1256 MRMF3T   1257 MRMF4T   1258 MRMC3T   1259 MRMC4T   1260 MRMP3T   
   1261 MRMP4T   1262 MRMO1T   1263 MRMO2T   1264 MRMF7T   1265 MRMF8T   
   1266 MRMT3T   1267 MRMT4T   1268 MRMT5T   1269 MRMT6T   1270 MRMFzT   
   1271 MRMCzT   1272 MRMPzT   1273 MRMF1A   1274 MRMF2A   1275 MRMF3A   
   1276 MRMF4A   1277 MRMC3A   1278 MRMC4A   1279 MRMP3A   1280 MRMP4A   
   1281 MRMO1A   1282 MRMO2A   1283 MRMF7A   1284 MRMF8A   1285 MRMT3A   
   1286 MRMT4A   1287 MRMT5A   1288 MRMT6A   1289 MRMFzA   1290 MRMCzA   
   1291 MRMPzA   1292 MRMF1B   1293 MRMF2B   1294 MRMF3B   1295 MRMF4B   
   1296 MRMC3B   1297 MRMC4B   1298 MRMP3B   1299 MRMP4B   1300 MRMO1B   
   1301 MRMO2B   1302 MRMF7B   1303 MRMF8B   1304 MRMT3B   1305 MRMT4B   
   1306 MRMT5B   1307 MRMT6B   1308 MRMFzB   1309 MRMCzB   1310 MRMPzB   
   1311 MIaF3T5S 1312 MIaF4T6S 1313 MIaF7T5S 1314 MIaF8T6S 1315 MIaF3O1S 
   1316 MIaF4O2S 1317 MIaO1F7S 1318 MIaO2F8S 1319 MIaF3T5D 1320 MIaF4T6D 
   1321 MIaF7T5D 1322 MIaF8T6D 1323 MIaF3O1D 1324 MIaF4O2D 1325 MIaO1F7D 
   1326 MIaO2F8D 1327 MIaF3T5T 1328 MIaF4T6T 1329 MIaF7T5T 1330 MIaF8T6T 
   1331 MIaF3O1T 1332 MIaF4O2T 1333 MIaO1F7T 1334 MIaO2F8T 1335 MIaF3T5A 
   1336 MIaF4T6A 1337 MIaF7T5A 1338 MIaF8T6A 1339 MIaF3O1A 1340 MIaF4O2A 
   1341 MIaO1F7A 1342 MIaO2F8A 1343 MIaF3T5B 1344 MIaF4T6B 1345 MIaF7T5B 
   1346 MIaF8T6B 1347 MIaF3O1B 1348 MIaF4O2B 1349 MIaO1F7B 1350 MIaO2F8B 
   1351 MIaF3T5C 1352 MIaF4T6C 1353 MIaF7T5C 1354 MIaF8T6C 1355 MIaF3O1C 
   1356 MIaF4O2C 1357 MIaO1F7C 1358 MIaO2F8C 1359 MIcF1F3D 1360 MIcF2F4D 
   1361 MIcT3T5D 1362 MIcT4T6D 1363 MIcC3P3D 1364 MIcC4P4D 1365 MIcF3O1D 
   1366 MIcF4O2D 1367 MIcF1F3T 1368 MIcFpF4T 1369 MIcT3T5T 1370 MIcT4T6T 
   1371 MIcC3P3T 1372 MIcC4P4T 1373 MIcF3O1T 1374 MIcF4O2T 1375 MIcF1F3A 
   1376 MIcF2F4A 1377 MIcT3T5A 1378 MIcT4T6A 1379 MIcC3P3A 1380 MIcC4P4A 
   1381 MIcF3O1A 1382 MIcF4O2A 1383 MIcFpF3B 1384 MIcFPF4B 1385 MIcT3T5B 
   1386 MIcF4T6B 1387 MIcC3P3B 1388 MIcC4P4B 1389 MIcF3O1B 1390 MIcF4O2B 
   1391 MIcFpF3C 1392 MIcFpF4C 1393 MIcT3T5C 1394 MIcT4T6C 1395 MIcC3P3C 
   1396 MIcC4P4C 1397 MIcF3O1C 1398 MIcF4O2C 1399 FBrF1F7D 1400 FBrF2F8D 
   1401 FBrF3F7D 1402 FBrF4F8D 1403 FBrF3F1D 1404 FBrF4F2D 1405 FBrF3FZD 
   1406 FBrF4FZD 1407 FBrHeadD 1408 FBrLHemD 1409 FBrRHemD 1410 FBrF1F7T 
   1411 FBrF2F8T 1412 FBrF3F7T 1413 FBrF4F8T 1414 FBrF3F1T 1415 FBrF4F2T 
   1416 FBrF3FZT 1417 FBrF4FZT 1418 FBrHeadT 1419 FBrLHemT 1420 FBrRHemT 
   1421 FBrF1F7A 1422 FBrF2F8A 1423 FBrF3F7A 1424 FBrF4F8A 1425 FBrF3F1A 
   1426 FBrF4F2A 1427 FBrFSFZA 1428 FBrF4FZA 1429 FBrHeadA 1430 FBrLHemA 
   1431 FBrRHemA 1432 FBrF1F7B 1433 FBrF2F8B 1434 FBrF3F7B 1435 FBrF4F8B 
   1436 FBrF3F1B 1437 FBrF4F2B 1438 FBrF3FZB 1439 FBrF4FZB 1440 FBrHeadB 
   1441 FBrLHemB 1442 FBrRHemB 1443 FBrF1F7L 1444 FBrF2F8L 1445 FBrF3F7L 
   1446 FBrF4F8L 1447 FBrF3F1L 1448 FBrF4F2L 1449 FBrF3FZL 1450 FBrF4FZL 
   1451 FBrHeadL 1452 FBrLHemL 1453 FBrRHemL 1454 FBrF1F7C 1455 FBrF2F8C 
   1456 FBrF3F7C 1457 FBrF4F8C 1458 FBrF3F1C 1459 FBrF4F2C 1460 FBrF3FZC 
   1461 FBrF4FZC 1462 FBrHeadC 1463 FBBFLHem 1464 FBrRHemC 1465 FBBFF1F7 
   1466 FBBFF2F8 1467 FBBFT3T5 1468 FBBFT4T6 1469 FBBFP3O1 1470 FBBFP4O2 
   1471 FBBFF7T3 1472 FBBFHead 1473 X(1473)  1474 FBBFRHem 1475 FBBFAnt  
   1476 FBMLF1F7 1477 FBMLF2F8 1478 FBMLF3F7 1479 FBMLF4F8 1480 FBMLF3F1 
   1481 FBMLF4F2 1482 FBMLF3FZ 1483 FBMLF4FZ 1484 FBMLHead 1485 FBMLLHem 
   1486 FBFDF1F7 1487 FBFDF3F7 1488 FBFDF4F8 1489 FBFDF3F1 1490 FBFDF4F1 
   1491 FBFDF3FZ 1492 FBFDF4FZ 1493 FBFDHead 1494 FBFDLHem 1495 FBFDRHem 
   1496 AF17F28S 1497 AF37F48S 1498 AF31F42S 1499 AF3ZF4ZS 1500 FBAHeadS 
   1501 CF17F28D 1502 CF37F48D 1503 CF31F42D 1504 CF3ZF4ZD 1505 FBCHeadD 
   1506 CF17F28T 1507 CF37F48T 1508 CF31F43T 1509 CF3ZF4ZT 1510 FBCHeadt 
   1511 CF17F28A 1512 CF37F48A 1513 CF31F42A 1514 CF3ZF4ZA 1515 FBCheadA 
   1516 CF17F28B 1517 CF37F48B 1518 CF31F42B 1519 CF3ZF4ZB 1520 FBCHeadB 
   1521 CF17F28C 1522 CF37F48C 1523 CF31F42C 1524 CF3ZF4ZC 1525 FBCHeadC 
   1526 AF17F28D 1527 AF37F48D 1528 AF31F42D 1529 AF3ZF4ZD 1530 FBAHeadD 
   1531 AF17F28T 1532 AF37F48T 1533 AF31F42T 1534 AF3ZF4ZT 1535 FBAHeadT 
   1536 AF17F28A 1537 AF37F48A 1538 AF31F42A 1539 AF3ZF4ZA 1540 FBAHeadA 
   1541 AF17F28B 1542 AF37F48B 1543 AF31F42B 1544 AF3ZF4ZB 1545 FBAHeadB 
   1546 AF17F28C 1547 AF37F48C 1548 AF31F42C 1549 AF3ZF4ZC 1550 FBAHeadC 
   1551 BApC3CzD 1552 BApC4CzD 1553 BApT3T5D 1554 BApT4T6D 1555 BApP3O1D 
   1556 BApP4O2D 1557 BApF7T3D 1558 BApF8T4D 1559 BApHeadD 1560 BApLHemD 
   1561 BApRHemD 1562 BApPostD 1563 BApAntD  1564 BApC3CzT 1565 BApC4CzT 
   1566 BApT3T5T 1567 BApT4T6T 1568 BApP3O1T 1569 BApP4O2T 1570 BApF7T3T 
   1571 BApF8T4T 1572 BApHeadT 1573 BApLHemT 1574 BApRHemT 1575 BApPostT 
   1576 BApAntT  1577 BApC3CzA 1578 BApC4CzA 1579 BApT3T5A 1580 BApT4T6A 
   1581 BApP3O1A 1582 BApP4O2A 1583 BApF7T3A 1584 BApF8T4A 1585 BApHeadA 
   1586 BApLhemA 1587 BApRHemA 1588 BApPostA 1589 BApAntA  1590 BApC3CzB 
   1591 BApC4CzB 1592 BApT3T5B 1593 BApT4T6B 1594 BApP3O1B 1595 BApP4O2B 
   1596 BApF7T3B 1597 BApF8T4B 1598 BApHeadB 1599 BApLHemB 1600 BApRHemB 
   1601 BApPostB 1602 BApAntB  1603 BApC3CzC 1604 BApC4CzC 1605 BApT3T5C 
   1606 BApT4T6C 1607 BApP3O1C 1608 BApP4O2C 1609 BApF7T3C 1610 BApF8T4C 
   1611 BApHeadC 1612 BApLHemC 1613 BApRHemC 1614 BApPostC 1615 BApAntC  
   1616 diag     1617 ida      1618 idb      1619 split1 

 VARIABLES TO BE USED
     10 BReF8T4D   22 BReF7T3T  147 BCoCentT  306 MRePzD    798 MMFPzD   
   1049 MAbCzT   1374 MIcF4O2T 1357 MIaO1F7C 1341 MIaO1F7A  726 MCoAntB  
   1620 noradd   
         
  CASE   10        22       147       306       798      1049      1374      1357      1341       726      1620  
   NO. BReF8T4D  BReF7T3T  BCoCentT  MRePzD    MMFPzD    MAbCzT    MIcF4O2T  MIaO1F7C  MIaO1F7A  MCoAntB   noradd
 ----- --------- --------- --------- --------- --------- --------- --------- --------- --------- --------- --------      
     1  -1.00473  -0.27486  -0.26002  -1.26584   0.78251  -0.68797   0.71020  -0.34185  -0.88643   0.66920  MISSING      
     2  -2.19292   0.59632   1.35765  -1.35531   2.33168   2.34453   0.64207  -3.29295  -0.16789   1.46429  MISSING      
     3  -2.72160   0.17829  -1.48993  -1.88196  -0.29410  -0.77406   0.03503  -0.36116   0.40600  -0.87161  MISSING      
     4  -1.13639   1.51352   0.30231  -1.07247   0.95571   3.95542   0.96948   1.10942   0.68418   0.02078  MISSING      
     5  -1.12222   0.24315  -3.19966  -0.28924   1.62929  -1.94966  -1.73844  -0.25378   0.74143  -0.73980  MISSING      
     6  -1.91901  -2.53564   1.72380  -0.87791   1.88855  -0.93920  -0.70964  -1.46073  -0.20001   0.85667  MISSING      
     7  -0.44801  -0.18663  -0.17531   0.05211   2.64185   0.96788   0.98679   0.63429  -0.12042  -0.28602  MISSING      
     8   0.10093   1.13208  -0.84975   0.33753   1.11919  -1.25717  -0.24259   1.13539  -0.32553  -0.73145  MISSING      
     9   0.04673  -0.70149   0.41696   0.62760  -0.86605  -1.12728   0.43320   0.33415  -0.93593   0.07132  MISSING      
    10  -1.39262   0.54239  -1.47790  -0.56636   2.29387  -0.47129   1.06562  -1.07126   0.95817  -0.64013  MISSING      

 NUMBER OF CASES READ. . . . . . . . . . . . . .    1336
    CASES WITH DATA MISSING OR BEYOND LIMITS . .     505
       REMAINING NUMBER OF CASES . . . . . . . .     831



    VARIABLE        STATED VALUES FOR            GROUP CATEGORY    INTERVALS
   NO.   NAME    MINIMUM MAXIMUM MISSING   CODE  INDEX   NAME     .GT.   .LE.
  ---- --------  ------- ------- -------  ------ ----- --------  ------ -------

 1620  noradd                              1.000    1  norm    
                                           2.000    2  abn     
                                           3.000    3  norm2   
                                           4.000    4  abn2    
 ------------------------------------------------------------------------------


 GROUPING VARIABLE. . . noradd  
                                CATEGORY   FREQUENCY
                                --------   ---------
                                norm          155
                                abn           261
                                norm2         155
                                abn2          260
         
         
 DESCRIPTIVE STATISTICS OF DATA  
 ----------- ---------- -- ----  

  VARIABLE    TOTAL         STANDARD  ST.ERR   COEFF     S M A L L E S T     L A R G E S T       
  NO. NAME     FREQ.  MEAN    DEV.   OF MEAN  OF VAR  VALUE  Z-SCR  CASE  VALUE  Z-SCR  CASE  RANGE      

   10 BReF8T4D   831 -.76698  1.1739  .04072 -1.5306 -4.9798 -3.59   130  3.2232  3.40  1061  8.2030     
   22 BReF7T3T   831  .55905  1.2286  .04262  2.1977 -3.6056 -3.39   784  6.3186  4.69   120  9.9242     
  147 BCoCentT   831 -.46478  1.2915  .04480 -2.7786 -6.7532 -4.87  1047  2.7339  2.48  1098  9.4871     
  306 MRePzD     831 -.66913  1.1842  .04108 -1.7698 -4.2034 -2.98   140  3.1800  3.25   732  7.3834     
  798 MMFPzD     831  .76448  1.2407  .04304  1.6230 -2.4630 -2.60   140  6.7372  4.81   367  9.2002     
 1049 MAbCzT     831  .05373  1.1710  .04062  21.793 -4.0903 -3.54   210  4.1395  3.49   272  8.2298     
 1374 MIcF4O2T   831  .18667  1.1014  .03821  5.9001 -2.6953 -2.62   737  3.9152  3.39   386  6.6105     
 1357 MIaO1F7C   831  .26114  .99161  .03440  3.7972 -3.7746 -4.07   809  2.9408  2.70  1269  6.7154     
 1341 MIaO1F7A   831 -.46938  1.1182  .03879 -2.3824 -5.4232 -4.43  1269  3.2460  3.32   804  8.6692     
  726 MCoAntB    831  .41310  1.0081  .03497  2.4404 -3.4570 -3.84   884  3.2031  2.77   178  6.6601     

 TOLERANCE. . . . . . . . .    0.010
 F-TO-ENTER . . . . . . . .    1.000    1.000
 F-TO-REMOVE. . . . . . . .    0.960    0.960
 METHOD . . . . . . . . . .         1
 MAXIMUM FORCED LEVEL . . .         0
 MAXIMUM NUMBER OF STEPS. .        22
 GROUPING VARIABLE. . . . .      1620
 NUMBER OF GROUPS . . . . .         4
 PRIOR PROBABILITIES. . . .   0.50000   0.50000   0.00000   0.00000

     MEANS

        GROUP =   norm         abn          norm2        abn2         GPS.USED
 VARIABLE 
  10 BReF8T4D      0.08091     -1.23433     -0.06360     -1.22264     -0.74428
  22 BReF7T3T      0.05647      0.99713     -0.08641      0.80369      0.64664
 147 BCoCentT      0.06728     -0.74011     -0.03014     -0.76470     -0.43928
 306 MRePzD       -0.07375     -1.06069      0.05402     -1.06212     -0.69296
 798 MMFPzD        0.05819      1.23019     -0.09080      1.22792      0.79351
 *** MAbCzT       -0.00172      0.16656     -0.05387      0.03767      0.10386
 *** MIcF4O2T     -0.13353      0.20567      0.11557      0.40088      0.07929
 *** MIaO1F7C     -0.03530      0.48430      0.00193      0.36838      0.29070
 *** MIaO1F7A      0.01629     -0.82116      0.03605     -0.70709     -0.50913
 726 MCoAntB      -0.02058      0.68374     -0.00763      0.65079      0.42131

 COUNTS              155.         261.         155.         260.         416.

     STANDARD DEVIATIONS

        GROUP =   norm         abn          norm2        abn2         POOLED  
 VARIABLE 
  10 BReF8T4D      1.03261      0.98337      0.96336      1.05107      1.00197
  22 BReF7T3T      1.01804      1.19220      0.96487      1.25970      1.13056
 147 BCoCentT      0.93025      1.38122      1.06788      1.33716      1.23289
 306 MRePzD        0.99288      1.13780      1.02267      1.07325      1.08616
 798 MMFPzD        0.98318      1.14144      1.00273      1.13237      1.08527
 *** MAbCzT        1.01165      1.27905      0.96935      1.25006      1.18664
 *** MIcF4O2T      1.06986      1.15096      0.91558      1.12595      1.12148
 *** MIaO1F7C      1.09004      0.96868      0.91933      0.91956      1.01552
 *** MIaO1F7A      0.92766      1.05811      1.05951      1.10849      1.01155
 726 MCoAntB       0.97463      0.95767      1.03328      0.88750      0.96402

    COEFFICIENTS OF VARIATION

        GROUP =   norm         abn          norm2        abn2         POOLED  
 VARIABLE 
  10 BReF8T4D     12.76288     -0.79668    -15.14815     -0.85968     -1.34623
  22 BReF7T3T     18.02761      1.19564    -11.16560      1.56741      1.74835
 147 BCoCentT     13.82644     -1.86625    -35.42767     -1.74861     -2.80664
 306 MRePzD      -13.46185     -1.07270     18.93063     -1.01049     -1.56740
 798 MMFPzD       16.89658      0.92785    -11.04283      0.92218      1.36768
 *** MAbCzT     -588.83026      7.67937    -17.99287     33.18101     11.42558
 *** MIcF4O2T     -8.01212      5.59606      7.92255      2.80869     14.14446
 *** MIaO1F7C    -30.87919      2.00015    476.41492      2.49624      3.49334
 *** MIaO1F7A     56.96382     -1.28854     29.38706     -1.56768     -1.98681
 726 MCoAntB     -47.34789      1.40064   -135.40675      1.36373      2.28814

 ***************************************************************************
 
 STEP NUMBER   0

   VARIABLE     F TO   FORCE TOLERNCE *   VARIABLE     F TO   FORCE TOLERNCE
               REMOVE  LEVEL          *               ENTER   LEVEL
         DF =  1  415                 *         DF =  1  414
                                      *  10 BReF8T4D   167.56    1   1.00000
                                      *  22 BReF7T3T    67.32    1   1.00000
                                      * 147 BCoCentT    41.71    1   1.00000
                                      * 306 MRePzD      80.29    1   1.00000
                                      * 798 MMFPzD     113.41    1   1.00000
                                      *1049 MAbCzT       1.96    1   1.00000
                                      *1374 MIcF4O2T     8.90    1   1.00000
                                      *1357 MIaO1F7C    25.46    1   1.00000
                                      *1341 MIaO1F7A    66.65    1   1.00000
                                      * 726 MCoAntB     51.91    1   1.00000

 ***************************************************************************
 
 STEP NUMBER  10
 VARIABLE ENTERED 147 BCoCentT

   VARIABLE     F TO   FORCE TOLERNCE *   VARIABLE     F TO   FORCE TOLERNCE
               REMOVE  LEVEL          *               ENTER   LEVEL
         DF =  1  405                 *         DF =  1  404
  10 BReF8T4D    74.16    1   0.70967 *
  22 BReF7T3T    36.70    1   0.77340 *
 147 BCoCentT     4.85    1   0.92923 *
 306 MRePzD      18.66    1   0.65638 *
 798 MMFPzD      52.59    1   0.84242 *
1049 MAbCzT      36.70    1   0.66047 *
1374 MIcF4O2T     6.49    1   0.93515 *
1357 MIaO1F7C     6.85    1   0.92986 *
1341 MIaO1F7A    38.02    1   0.82861 *
 726 MCoAntB     26.75    1   0.95649 *

 U-STATISTIC(WILKS' LAMBDA) 0.3753600   DEGREES OF FREEDOM  10   1   414
 APPROXIMATE F-STATISTIC       67.396   DEGREES OF FREEDOM   10.00   405.00

  F - MATRIX        DEGREES OF FREEDOM =   10  405

             norm     abn      norm2   
 abn         67.40
 norm2        1.14    68.82
 abn2        64.44     1.21    64.67

 CLASSIFICATION FUNCTIONS   

         GROUP =   norm         abn     
 VARIABLE 
  10 BReF8T4D      0.13983     -1.42977
  22 BReF7T3T      0.03311      1.00947
 147 BCoCentT      0.04769     -0.26055
 306 MRePzD       -0.11857     -0.92165
 798 MMFPzD        0.03266      1.17887
 *** MAbCzT       -0.03268     -1.03922
 *** MIcF4O2T     -0.11662      0.27333
 *** MIaO1F7C     -0.01810      0.42535
 *** MIaO1F7A     -0.03128     -1.10267
 726 MCoAntB      -0.00592      0.88319

 CONSTANT         -0.71461     -4.18840

 CLASSIFICATION MATRIX

 GROUP     PERCENT   NUMBER OF CASES CLASSIFIED INTO GROUP -
           CORRECT
                     norm     abn     
  norm      92.9    144       11
  abn       90.8     24      237
  norm2      0.0    142       13
  abn2       0.0     35      225

 TOTAL      91.6    345      486

 JACKKNIFED CLASSIFICATION

 GROUP     PERCENT   NUMBER OF CASES CLASSIFIED INTO GROUP -
           CORRECT
                     norm     abn     
  norm      92.3    143       12
  abn       89.7     27      234
  norm2      0.0    142       13
  abn2       0.0     35      225

 TOTAL      90.6    347      484

   SUMMARY TABLE 

         VARIABLE     F VALUE TO  NO. OF                            DEGREES
 STEP    ENTERED      ENTER       VARIAB.              APPROXIMATE    OF
 NO.       REMOVED      REMOVE    INCLUDED U-STATISTIC F-STATISTIC   FREEDOM
 --- -------------- ------------- -------- ----------- ----------- -----------
   1  10 BReF8T4D       167.563        1       0.7119     167.563   1.0  414.0
   2 798 MMFPzD          91.597        2       0.5827     147.914   2.0  413.0
   31341 MIaO1F7A        56.967        3       0.5119     130.962   3.0  412.0
   4 726 MCoAntB         29.263        4       0.4779     112.275   4.0  411.0
   5  22 BReF7T3T        22.926        5       0.4525      99.197   5.0  410.0
   61049 MAbCzT          40.585        6       0.4117      97.409   6.0  409.0
   7 306 MRePzD          18.352        7       0.3940      89.657   7.0  408.0
   81357 MIaO1F7C         8.673        8       0.3858      81.010   8.0  407.0
   91374 MIcF4O2T         6.305        9       0.3799      73.648   9.0  406.0
  10 147 BCoCentT         4.850       10       0.3754      67.396  10.0  405.0

              INCORRECT             JACKKNIFED MAHALANOBIS D-SQUARE FROM AND
           CLASSIFICATIONS          POSTERIOR PROBABILITY FOR GROUP -

 GROUP  norm                  norm           abn     

   CASE  
   679           abn        6.9 0.191      4.0 0.809
   681                     11.0 0.917     15.8 0.083
   683           abn       22.0 0.030     15.0 0.970
   685                      7.0 0.996     18.2 0.004
   687                     10.0 0.999     24.7 0.001
   689                      7.2 0.999     21.8 0.001
   691                      8.2 0.913     12.9 0.087
   693                      8.9 0.999     22.7 0.001
   695                      3.8 0.947      9.6 0.053
   697                      6.7 0.977     14.2 0.023
   699                     11.0 0.996     21.8 0.004
   701                      5.2 0.998     18.1 0.002
   703                     19.7 0.983     27.8 0.017
   705                      4.3 0.972     11.4 0.028
   707                      4.4 0.996     15.7 0.004
   709                     10.5 0.996     21.5 0.004
   711                     11.0 0.998     23.6 0.002
   713                      7.7 0.989     16.7 0.011
   715                      3.8 0.983     11.9 0.017
   717                      5.3 0.988     14.1 0.012
   719                      6.8 0.998     19.0 0.002
   721                     13.0 0.999     28.1 0.001
   723                      9.7 0.981     17.7 0.019
   725           abn       11.0 0.432     10.4 0.568
   727                     10.6 0.896     14.9 0.104
   729                      6.8 0.893     11.1 0.107
   731                      6.6 0.999     20.0 0.001
   733                      7.8 0.992     17.4 0.008
   735                     10.6 0.883     14.6 0.117
   737                     30.4 0.997     41.8 0.003
   739                      7.0 0.737      9.1 0.263
   741                      6.1 0.989     15.1 0.011
   743                      6.4 0.918     11.2 0.082
   745                     11.3 1.000     26.6 0.000
   747                      9.7 0.846     13.1 0.154
   749                     12.7 0.999     27.2 0.001
   751                     13.8 0.996     24.8 0.004
   753                     12.9 0.897     17.3 0.103
   755                      5.8 0.949     11.7 0.051
   757                      3.5 0.993     13.5 0.007
   759                      3.9 0.995     14.6 0.005
   761                     10.3 0.983     18.4 0.017
   763                     12.6 0.999     25.7 0.001
   765                      4.8 0.983     12.9 0.017
   767                      5.2 0.996     16.2 0.004
   769                      5.0 0.996     16.1 0.004
   771                      4.5 0.933      9.8 0.067
   773                      6.6 0.884     10.6 0.116
   775                      8.1 0.931     13.3 0.069
   777                      8.9 0.992     18.5 0.008
   779                      7.2 0.873     11.1 0.127
   781                      6.5 0.999     20.8 0.001
   783                      8.5 0.982     16.4 0.018
   785                      8.1 0.988     16.9 0.012
   787                      1.6 0.986     10.0 0.014
   789           abn       14.0 0.182     11.0 0.818
   791                      4.2 0.982     12.3 0.018
   793                     18.7 0.651     20.0 0.349
   795                      5.7 0.992     15.3 0.008
   797                      2.5 0.967      9.3 0.033
   799                     10.0 0.820     13.1 0.180
   801                      7.5 0.998     19.9 0.002
   803                     20.1 0.967     26.9 0.033
   805                      9.5 0.981     17.4 0.019
   807                     13.0 0.996     23.9 0.004
   809                     23.9 0.758     26.2 0.242
   811                      7.8 0.985     16.2 0.015
   813                     11.0 0.957     17.2 0.043
   815                      7.1 0.997     18.8 0.003
   817                      9.0 0.993     18.8 0.007
   819                     10.5 0.746     12.7 0.254
   821                      7.1 0.975     14.3 0.025
   823                      7.7 0.948     13.5 0.052
   825                      6.4 0.980     14.2 0.020
   827                     11.7 0.510     11.7 0.490
   829                     13.1 0.996     24.1 0.004
   831                     11.0 0.997     22.9 0.003
   833                      6.1 0.831      9.3 0.169
   835                      9.1 0.995     19.5 0.005
   837                      8.7 0.896     13.0 0.104
   839                      7.4 0.887     11.5 0.113
   841                     13.3 0.855     16.9 0.145
   843                     11.9 0.995     22.4 0.005
   845                     19.6 0.535     19.9 0.465
   847                      7.3 0.521      7.5 0.479
   849                      5.7 0.715      7.5 0.285
   851                      9.8 0.995     20.4 0.005
   853                      9.1 0.882     13.2 0.118
   855           abn        9.9 0.494      9.9 0.506
   857                      7.0 0.907     11.6 0.093
   859           abn       10.6 0.019      2.7 0.981
   861                      8.8 0.712     10.6 0.288
   863                      4.8 0.993     14.8 0.007
   865                      7.4 0.995     18.0 0.005
   867                      6.2 0.986     14.7 0.014
   869                      5.9 0.998     18.7 0.002
   871                     12.2 0.987     20.9 0.013
   873                      2.6 0.997     14.0 0.003
   875                      4.4 0.995     14.9 0.005
   877                      9.3 0.817     12.3 0.183
   879                      8.0 0.949     13.8 0.051
   881                      4.1 0.982     12.1 0.018
   883           abn        8.5 0.262      6.5 0.738
   885                     17.8 0.968     24.6 0.032
   887                     10.4 0.932     15.6 0.068
   889           abn       16.5 0.046     10.5 0.954
   891                      4.6 0.838      7.9 0.162
   893                      9.3 0.958     15.5 0.042
   895           abn        7.5 0.074      2.5 0.926
   897                     15.1 0.843     18.5 0.157
   899                      5.9 0.970     12.8 0.030
   901                     15.3 0.997     27.0 0.003
   903                      8.6 0.998     20.7 0.002
   905                      7.5 0.962     14.0 0.038
   907                      5.6 0.987     14.3 0.013
   909                     10.3 0.974     17.5 0.026
   911                      6.9 0.880     10.9 0.120
   913                      4.3 0.979     12.0 0.021
   915                     12.3 0.997     24.3 0.003
   917                      7.1 0.800      9.9 0.200
   919                     10.2 0.510     10.3 0.490
   921                      4.7 0.928      9.8 0.072
   923                      6.2 0.960     12.6 0.040
   925                      7.6 0.920     12.5 0.080
   927                      9.7 0.996     20.6 0.004
   929                      6.8 0.542      7.1 0.458
   931                      6.4 0.998     19.1 0.002
   933                      8.6 0.968     15.5 0.032
   935                      9.4 0.933     14.6 0.067
   937                      6.4 0.995     16.9 0.005
   939                      5.5 0.998     17.8 0.002
   941                      5.0 0.985     13.4 0.015
   943                     14.1 0.998     26.2 0.002
   945           abn       11.7 0.381     10.7 0.619
   947           abn       28.5 0.041     22.2 0.959
   949                      6.0 0.990     15.1 0.010
   951                     12.3 0.986     20.8 0.014
   953                      5.1 0.997     17.0 0.003
   955                     14.3 0.998     26.6 0.002
   957                     11.2 0.998     24.2 0.002
   959                      5.1 0.991     14.5 0.009
   961                      8.4 0.946     14.1 0.054
   963                      6.2 0.965     12.9 0.035
   965           abn        8.3 0.471      8.0 0.529
   967                      5.3 0.887      9.4 0.113
   969                      8.4 0.985     16.7 0.015
   971                      5.5 0.878      9.4 0.122
   973                     14.7 1.000     30.6 0.000
   975                      6.9 0.578      7.6 0.422
   977                      4.2 0.994     14.5 0.006
   979                      8.3 0.933     13.5 0.067
   981                     16.8 0.803     19.6 0.197
   983                      8.5 0.999     23.3 0.001
   985                      5.6 0.700      7.3 0.300
   987                      6.0 0.977     13.5 0.023

 GROUP  abn                   norm           abn     

   CASE  
   117                      8.9 0.197      6.1 0.803
   119                      6.8 0.400      6.0 0.600
   121                     14.7 0.072      9.6 0.928
   123                      7.6 0.090      3.0 0.910
   125                     29.3 0.000      9.8 1.000
   127                     23.8 0.083     19.0 0.917
   129                     35.5 0.000     14.8 1.000
   131                     11.0 0.298      9.3 0.702
   133                     28.6 0.006     18.2 0.994
   135                     24.9 0.001     11.4 0.999
   137                     27.1 0.001     13.1 0.999
   139                     17.9 0.047     11.9 0.953
   141                     30.2 0.000     14.5 1.000
   143                     16.9 0.469     16.7 0.531
   145                     26.5 0.000     10.3 1.000
   147                      6.8 0.097      2.4 0.903
   149                     20.0 0.002      7.6 0.998
   151                     25.4 0.001     11.9 0.999
   153           norm       5.6 0.584      6.3 0.416
   155                      9.6 0.060      4.1 0.940
   157                     12.8 0.031      5.9 0.969
   159                     13.8 0.090      9.1 0.910
   161                     14.0 0.075      9.0 0.925
   163                     11.2 0.103      6.9 0.897
   165                     20.6 0.028     13.5 0.972
   167                     42.1 0.001     28.4 0.999
   169                     27.2 0.002     14.4 0.998
   171           norm       5.0 0.990     14.2 0.010
   173                     13.4 0.058      7.8 0.942
   175                     14.6 0.143     11.0 0.857
   177                     29.3 0.119     25.3 0.881
   179                      6.4 0.361      5.3 0.639
   181                     16.2 0.059     10.6 0.941
   183                     10.5 0.160      7.1 0.840
   185                      7.0 0.073      1.9 0.927
   187                     41.9 0.000     20.1 1.000
   189                     22.4 0.001      7.7 0.999
   191                     20.6 0.001      7.4 0.999
   193                     14.7 0.003      3.0 0.997
   195                     14.9 0.023      7.4 0.977
   197                     10.5 0.146      7.0 0.854
   199                     14.1 0.080      9.3 0.920
   201                      7.3 0.218      4.8 0.782
   203                     15.8 0.005      5.2 0.995
   205                     13.2 0.424     12.5 0.576
   207                     27.4 0.003     15.8 0.997
   209                     33.1 0.000     16.8 1.000
   211                     15.3 0.020      7.5 0.980
   213                     22.1 0.489     22.0 0.511
   215                     19.8 0.019     11.9 0.981
   217           norm       8.8 0.925     13.9 0.075
   219                     17.4 0.005      6.7 0.995
   221                      9.7 0.035      3.1 0.965
   223                     12.8 0.073      7.7 0.927
   225                     18.0 0.003      6.5 0.997
   227                     14.8 0.006      4.7 0.994
   229                     14.7 0.021      7.0 0.979
   231                     16.3 0.048     10.3 0.952
   233                     35.1 0.001     20.1 0.999
   235                     40.9 0.000     20.8 1.000
   237           norm       6.2 0.777      8.7 0.223
   239                     24.9 0.002     12.7 0.998
   241                     19.4 0.002      6.8 0.998
   243                     50.9 0.000     34.0 1.000
   245                     15.7 0.023      8.2 0.977
   247                      9.2 0.255      7.0 0.745
   249                     13.5 0.254     11.3 0.746
   251                     22.2 0.007     12.2 0.993
   253                     18.2 0.075     13.2 0.925
   255                     25.6 0.002     12.9 0.998
   257                     26.8 0.103     22.5 0.897
   259           norm      10.9 0.895     15.2 0.105
   261                     11.6 0.209      9.0 0.791
   263                     23.3 0.009     13.8 0.991
   265                     33.8 0.000     12.2 1.000
   267                     43.2 0.003     31.9 0.997
   269                     15.6 0.021      8.0 0.979
   271                     20.9 0.001      7.3 0.999
   273                     17.4 0.055     11.7 0.945
   275                     17.9 0.009      8.5 0.991
   277                     16.8 0.036     10.3 0.964
   279                      8.2 0.083      3.4 0.917
   281                     14.7 0.016      6.4 0.984
   283           norm      10.8 0.536     11.1 0.464
   285                     15.1 0.004      3.9 0.996
   287                     12.8 0.008      3.1 0.992
   289                     10.4 0.283      8.6 0.717
   291                     32.8 0.003     21.4 0.997
   293                     22.7 0.063     17.3 0.937
   295                     15.5 0.070     10.3 0.930
   297                     19.2 0.002      6.9 0.998
   299                     36.6 0.001     21.5 0.999
   301                      7.4 0.300      5.7 0.700
   303                     19.2 0.089     14.6 0.911
   305                     19.1 0.034     12.4 0.966
   307                     23.1 0.001      7.9 0.999
   309                     32.8 0.003     21.3 0.997
   311                     20.7 0.019     12.8 0.981
   313                     22.0 0.001      8.5 0.999
   315                     13.0 0.059      7.4 0.941
   317                     13.4 0.107      9.1 0.893
   319                     28.0 0.013     19.4 0.987
   321                     29.8 0.000     12.6 1.000
   323                     27.2 0.000      9.7 1.000
   325                     11.7 0.045      5.6 0.955
   327                     15.3 0.042      9.0 0.958
   329                     21.1 0.001      7.0 0.999
   331                     29.8 0.000     13.0 1.000
   333                     33.8 0.000     17.1 1.000
   335                     15.2 0.012      6.4 0.988
   337                     25.5 0.008     15.8 0.992
   339                     18.0 0.006      7.8 0.994
   341                     17.7 0.021     10.0 0.979
   343           norm       9.0 0.517      9.1 0.483
   345                     24.3 0.001      9.9 0.999
   347                     15.8 0.080     10.9 0.920
   349                     19.8 0.005      9.4 0.995
   351                     26.2 0.004     15.0 0.996
   353           norm       9.6 0.685     11.1 0.315
   355                     23.4 0.028     16.4 0.972
   357                     18.0 0.015      9.7 0.985
   359                     27.9 0.009     18.5 0.991
   361                     14.6 0.198     11.8 0.802
   363                     32.6 0.000     17.1 1.000
   365                     12.9 0.004      1.8 0.996
   367                     58.9 0.001     44.8 0.999
   369                     12.7 0.145      9.1 0.855
   371                     10.9 0.072      5.8 0.928
   373                     23.1 0.012     14.4 0.988
   375           norm      16.8 0.963     23.4 0.037
   377                      6.3 0.206      3.6 0.794
   379                     16.3 0.027      9.2 0.973
   381                     27.0 0.002     14.2 0.998
   383                     14.8 0.016      6.5 0.984
   385                     29.7 0.000     13.5 1.000
   387                     22.4 0.008     12.6 0.992
   389                     13.4 0.027      6.2 0.973
   391                      6.8 0.373      5.8 0.627
   393                      8.6 0.125      4.8 0.875
   395                      8.4 0.055      2.7 0.945
   397                     16.2 0.109     12.0 0.891
   399           norm       8.1 0.526      8.3 0.474
   401                     22.0 0.014     13.6 0.986
   403                     11.2 0.170      8.1 0.830
   405                     13.6 0.021      5.8 0.979
   407           norm      12.6 0.900     17.0 0.100
   409                     52.5 0.000     30.0 1.000
   411                     23.2 0.030     16.2 0.970
   413                     10.1 0.126      6.2 0.874
   415                     12.4 0.032      5.6 0.968
   417                     11.7 0.026      4.5 0.974
   419           norm       9.2 0.650     10.5 0.350
   421                     10.5 0.035      3.8 0.965
   423           norm       2.9 0.917      7.7 0.083
   425                     22.7 0.001      9.4 0.999
   427                     24.1 0.005     13.6 0.995
   429                     27.9 0.000     10.0 1.000
   431                     26.1 0.001     11.3 0.999
   433                     23.4 0.401     22.6 0.599
   435                     15.6 0.022      8.0 0.978
  1045                     14.3 0.214     11.7 0.786
  1047                     41.4 0.003     29.9 0.997
  1049                     29.8 0.012     21.0 0.988
  1051                     12.8 0.124      8.8 0.876
  1053           norm      19.4 0.995     30.2 0.005
  1057                     22.5 0.009     13.1 0.991
  1059                     15.0 0.014      6.5 0.986
  1061           norm      44.0 1.000     59.5 0.000
  1063                     18.0 0.083     13.2 0.917
  1065                      7.5 0.288      5.7 0.712
  1067                     21.5 0.006     11.3 0.994
  1073                     26.1 0.004     15.0 0.996
  1075                     14.9 0.018      6.9 0.982
  1077                     13.1 0.069      8.0 0.931
  1079                     20.1 0.070     15.0 0.930
  1081                     27.8 0.000      9.6 1.000
  1083                     12.0 0.076      7.0 0.924
  1085                     22.8 0.017     14.8 0.983
  1087                     41.2 0.001     26.5 0.999
  1093                     18.6 0.005      8.0 0.995
  1097           norm      14.0 0.522     14.2 0.478
  1099                     18.7 0.436     18.2 0.564
  1101                     10.4 0.118      6.4 0.882
  1105                     18.0 0.025     10.7 0.975
  1107           norm       6.2 0.597      7.0 0.403
  1113                     32.4 0.100     28.0 0.900
  1115                     37.7 0.000     19.0 1.000
  1117           norm      18.8 0.910     23.4 0.090
  1119                     26.0 0.004     14.8 0.996
  1123                     19.8 0.004      9.0 0.996
  1125                     16.6 0.027      9.4 0.973
  1127           norm       5.1 0.894      9.3 0.106
  1139                     14.1 0.255     11.9 0.745
  1141           norm       6.0 0.696      7.7 0.304
  1143                     14.5 0.044      8.4 0.956
  1145           norm      13.3 0.558     13.7 0.442
  1147                      7.5 0.186      4.5 0.814
  1149                     16.7 0.045     10.6 0.955
  1152                     11.5 0.017      3.4 0.983
  1154                     30.3 0.000     14.8 1.000
  1156                     16.0 0.017      7.9 0.983
  1158                     22.9 0.002     10.3 0.998
  1160                     10.0 0.044      3.9 0.956
  1162                     19.7 0.008     10.1 0.992
  1164                      5.3 0.356      4.1 0.644
  1166                     22.0 0.010     12.7 0.990
  1168                      9.7 0.311      8.2 0.689
  1170                     19.2 0.006      9.1 0.994
  1172                     20.3 0.023     12.8 0.977
  1174           norm       8.0 0.906     12.6 0.094
  1176                      6.7 0.409      5.9 0.591
  1178                     15.8 0.014      7.3 0.986
  1180                     11.2 0.278      9.3 0.722
  1182                     16.0 0.007      6.2 0.993
  1184           norm      10.2 0.581     10.9 0.419
  1186                      8.6 0.057      3.0 0.943
  1188                     21.9 0.403     21.1 0.597
  1190                     12.4 0.067      7.1 0.933
  1192                     11.6 0.126      7.7 0.874
  1194                     15.3 0.039      8.9 0.961
  1196                     19.6 0.019     11.7 0.981
  1198           norm       8.0 0.893     12.2 0.107
  1200                      9.9 0.064      4.6 0.936
  1202                      8.5 0.065      3.2 0.935
  1204                     12.9 0.106      8.7 0.894
  1206                     17.0 0.029      9.9 0.971
  1208                     12.3 0.012      3.4 0.988
  1210                      9.4 0.061      4.0 0.939
  1212                     10.4 0.169      7.3 0.831
  1214                     12.3 0.035      5.7 0.965
  1216                     14.0 0.048      8.1 0.952
  1218                     11.9 0.039      5.5 0.961
  1220                     20.7 0.001      7.3 0.999
  1222                      9.9 0.125      6.0 0.875
  1224                     13.0 0.008      3.3 0.992
  1226                      8.9 0.166      5.6 0.834
  1228           norm      10.1 0.822     13.2 0.178
  1230                     16.8 0.004      5.8 0.996
  1232                     15.6 0.019      7.7 0.981
  1234                     12.0 0.117      8.0 0.883
  1236                     16.2 0.076     11.2 0.924
  1238                     15.5 0.019      7.6 0.981
  1240                     14.6 0.084      9.8 0.916
  1242                     21.2 0.003      9.8 0.997
  1244                     13.5 0.102      9.2 0.898
  1246                     15.3 0.005      4.9 0.995
  1248                     13.9 0.015      5.6 0.985
  1250                     24.2 0.001     11.1 0.999
  1252                     14.2 0.313     12.7 0.687
  1254                     19.9 0.013     11.3 0.987
  1256           norm      10.3 0.925     15.3 0.075
  1258                      7.8 0.173      4.7 0.827
  1260                     15.8 0.027      8.7 0.973
  1262           norm      22.7 0.566     23.2 0.434
  1264                     23.8 0.003     12.4 0.997
  1266                     27.4 0.003     15.9 0.997
  1268                     15.6 0.028      8.4 0.972
  1270                     11.5 0.073      6.4 0.927
  1272                     16.8 0.008      7.1 0.992
  1274                     24.5 0.004     13.6 0.996
  1276                     18.2 0.020     10.4 0.980

 GROUP  norm2                 norm           abn     

   CASE  
   678           norm       4.4 0.940      9.9 0.060
   680           norm       7.9 0.933     13.2 0.067
   682           abn       13.4 0.093      8.9 0.907
   684           abn       10.4 0.112      6.3 0.888
   686           norm       2.5 0.881      6.5 0.119
   688           norm      12.9 0.505     13.0 0.495
   690           norm      11.7 0.989     20.6 0.011
   692           norm       9.0 0.994     19.1 0.006
   694           norm       7.2 1.000     22.7 0.000
   696           norm       6.4 0.756      8.6 0.244
   698           norm       4.1 0.998     16.8 0.002
   700           norm      10.7 0.643     11.8 0.357
   702           norm       4.8 0.859      8.5 0.141
   704           norm       6.6 0.882     10.7 0.118
   706           norm       4.6 0.968     11.4 0.032
   708           norm      11.5 0.996     22.6 0.004
   710           norm       7.3 0.969     14.2 0.031
   712           norm       4.7 0.912      9.4 0.088
   714           norm      11.2 0.598     12.0 0.402
   716           norm       1.9 0.949      7.8 0.051
   718           norm       6.2 0.931     11.4 0.069
   720           norm       7.4 0.995     17.8 0.005
   722           norm       4.2 0.923      9.2 0.077
   724           norm       6.9 0.918     11.7 0.082
   726           norm       9.1 0.987     17.7 0.013
   728           abn       11.0 0.294      9.2 0.706
   730           norm       5.0 0.997     16.5 0.003
   732           norm      16.9 0.999     32.0 0.001
   734           abn        8.7 0.395      7.8 0.605
   736           norm       8.7 0.810     11.6 0.190
   738           norm       7.8 0.861     11.4 0.139
   740           norm       5.0 0.987     13.6 0.013
   742           norm       4.3 0.995     14.8 0.005
   744           norm      13.1 0.693     14.7 0.307
   746           norm      16.6 0.961     23.0 0.039
   748           norm      14.4 0.790     17.0 0.210
   750           norm      14.7 1.000     36.2 0.000
   752           norm      18.7 0.999     32.0 0.001
   754           norm       6.6 1.000     22.3 0.000
   756           norm       5.8 0.993     15.8 0.007
   758           norm       9.0 0.873     12.8 0.127
   760           norm      13.0 0.979     20.7 0.021
   762           norm       4.7 0.992     14.4 0.008
   764           norm      22.6 1.000     39.1 0.000
   766           norm       7.2 0.988     16.1 0.012
   768           norm       4.5 0.974     11.8 0.026
   770           norm       7.6 1.000     23.7 0.000
   772           norm       6.0 0.999     19.7 0.001
   774           norm       2.5 0.989     11.6 0.011
   776           norm      13.0 0.966     19.7 0.034
   778           norm       4.4 0.997     16.0 0.003
   780           abn        9.6 0.199      6.8 0.801
   782           norm       6.6 0.999     19.6 0.001
   784           norm      33.5 0.967     40.2 0.033
   786           norm      10.5 0.999     24.1 0.001
   788           norm      10.2 0.926     15.3 0.074
   790           norm       8.7 0.997     20.2 0.003
   792           norm       8.2 0.999     22.4 0.001
   794           norm      11.4 0.921     16.3 0.079
   796           norm       5.4 0.993     15.3 0.007
   798           norm       3.1 0.996     14.4 0.004
   800           norm       8.5 0.934     13.8 0.066
   802           norm       7.9 1.000     26.6 0.000
   804           norm      27.3 0.950     33.1 0.050
   806           norm       6.1 0.996     17.0 0.004
   808           norm      17.2 0.976     24.6 0.024
   810           norm       2.3 0.919      7.2 0.081
   812           norm      13.7 0.962     20.2 0.038
   814           abn       42.7 0.042     36.4 0.958
   816           norm      11.7 0.999     25.3 0.001
   818           norm       7.1 0.967     13.9 0.033
   820           norm      10.4 0.732     12.4 0.268
   822           norm       9.6 0.974     16.8 0.026
   824           norm       7.7 0.518      7.8 0.482
   826           norm      14.7 1.000     31.2 0.000
   828           norm       9.9 0.581     10.5 0.419
   830           norm      10.0 0.998     22.1 0.002
   832           norm      15.4 0.992     25.0 0.008
   834           norm       7.5 0.628      8.5 0.372
   836           norm       4.4 0.997     15.9 0.003
   838           norm       6.8 0.575      7.4 0.425
   840           norm      10.2 0.982     18.2 0.018
   842           norm       5.9 1.000     23.9 0.000
   844           norm      18.0 0.560     18.5 0.440
   846           norm       4.1 0.955     10.2 0.045
   848           norm       5.4 0.852      8.9 0.148
   850           norm       9.5 0.999     24.4 0.001
   852           norm      11.1 1.000     27.2 0.000
   854           norm       5.0 0.979     12.7 0.021
   856           norm       6.9 0.657      8.2 0.343
   858           norm       3.6 0.991     12.9 0.009
   860           abn       11.5 0.444     11.0 0.556
   862           norm       9.3 0.718     11.1 0.282
   864           norm       6.0 0.975     13.3 0.025
   866           norm       8.5 0.997     20.2 0.003
   868           norm       7.8 0.999     22.3 0.001
   870           norm       9.7 0.999     23.5 0.001
   872           norm      14.0 1.000     29.5 0.000
   874           norm       3.6 0.979     11.3 0.021
   876           norm       5.7 0.999     19.3 0.001
   878           norm       3.7 0.993     13.6 0.007
   880           norm       4.6 0.967     11.4 0.033
   882           norm       9.1 0.526      9.3 0.474
   884           norm      24.6 1.000     40.0 0.000
   886           norm       9.6 0.737     11.7 0.263
   888           norm      14.3 0.997     26.1 0.003
   890           norm      11.6 0.886     15.7 0.114
   892           norm       3.7 0.798      6.4 0.202
   894           abn        8.7 0.419      8.0 0.581
   896           norm       7.7 0.999     20.9 0.001
   898           norm       5.6 0.996     16.7 0.004
   900           norm      13.2 1.000     28.9 0.000
   902           norm       4.3 0.985     12.6 0.015
   904           norm       5.0 0.989     13.9 0.011
   906           norm       2.7 0.976     10.1 0.024
   908           norm      14.4 0.665     15.8 0.335
   910           abn       19.3 0.444     18.8 0.556
   912           norm       5.2 0.880      9.2 0.120
   914           abn        9.6 0.158      6.3 0.842
   916           norm       6.4 0.990     15.6 0.010
   918           norm       5.7 0.850      9.1 0.150
   920           norm       6.6 0.974     13.8 0.026
   922           norm       4.6 0.796      7.3 0.204
   924           abn       17.7 0.316     16.2 0.684
   926           norm      14.7 0.972     21.9 0.028
   928           norm      13.1 0.912     17.8 0.088
   930           abn       20.1 0.442     19.6 0.558
   932           norm      11.5 0.990     20.6 0.010
   934           norm       2.7 0.985     11.0 0.015
   936           norm      12.0 0.999     26.9 0.001
   938           norm       3.4 0.979     11.1 0.021
   940           norm       6.2 0.956     12.4 0.044
   942           norm      12.2 1.000     28.0 0.000
   944           norm       7.7 0.997     19.2 0.003
   946           norm       9.6 0.668     11.0 0.332
   948           norm      14.2 0.946     19.9 0.054
   950           norm       4.0 0.998     16.4 0.002
   952           norm       6.2 0.986     14.7 0.014
   954           norm      13.4 0.644     14.6 0.356
   956           norm       3.9 0.992     13.5 0.008
   958           norm       9.9 0.978     17.4 0.022
   960           norm       6.1 0.991     15.6 0.009
   962           norm       7.4 0.931     12.7 0.069
   964           norm       6.1 0.978     13.7 0.022
   966           norm       4.8 0.973     11.9 0.027
   968           norm      15.3 0.704     17.1 0.296
   970           norm       5.1 0.993     15.0 0.007
   972           norm       5.7 0.738      7.8 0.262
   974           norm       7.1 0.964     13.7 0.036
   976           norm       4.7 0.986     13.2 0.014
   978           norm       4.5 0.806      7.4 0.194
   980           norm      15.9 0.799     18.6 0.201
   982           norm       3.5 0.755      5.8 0.245
   984           norm       6.4 0.889     10.5 0.111
   986           abn       16.0 0.184     13.1 0.816

 GROUP  abn2                  norm           abn     

   CASE  
   118           abn       11.7 0.017      3.5 0.983
   120           abn       75.0 0.000     43.2 1.000
   122           norm      10.4 0.592     11.2 0.408
   124           abn       10.5 0.056      4.9 0.944
   126           abn       20.6 0.001      6.2 0.999
   128           abn       17.8 0.007      7.9 0.993
   130           abn       62.4 0.000     43.6 1.000
   132           abn       13.9 0.181     10.9 0.819
   134           abn       43.1 0.001     29.5 0.999
   136           abn        9.8 0.071      4.7 0.929
   138           abn       25.2 0.006     14.9 0.994
   140           abn       28.9 0.440     28.4 0.560
   142           abn       11.6 0.054      5.9 0.946
   144           norm       5.4 0.972     12.6 0.028
   146           norm      12.6 0.539     12.9 0.461
   148           norm       9.2 0.689     10.8 0.311
   150           abn       20.4 0.003      8.6 0.997
   152           abn       11.9 0.043      5.7 0.957
   154           abn       13.7 0.004      2.5 0.996
   156           norm       7.0 0.952     13.0 0.048
   158           abn       24.3 0.001      9.2 0.999
   160           abn       10.9 0.050      5.0 0.950
   162           abn       27.8 0.001     12.8 0.999
   164           abn        9.8 0.072      4.7 0.928
   166           norm      11.3 0.524     11.5 0.476
   168           abn       15.0 0.008      5.5 0.992
   170           abn       26.7 0.014     18.2 0.986
   172           norm       4.6 0.597      5.4 0.403
   174           abn       23.0 0.003     11.2 0.997
   176           norm      10.3 0.506     10.4 0.494
   178           abn       34.4 0.001     19.5 0.999
   180           abn       25.7 0.000     10.3 1.000
   182           abn       32.9 0.000     16.2 1.000
   184           abn       29.6 0.000     12.4 1.000
   186           abn       24.2 0.001      9.9 0.999
   188           abn       15.7 0.137     12.0 0.863
   190           abn       21.3 0.001      7.9 0.999
   192           abn       19.6 0.008      9.8 0.992
   194           norm       3.3 0.666      4.6 0.334
   196           norm      11.8 0.722     13.7 0.278
   198           abn       15.7 0.009      6.4 0.991
   200           abn       10.9 0.082      6.1 0.918
   202           abn        9.8 0.048      3.9 0.952
   204           abn       20.1 0.015     11.7 0.985
   206           abn       17.7 0.024     10.3 0.976
   208           abn       19.7 0.014     11.1 0.986
   210           abn       54.1 0.000     32.8 1.000
   212           abn       15.0 0.039      8.6 0.961
   214           abn       27.6 0.001     13.5 0.999
   216           abn       12.4 0.011      3.4 0.989
   218           abn       23.3 0.001      9.4 0.999
   220           abn        7.3 0.163      4.0 0.837
   222           abn        7.2 0.093      2.6 0.907
   224           abn       20.8 0.173     17.6 0.827
   226           abn       17.8 0.003      6.4 0.997
   228           abn        9.4 0.378      8.5 0.622
   230           abn       22.1 0.005     11.6 0.995
   232           abn       10.4 0.240      8.1 0.760
   234           abn       24.2 0.004     13.1 0.996
   236           abn       13.6 0.009      4.1 0.991
   238           abn       15.7 0.065     10.4 0.935
   240           abn       26.1 0.015     17.7 0.985
   242           abn       34.6 0.011     25.6 0.989
   244           abn       15.7 0.017      7.7 0.983
   246           norm       7.7 0.956     13.8 0.044
   248           abn        8.8 0.118      4.8 0.882
   250           abn       18.1 0.003      6.3 0.997
   252           abn       13.2 0.140      9.6 0.860
   254           abn       17.9 0.003      6.1 0.997
   256           abn        9.5 0.055      3.8 0.945
   258           abn       16.7 0.008      7.1 0.992
   260           abn       26.7 0.000     11.0 1.000
   262           abn       18.5 0.036     11.9 0.964
   264           abn       14.4 0.093      9.8 0.907
   266           abn       19.1 0.001      5.1 0.999
   268           norm      15.4 0.746     17.6 0.254
   270           abn       11.4 0.040      5.0 0.960
   272           abn       24.9 0.040     18.5 0.960
   274           abn       20.3 0.003      8.3 0.997
   276           abn       35.7 0.001     21.4 0.999
   278           abn       10.1 0.152      6.7 0.848
   280           abn       29.3 0.000     10.3 1.000
   282           abn       15.8 0.007      5.9 0.993
   284           abn       27.2 0.001     12.2 0.999
   286           abn       12.2 0.115      8.1 0.885
   288           abn       16.7 0.095     12.2 0.905
   290           norm       7.6 0.951     13.5 0.049
   292           abn       23.9 0.006     13.6 0.994
   294           abn       44.9 0.000     25.3 1.000
   296           abn       20.6 0.001      7.1 0.999
   298           abn        8.2 0.107      4.0 0.893
   300           abn       29.2 0.001     14.7 0.999
   302           abn        8.6 0.143      5.0 0.857
   304           abn       11.6 0.024      4.2 0.976
   306           abn       25.0 0.002     12.9 0.998
   308           norm       8.1 0.928     13.2 0.072
   310           abn        9.7 0.461      9.4 0.539
   312           abn       12.1 0.014      3.5 0.986
   314           abn       11.9 0.007      1.9 0.993
   316           abn       37.6 0.000     14.9 1.000
   318           abn        8.6 0.319      7.1 0.681
   320           abn       33.8 0.000     16.5 1.000
   322           abn        5.2 0.496      5.2 0.504
   324           abn       10.8 0.026      3.5 0.974
   326           abn       13.6 0.201     10.9 0.799
   328           abn        7.5 0.176      4.5 0.824
   330           abn       17.4 0.038     11.0 0.962
   332           abn       20.4 0.001      5.5 0.999
   334           abn       34.0 0.001     20.1 0.999
   336           abn       22.1 0.029     15.1 0.971
   338           norm       1.8 0.820      4.9 0.180
   340           abn       29.0 0.479     28.8 0.521
   342           abn       15.7 0.006      5.7 0.994
   344           abn        8.8 0.039      2.4 0.961
   346           abn        7.6 0.417      7.0 0.583
   348           abn       12.7 0.017      4.5 0.983
   350           abn        8.7 0.115      4.6 0.885
   352           norm       6.6 0.901     11.0 0.099
   354           abn       28.4 0.000     11.6 1.000
   356           abn       18.5 0.011      9.6 0.989
   358           abn       20.9 0.119     16.9 0.881
   360           abn        5.8 0.393      5.0 0.607
   362           abn       18.8 0.153     15.4 0.847
   364           abn        7.7 0.098      3.2 0.902
   366           abn        7.1 0.122      3.1 0.878
   368           norm       6.8 0.554      7.3 0.446
   370           abn       12.3 0.458     12.0 0.542
   372           abn       20.6 0.002      7.7 0.998
   374           abn       14.3 0.048      8.3 0.952
   376           abn        7.6 0.149      4.1 0.851
   378           abn       15.8 0.008      6.2 0.992
   380           norm       9.9 0.550     10.3 0.450
   382           abn       13.6 0.013      4.9 0.987
   384           abn       10.4 0.069      5.2 0.931
   386           abn       39.1 0.476     38.9 0.524
   388           abn       15.9 0.061     10.5 0.939
   390           abn       20.8 0.088     16.1 0.912
   392           norm      13.7 0.755     15.9 0.245
   394           abn       15.9 0.028      8.8 0.972
   396           abn       12.4 0.123      8.4 0.877
   398           abn       23.8 0.003     12.3 0.997
   400           abn       18.3 0.007      8.2 0.993
   402           abn       10.1 0.067      4.8 0.933
   404           abn       16.2 0.174     13.1 0.826
   406           abn        7.3 0.391      6.4 0.609
   408           abn       18.1 0.005      7.4 0.995
   410           abn       36.4 0.003     24.7 0.997
   412           abn       26.1 0.006     16.0 0.994
   414           abn       17.0 0.015      8.7 0.985
   416           abn       14.7 0.053      8.9 0.947
   418           abn       18.8 0.019     10.9 0.981
   420           norm      23.3 0.946     29.1 0.054
   422           abn       14.3 0.043      8.1 0.957
   424           abn        7.5 0.110      3.3 0.890
   426           norm       5.3 0.944     10.9 0.056
   428           abn       18.4 0.004      7.1 0.996
   430           abn       23.1 0.006     12.9 0.994
   432           abn        9.9 0.028      2.8 0.972
   434           norm       6.2 0.902     10.6 0.098
  1046           norm      11.8 0.934     17.1 0.066
  1048           abn       14.2 0.004      3.1 0.996
  1056           abn       13.6 0.036      7.1 0.964
  1058           norm      15.0 0.836     18.3 0.164
  1060           norm      12.0 0.983     20.1 0.017
  1064           abn        9.1 0.038      2.6 0.962
  1066           abn        8.6 0.391      7.7 0.609
  1068           abn       39.7 0.000     22.0 1.000
  1072           norm      13.7 0.761     16.0 0.239
  1074           abn       11.6 0.130      7.8 0.870
  1076           abn       10.8 0.026      3.6 0.974
  1078           abn        9.6 0.040      3.3 0.960
  1080           abn       18.8 0.005      8.2 0.995
  1082           abn       18.8 0.006      8.6 0.994
  1084           abn       15.7 0.031      8.8 0.969
  1086           abn       20.5 0.210     17.9 0.790
  1090           abn       41.0 0.000     21.3 1.000
  1092           abn       21.4 0.002      9.1 0.998
  1098           abn       27.4 0.045     21.2 0.955
  1100           abn       46.4 0.000     30.6 1.000
  1102           abn       24.5 0.000      7.4 1.000
  1104           abn       27.3 0.000     11.7 1.000
  1106           abn       13.8 0.046      7.7 0.954
  1110           norm       4.6 0.898      9.0 0.102
  1114           abn       23.8 0.011     14.8 0.989
  1118           abn       15.5 0.044      9.3 0.956
  1120           abn        8.8 0.309      7.2 0.691
  1122           abn       22.0 0.023     14.5 0.977
  1124           norm      26.5 0.997     37.9 0.003
  1128           abn       11.8 0.317     10.3 0.683
  1130           abn       16.0 0.010      6.9 0.990
  1140           abn       27.1 0.002     14.3 0.998
  1142           abn       13.1 0.254     10.9 0.746
  1144           abn       17.6 0.028     10.5 0.972
  1146           abn       12.1 0.016      3.9 0.984
  1148           abn       15.9 0.116     11.8 0.884
  1150           abn       24.9 0.012     16.1 0.988
  1151           abn       16.5 0.004      5.6 0.996
  1153           abn       21.0 0.001      7.7 0.999
  1155           abn        7.9 0.193      5.0 0.807
  1157           abn       16.7 0.002      3.8 0.998
  1159           abn        8.5 0.113      4.4 0.887
  1161           abn       17.5 0.016      9.3 0.984
  1163           abn        4.6 0.452      4.2 0.548
  1165           abn       12.2 0.016      3.9 0.984
  1167           abn       16.3 0.358     15.1 0.642
  1169           abn       22.0 0.002      9.3 0.998
  1171           abn        8.6 0.383      7.6 0.617
  1173           abn       30.0 0.057     24.4 0.943
  1175           abn       12.5 0.052      6.7 0.948
  1177           norm       5.7 0.946     11.4 0.054
  1179           abn        7.4 0.176      4.3 0.824
  1181           abn       10.5 0.061      5.0 0.939
  1183           abn       15.3 0.011      6.3 0.989
  1185           abn        8.4 0.103      4.1 0.897
  1187           abn        9.0 0.462      8.7 0.538
  1189           abn       25.0 0.003     13.7 0.997
  1191           abn       22.4 0.012     13.5 0.988
  1193           abn        7.9 0.133      4.1 0.867
  1195           abn        8.9 0.497      8.9 0.503
  1197           abn       13.4 0.011      4.3 0.989
  1199           abn       23.8 0.001      9.3 0.999
  1201           abn       12.4 0.095      8.0 0.905
  1203           abn       20.4 0.028     13.3 0.972
  1205           abn       18.1 0.002      6.0 0.998
  1207           abn       12.8 0.019      4.9 0.981
  1209           abn       19.4 0.003      7.5 0.997
  1211           abn       12.4 0.155      9.0 0.845
  1213           abn       10.6 0.038      4.1 0.962
  1215           abn       15.2 0.024      7.8 0.976
  1217           abn       18.1 0.028     11.1 0.972
  1219           abn       13.1 0.068      7.9 0.932
  1221           abn       17.3 0.003      5.7 0.997
  1223           abn       21.3 0.019     13.4 0.981
  1225           norm       7.3 0.700      9.0 0.300
  1227           abn       14.2 0.018      6.2 0.982
  1229           abn        9.2 0.115      5.1 0.885
  1231           norm      13.8 0.920     18.7 0.080
  1233           norm       5.0 0.798      7.7 0.202
  1235           abn        6.1 0.158      2.7 0.842
  1237           abn        7.3 0.117      3.3 0.883
  1239           abn       14.1 0.036      7.5 0.964
  1241           abn       16.1 0.033      9.4 0.967
  1243           norm      11.7 0.660     13.0 0.340
  1245           abn       13.3 0.241     11.0 0.759
  1247           norm       6.2 0.718      8.1 0.282
  1249           abn       24.4 0.001     11.0 0.999
  1251           abn       11.3 0.088      6.6 0.912
  1253           abn        8.3 0.122      4.3 0.878
  1255           abn       37.4 0.000     18.5 1.000
  1257           norm      11.1 0.593     11.8 0.407
  1259           abn       13.0 0.438     12.5 0.562
  1261           abn        8.4 0.097      3.9 0.903
  1263           abn       35.6 0.000     17.4 1.000
  1265           abn       12.9 0.005      2.2 0.995
  1267           abn       19.6 0.002      7.0 0.998
  1269           abn       50.4 0.000     32.8 1.000
  1271           abn       10.9 0.082      6.1 0.918
  1273           abn       13.3 0.017      5.2 0.983
  1275           abn       25.7 0.009     16.3 0.991
  1277           abn       18.3 0.013      9.7 0.987

 EIGENVALUES 

                  1.66411

 CUMULATIVE PROPORTION OF TOTAL DISPERSION

                  1.00000


                    MULTIVARIATE TESTS
                                                          F APPROXIMATION
     STATISTICS                   VALUE           F     D.F.     D.F.   P-VALUE

 WILKS' LAMBDA                  0.37536      67.39641    10      405.00  0.0000
    D.F.    10     1   414

 PILLAI'S TRACE                 0.62464      67.39640    10      405     0.0000

 HOTELLING-LAWLEY TRACE         1.66411      67.39641    10.00   405     0.0000

 ROY'S MAXIMUM ROOT             1.66411

     TABLES ARE AVAILABLE FOR ROY'S TEST:  MORRISON (1976)


 CANONICAL CORRELATIONS

                  0.79034

 AVERAGE SQUARED CANONICAL CORRELATION             0.62464

 VARIABLE      COEFFICIENTS FOR CANONICAL VARIABLES
 
  10 BReF8T4D     0.58971
  22 BReF7T3T    -0.36682
 147 BCoCentT     0.11581
 306 MRePzD       0.30172
 798 MMFPzD      -0.43064
1049 MAbCzT       0.37817
1374 MIcF4O2T    -0.14651
1357 MIaO1F7C    -0.16661
1341 MIaO1F7A     0.40253
 726 MCoAntB     -0.33405

               STANDARDIZED  (BY POOLED WITHIN-GROUP VARIANCES)
 VARIABLE      COEFFICIENTS FOR CANONICAL VARIABLES
 
  10 BReF8T4D     0.59087
  22 BReF7T3T    -0.41472
 147 BCoCentT     0.14278
 306 MRePzD       0.32772
 798 MMFPzD      -0.46736
1049 MAbCzT       0.44875
1374 MIcF4O2T    -0.16430
1357 MIaO1F7C    -0.16919
1341 MIaO1F7A     0.40718
 726 MCoAntB     -0.32203

 CONSTANT         1.64423

 GROUP        CANONICAL VARIABLES EVALUATED AT GROUP MEANS

     norm         1.66993
     abn         -0.99172
     norm2        1.66977
     abn2        -0.91727
 
 NUMBER OF INTEGER WORDS USED IN PRECEDING SUBPROBLEM   23986
 


 END OF INSTRUCTIONS

 PROGRAM TERMINATED
