 
 BMDP7M - STEPWISE DISCRIMINANT ANALYSIS.

 Copyright 1977, 1979, 1981, 1982, 1983, 1985, 1987, 1988, 1990, 1993
                  by BMDP Statistical Software, Inc.

   Statistical Solutions Ltd.     | Statistical Solutions
   8 South Bank, Crosse's Green   | Stonehill Corporate Center, Suite 104
   Cork, Ireland                  | 999 Broadway, Saugus, MA 01906, USA
   Phone: + 353 21 4319629        | Phone: 781.231.7680
   Fax:   + 353 21 4319630        | Fax:   781.231.7684
   e-mail:  sales@statsol.ie      | e-mail: info@statsolusa.com
   Website: http://www.statsol.ie | Website: http://www.statsolusa.com

 Release: 8.0  (Windows 9x, 2000, Me, Xp)         Date: 04/15/13  at 12:18:17
  Manual: BMDP Manual Volumes 1, 2, and 3.
  Digest: BMDP User's Digest.
  IBM PC: BMDP PC Supplement -- Installation and Special Features.

 PROGRAM INSTRUCTIONS

 /PROBLEM        Title is 'norm iq kid-2way'.    
 /INPUT          File is 'nasad105.bmdp'.
 		Code is eeg.  
 /VARIABLES	Use = cof1f3t,brf7t3t,cof1f2t,brf8t4d,mrp3t, 
                 group.  
 		Grouping is group.    
 /GROUP          Codes(group) are 1,2,3,4.       
   		Names(group) are nl1,nl2,asd,add.   
                 use = 1,4.      
 /DISCRIMINANT	Enter = 1.00.     
 		Remove = 0.96.
                 jackknife.      
 /PRINT		No point.       
 /PLOT		No Canon.
 /END    

 PROBLEM TITLE IS
 norm iq kid-2way

 NUMBER OF VARIABLES TO READ . . . . . . . . . .    2072
 NUMBER OF VARIABLES ADDED BY TRANSFORMATIONS. .       0
 TOTAL NUMBER OF VARIABLES . . . . . . . . . . .    2072
 CASE LABELING VARIABLES . . . . . . . . . . . .                  
 NUMBER OF CASES TO READ . . . . . . . . . . . . TO END 
 MISSING VALUES CHECKED BEFORE OR AFTER TRANS. . NEITHER
 BLANKS IN THE DATA ARE TREATED AS   . . . . . . MISSING
 INPUT FILE. . .nasad105.bmdp    
 REWIND INPUT UNIT PRIOR TO READING. . DATA. . .     YES
 NUMBER OF INTEGER WORDS OF MEMORY FOR STORAGE . 1000000

 INPUT BMDP FILE 
 CODE. . . IS     eeg    
 CONTENT . IS     DATA   
 LABEL . . IS    
 04/15/13                11:38:24
 VARIABLES       
      1 mscid       2 age         3 group       4 MAF1D       5 MAF2D    
      6 MAF3D       7 MAF4D       8 MAC3D       9 MAC4D      10 MAP3D    
     11 MAP4D      12 MAO1D      13 MAO2D      14 MAF7D      15 MAF8D    
     16 MAT3D      17 MAT4D      18 MAT5D      19 MAT6D      20 MAFzD    
     21 MACzD      22 MAPzD      23 MAF1T      24 MAF2T      25 MAF3T    
     26 MAF4T      27 MAC3T      28 MAC4T      29 MAP3T      30 MAP4T    
     31 MAO1T      32 MAO2T      33 MAF7T      34 MAF8T      35 MAT3T    
     36 MAT4T      37 MAT5T      38 MAT6T      39 MAFzT      40 MACzT    
     41 MAPzT      42 MAF1A      43 MAF2A      44 MAF3A      45 MAF4A    
     46 MAC3A      47 MAC4A      48 MAP3A      49 MAP4A      50 MAO1A    
     51 MAO2A      52 MAF7A      53 MAF8A      54 MAT3A      55 MAT4A    
     56 MAT5A      57 MAT6A      58 MAFzA      59 MACzA      60 MAPzA    
     61 MAF1B      62 MAF2B      63 MAF3B      64 MAF4B      65 MAC3B    
     66 MAC4B      67 MAP3B      68 MAP4B      69 MAO1B      70 MAO2B    
     71 MAF7B      72 MAF8B      73 MAT3B      74 MAT4B      75 MAT5B    
     76 MAT6B      77 MAFzB      78 MACzB      79 MAPzB      80 MAF1S    
     81 MAF2S      82 MAF3S      83 MAF4S      84 MAC3S      85 MAC4S    
     86 MAP3S      87 MAP4S      88 MAO1S      89 MAO2S      90 MAF7S    
     91 MAF8S      92 MAT3S      93 MAT4S      94 MAT5S      95 MAT6S    
     96 MAFzS      97 MACzS      98 MAPzS      99 COF1F2D   100 COF1F3D  
    101 COF1O1D   102 COF1F7D   103 COF2F4D   104 COF2O2D   105 COF2F8D  
    106 COF3F4D   107 COF3P3D   108 COF3O1D   109 COF3F7D   110 COF3T5D  
    111 COF3FzD   112 COC3C4D   113 COC3P3D   114 COC3O1D   115 COC3CzD  
    116 COC4P4D   117 COC4O2D   118 COC4PzD   119 COP3P4D   120 COP3O1D  
    121 COP4O2D   122 COO1O2D   123 COO2F8D   124 COO2T4D   125 COF7F8D  
    126 COF7T3D   127 COF7T5D   128 COF8T4D   129 COF8T6D   130 COT3T4D  
    131 COT3T5D   132 COT4T6D   133 COT5T6D   134 COF1F2T   135 COF1F3T  
    136 COF1O1T   137 COF1F7T   138 COF2F4T   139 COF2O2T   140 COF2F8T  
    141 COF3F4T   142 COF3P3T   143 COF3O1T   144 COF3F7T   145 COF3T5T  
    146 COF3FzT   147 COC3C4T   148 COC3P3T   149 COC3O1T   150 COC3CzT  
    151 COC4P4T   152 COC4O2T   153 COC4PzT   154 COP3P4T   155 COP3O1T  
    156 COP4O2T   157 COO1O2T   158 COO2F8T   159 COO2T4T   160 COF7F8T  
    161 COF7T3T   162 COF7T5T   163 COF8T4T   164 COF8T6T   165 COT3T4T  
    166 COT3T5T   167 COT4T6T   168 COT5T6T   169 COF1F2A   170 COF1F3A  
    171 COF1O1A   172 COF1F7A   173 COF2F4A   174 COF2O2A   175 COF2F8A  
    176 COF3F4A   177 COF3P3A   178 COF3O1A   179 COF3F7A   180 COF3T5A  
    181 COF3FzA   182 COC3C4A   183 COC3P3A   184 COC3O1A   185 COC3CzA  
    186 COC4P4A   187 COC4O2A   188 COC4PzA   189 COP3P4A   190 COP3O1A  
    191 COP4O2A   192 COO1O2A   193 COO2F8A   194 COO2T4A   195 COF7F8A  
    196 COF7T3A   197 COF7T5A   198 COF8T4A   199 COF8T6A   200 COT3T4A  
    201 COT3T5A   202 COT4T6A   203 COT5T6A   204 COF1F2B   205 COF1F3B  
    206 COF1O1B   207 COF1F7B   208 COF2F4B   209 COF2O2B   210 COF2F8B  
    211 COF3F4B   212 COF3P3B   213 COF3O1B   214 COF3F7B   215 COF3T5B  
    216 COF3FzB   217 COC3C4B   218 COC3P3B   219 COC3O1B   220 COC3CzB  
    221 COC4P4B   222 COC4O2B   223 COC4PzB   224 COP3P4B   225 COP3O1B  
    226 COP4O2B   227 COO1O2B   228 COO2F8B   229 COO2T4B   230 COF7F8B  
    231 COF7T3B   232 COF7T5B   233 COF8T4B   234 COF8T6B   235 COT3T4B  
    236 COT3T5B   237 COT4T6B   238 COT5T6B   239 COF1F2S   240 COF1F3S  
    241 COF1O1S   242 COF1F7S   243 COF2F4S   244 COF2O2S   245 COF2F8S  
    246 COF3F4S   247 COF3P3S   248 COF3O1S   249 COF3F7S   250 COF3T5S  
    251 COF3FzS   252 COC3C4S   253 COC3P3S   254 COC3O1S   255 COC3CzS  
    256 COC4P4S   257 COC4O2S   258 COC4PzS   259 COP3P4S   260 COP3O1S  
    261 COP4O2S   262 COO1O2S   263 COO2F8S   264 COO2T4S   265 COF7F8S  
    266 COF7T3S   267 COF7T5S   268 COF8T4S   269 COF8T6S   270 COT3T4S  
    271 COT3T5S   272 COT4T6S   273 COT5T6S   274 MRF1D     275 MRF2D    
    276 MRF3D     277 MRF4D     278 MRC3D     279 MRC4D     280 MRP3D    
    281 MRP4D     282 MRO1D     283 MRO2D     284 MRF7D     285 MRF8D    
    286 MRT3D     287 MRT4D     288 MRT5D     289 MRT6D     290 MRFzD    
    291 MRCzD     292 MRPzD     293 MRF1T     294 MRF2T     295 MRF3T    
    296 MRF4T     297 MRC3T     298 MRC4T     299 MRP3T     300 MRP4T    
    301 MRO1T     302 MRO2T     303 MRF7T     304 MRF8T     305 MRT3T    
    306 MRT4T     307 MRT5T     308 MRT6T     309 MRFzT     310 MRCzT    
    311 MRPzT     312 MRF1A     313 MRF2A     314 MRF3A     315 MRF4A    
    316 MRC3A     317 MRC4A     318 MRP3A     319 MRP4A     320 MRO1A    
    321 MRO2A     322 MRF7A     323 MRF8A     324 MRT3A     325 MRT4A    
    326 MRT5A     327 MRT6A     328 MRFzA     329 MRCzA     330 MRPzA    
    331 MRF1B     332 MRF2B     333 MRF3B     334 MRF4B     335 MRC3B    
    336 MRC4B     337 MRP3B     338 MRP4B     339 MRO1B     340 MRO2B    
    341 MRF7B     342 MRF8B     343 MRT3B     344 MRT4B     345 MRT5B    
    346 MRT6B     347 MRFzB     348 MRCzB     349 MRPzB     350 BCC34D   
    351 BCT3546D  352 BCP3O1PD  353 BCF7T3FD  354 BCF1F7FD  355 BCF3F7FD 
    356 BCF3F1FD  357 BCF3FzFD  358 BCC3CzCT  359 BCT3T5TT  360 BCP3O1PT 
    361 BCF7T3FT  362 BCF1F7FT  363 BCF3F7FT  364 BCF3F1FT  365 BCF3FzFT 
    366 BCC3CzCA  367 BCT3T5TA  368 BCP3O1PA  369 BCF7T3FA  370 BCF1F7FA 
    371 BCF3F7FA  372 BCF3F1FA  373 BCF3FzFA  374 BCC3CzCB  375 BCT3T5TB 
    376 BCP3O1PB  377 BCF7T3FB  378 BCF1F7FB  379 BCF3F7FB  380 BCF3F1FB 
    381 BCF3FzFB  382 BCC3CzCS  383 BCT3T5TS  384 BCP3O1PS  385 BCF7T3FS 
    386 BCF1F7FS  387 BCF3F7FS  388 BCF3F1FS  389 BCF3FzFS  390 MFF1D    
    391 MFF2D     392 MFF3D     393 MFF4D     394 MFC3D     395 MFC4D    
    396 MFP3D     397 MFP4D     398 MFO1D     399 MFO2D     400 MFF7D    
    401 MFF8D     402 MFT3D     403 MFT4D     404 MFT5D     405 MFT6D    
    406 MFFzD     407 MFCzD     408 MFPzD     409 MFF1T     410 MFF2T    
    411 MFF3T     412 MFF4T     413 MFC3T     414 MFC4T     415 MFP3T    
    416 MFP4T     417 MFO1T     418 MFO2T     419 MFF7T     420 MFF8T    
    421 MFT3T     422 MFT4T     423 MFT5T     424 MFT6T     425 MFFzT    
    426 MFCzT     427 MFPzT     428 MFF1A     429 MFF2A     430 MFF3A    
    431 MFF4A     432 MFC3A     433 MFC4A     434 MFP3A     435 MFP4A    
    436 MFO1A     437 MFO2A     438 MFF7A     439 MFF8A     440 MFT3A    
    441 MFT4A     442 MFT5A     443 MFT6A     444 MFFzA     445 MFCzA    
    446 MFPzA     447 MFF1B     448 MFF2B     449 MFF3B     450 MFF4B    
    451 MFC3B     452 MFC4B     453 MFP3B     454 MFP4B     455 MFO1B    
    456 MFO2B     457 MFF7B     458 MFF8B     459 MFT3B     460 MFT4B    
    461 MFT5B     462 MFT6B     463 MFFzB     464 MFCzB     465 MFPzB    
    466 MFF1S     467 MFF2S     468 MFF3S     469 MFF4S     470 MFC3S    
    471 MFC4S     472 MFP3S     473 MFP4S     474 MFO1S     475 MFO2S    
    476 MFF7S     477 MFF8S     478 MFT3S     479 MFT4S     480 MFT5S    
    481 MFT6S     482 MFFzS     483 MFCzS     484 MFPzS     485 MIF1F2D  
    486 MIF1F3D   487 MIF1O1D   488 MIF1F7D   489 MIF2F4D   490 MIF2O2D  
    491 MIF2F8D   492 MIF3F4D   493 MIF3P3D   494 MIF3O1D   495 MIF3F7D  
    496 MIF3T5D   497 MIF3FzD   498 MIC3C4D   499 MIC3P3D   500 MIC3O1D  
    501 MIC3CzD   502 MIC4P4D   503 MIC4O2D   504 MIC4PzD   505 MIP3P4D  
    506 MIP3O1D   507 MIP4O2D   508 MIO1O2D   509 MIO2F8D   510 MIO2T4D  
    511 MIF7F8D   512 MIF7T3D   513 MIF7T5D   514 MIF8T4D   515 MIF8T6D  
    516 MIT3T4D   517 MIT3T5D   518 MIT4T6D   519 MIT5T6D   520 MIF1F2T  
    521 MIF1F3T   522 MIF1O1T   523 MIF1F7T   524 MIF2F4T   525 MIF2O2T  
    526 MIF2F8T   527 MIF3F4T   528 MIF3P3T   529 MIF3O1T   530 MIF3F7T  
    531 MIF3T5T   532 MIF3FzT   533 MIC3C4T   534 MIC3P3T   535 MIC3O1T  
    536 MIC3CzT   537 MIC4P4T   538 MIC4O2T   539 MIC4PzT   540 MIP3P4T  
    541 MIP3O1T   542 MIP4O2T   543 MIO1O2T   544 MIO2F8T   545 MIO2T4T  
    546 MIF7F8T   547 MIF7T3T   548 MIF7T5T   549 MIF8T4T   550 MIF8T6T  
    551 MIT3T4T   552 MIT3T5T   553 MIT4T6T   554 MIT5T6T   555 MIF1F2A  
    556 MIF1F3A   557 MIF1O1A   558 MIF1F7A   559 MIF2F4A   560 MIF2O2A  
    561 MIF2F8A   562 MIF3F4A   563 MIF3P3A   564 MIF3O1A   565 MIF3F7A  
    566 MIF3T5A   567 MIF3FzA   568 MIC3C4A   569 MIC3P3A   570 MIC3O1A  
    571 MIC3CzA   572 MIC4P4A   573 MIC4O2A   574 MIC4PzA   575 MIP3P4A  
    576 MIP3O1A   577 MIP4O2A   578 MIO1O2A   579 MIO2F8A   580 MIO2T4A  
    581 MIF7F8A   582 MIF7T3A   583 MIF7T5A   584 MIF8T4A   585 MIF8T6A  
    586 MIT3T4A   587 MIT3T5A   588 MIT4T6A   589 MIT5T6A   590 MIF1F2B  
    591 MIF1F3B   592 MIF1O1B   593 MIF1F7B   594 MIF2F4B   595 MIF2O2B  
    596 MIF2F8B   597 MIF3F4B   598 MIF3P3B   599 MIF3O1B   600 MIF3F7B  
    601 MIF3T5B   602 MIF3FzB   603 MIC3C4B   604 MIC3P3B   605 MIC3O1B  
    606 MIC3CzB   607 MIC4P4B   608 MIC4O2B   609 MIC4PzB   610 MIP3P4B  
    611 MIP3O1B   612 MIP4O2B   613 MIO1O2B   614 MIO2F8B   615 MIO2T4B  
    616 MIF7F8B   617 MIF7T3B   618 MIF7T5B   619 MIF8T4B   620 MIF8T6B  
    621 MIT3T4B   622 MIT3T5B   623 MIT4T6B   624 MIT5T6B   625 MIF1F2S  
    626 MIF1F3S   627 MIF1O1S   628 MIF1F7S   629 MIF2F4S   630 MIF2O2S  
    631 MIF2F8S   632 MIF3F4S   633 MIF3P3S   634 MIF3O1S   635 MIF3F7S  
    636 MIF3T5S   637 MIF3FzS   638 MIC3C4S   639 MIC3P3S   640 MIC3O1S  
    641 MIC3CzS   642 MIC4P4S   643 MIC4O2S   644 MIC4PzS   645 MIP3P4S  
    646 MIP3O1S   647 MIP4O2S   648 MIO1O2S   649 MIO2F8S   650 MIO2T4S  
    651 MIF7F8S   652 MIF7T3S   653 MIF7T5S   654 MIF8T4S   655 MIF8T6S  
    656 MIT3T4S   657 MIT3T5S   658 MIT4T6S   659 MIT5T6S   660 BAF1F2D  
    661 BAF1F3D   662 BAF1O1D   663 BAF1F7D   664 BAF2F4D   665 BAF2O2D  
    666 BAF2F8D   667 BAF3F4D   668 BAF3P3D   669 BAF3O1D   670 BAF3F7D  
    671 BAF3T5D   672 BAF3FzD   673 BAC3C4D   674 BAC3P3D   675 BAC3O1D  
    676 BAC3CzD   677 BAC4P4D   678 BAC4O2D   679 BAC4PzD   680 BAP3P4D  
    681 BAP3O1D   682 BAP4O2D   683 BAO1O2D   684 BAO2F8D   685 BAO2T4D  
    686 BAF7F8D   687 BAF7T3D   688 BAF7T5D   689 BAF8T4D   690 BAF8T6D  
    691 BAT3T4D   692 BAT3T5D   693 BAT4T6D   694 BAT5T6D   695 BAF1F2T  
    696 BAF1F3T   697 BAF1O1T   698 BAF1F7T   699 BAF2F4T   700 BAF2O2T  
    701 BAF2F8T   702 BAF3F4T   703 BAF3P3T   704 BAF3O1T   705 BAF3F7T  
    706 BAF3T5T   707 BAF3FzT   708 BAC3C4T   709 BAC3P3T   710 BAC3O1T  
    711 BAC3CzT   712 BAC4P4T   713 BAC4O2T   714 BAC4PzT   715 BAP3P4T  
    716 BAP3O1T   717 BAP4O2T   718 BAO1O2T   719 BAO2F8T   720 BAO2T4T  
    721 BAF7F8T   722 BAF7T3T   723 BAF7T5T   724 BAF8T4T   725 BAF8T6T  
    726 BAT3T4T   727 BAT3T5T   728 BAT4T6T   729 BAT5T6T   730 BAF1F2A  
    731 BAF1F3A   732 BAF1O1A   733 BAF1F7A   734 BAF2F4A   735 BAF2O2A  
    736 BAF2F8A   737 BAF3F4A   738 BAF3P3A   739 BAF3O1A   740 BAF3F7A  
    741 BAF3T5A   742 BAF3FzA   743 BAC3C4A   744 BAC3P3A   745 BAC3O1A  
    746 BAC3CzA   747 BAC4P4A   748 BAC4O2A   749 BAC4PzA   750 BAP3P4A  
    751 BAP3O1A   752 BAP4O2A   753 BAO1O2A   754 BAO2F8A   755 BAO2T4A  
    756 BAF7F8A   757 BAF7T3A   758 BAF7T5A   759 BAF8T4A   760 BAF8T6A  
    761 BAT3T4A   762 BAT3T5A   763 BAT4T6A   764 BAT5T6A   765 BAF1F2B  
    766 BAF1F3B   767 BAF1O1B   768 BAF1F7B   769 BAF2F4B   770 BAF2O2B  
    771 BAF2F8B   772 BAF3F4B   773 BAF3P3B   774 BAF3O1B   775 BAF3F7B  
    776 BAF3T5B   777 BAF3FzB   778 BAC3C4B   779 BAC3P3B   780 BAC3O1B  
    781 BAC3CzB   782 BAC4P4B   783 BAC4O2B   784 BAC4PzB   785 BAP3P4B  
    786 BAP3O1B   787 BAP4O2B   788 BAO1O2B   789 BAO2F8B   790 BAO2T4B  
    791 BAF7F8B   792 BAF7T3B   793 BAF7T5B   794 BAF8T4B   795 BAF8T6B  
    796 BAT3T4B   797 BAT3T5B   798 BAT4T6B   799 BAT5T6B   800 BAF1F2S  
    801 BAF1F3S   802 BAF1O1S   803 BAF1F7S   804 BAF2F4S   805 BAF2O2S  
    806 BAF2F8S   807 BAF3F4S   808 BAF3P3S   809 BAF3O1S   810 BAF3F7S  
    811 BAF3T5S   812 BAF3FzS   813 BAC3C4S   814 BAC3P3S   815 BAC3O1S  
    816 BAC3CzS   817 BAC4P4S   818 BAC4O2S   819 BAC4PzS   820 BAP3P4S  
    821 BAP3O1S   822 BAP4O2S   823 BAO1O2S   824 BAO2F8S   825 BAO2T4S  
    826 BAF7F8S   827 BAF7T3S   828 BAF7T5S   829 BAF8T4S   830 BAF8T6S  
    831 BAT3T4S   832 BAT3T5S   833 BAT4T6S   834 BAT5T6S   835 BRF1F2D  
    836 BRF1F3D   837 BRF1O1D   838 BRF1F7D   839 BRF2F4D   840 BRF2O2D  
    841 BRF2F8D   842 BRF3F4D   843 BRF3P3D   844 BRF3O1D   845 BRF3F7D  
    846 BRF3T5D   847 BRF3FzD   848 BRC3C4D   849 BRC3P3D   850 BRC3O1D  
    851 BRC3CzD   852 BRC4P4D   853 BRC4O2D   854 BRC4PzD   855 BRP3P4D  
    856 BRP3O1D   857 BRP4O2D   858 BRO1O2D   859 BRO2F8D   860 BRO2T4D  
    861 BRF7F8D   862 BRF7T3D   863 BRF7T5D   864 BRF8T4D   865 BRF8T6D  
    866 BRT3T4D   867 BRT3T5D   868 BRT4T6D   869 BRT5T6D   870 BRF1F2T  
    871 BRF1F3T   872 BRF1O1T   873 BRF1F7T   874 BRF2F4T   875 BRF2O2T  
    876 BRF2F8T   877 BRF3F4T   878 BRF3P3T   879 BRF3O1T   880 BRF3F7T  
    881 BRF3T5T   882 BRF3FzT   883 BRC3C4T   884 BRC3P3T   885 BRC3O1T  
    886 BRC3CzT   887 BRC4P4T   888 BRC4O2T   889 BRC4PzT   890 BRP3P4T  
    891 BRP3O1T   892 BRP4O2T   893 BRO1O2T   894 BRO2F8T   895 BRO2T4T  
    896 BRF7F8T   897 BRF7T3T   898 BRF7T5T   899 BRF8T4T   900 BRF8T6T  
    901 BRT3T4T   902 BRT3T5T   903 BRT4T6T   904 BRT5T6T   905 BRF1F2A  
    906 BRF1F3A   907 BRF1O1A   908 BRF1F7A   909 BRF2F4A   910 BRF2O2A  
    911 BRF2F8A   912 BRF3F4A   913 BRF3P3A   914 BRF3O1A   915 BRF3F7A  
    916 BRF3T5A   917 BRF3FzA   918 BRC3C4A   919 BRC3P3A   920 BRC3O1A  
    921 BRC3CzA   922 BRC4P4A   923 BRC4O2A   924 BRC4PzA   925 BRP3P4A  
    926 BRP3O1A   927 BRP4O2A   928 BRO1O2A   929 BRO2F8A   930 BRO2T4A  
    931 BRF7F8A   932 BRF7T3A   933 BRF7T5A   934 BRF8T4A   935 BRF8T6A  
    936 BRT3T4A   937 BRT3T5A   938 BRT4T6A   939 BRT5T6A   940 BRF1F2B  
    941 BRF1F3B   942 BRF1O1B   943 BRF1F7B   944 BRF2F4B   945 BRF2O2B  
    946 BRF2F8B   947 BRF3F4B   948 BRF3P3B   949 BRF3O1B   950 BRF3F7B  
    951 BRF3T5B   952 BRF3FzB   953 BRC3C4B   954 BRC3P3B   955 BRC3O1B  
    956 BRC3CzB   957 BRC4P4B   958 BRC4O2B   959 BRC4PzB   960 BRP3P4B  
    961 BRP3O1B   962 BRP4O2B   963 BRO1O2B   964 BRO2F8B   965 BRO2T4B  
    966 BRF7F8B   967 BRF7T3B   968 BRF7T5B   969 BRF8T4B   970 BRF8T6B  
    971 BRT3T4B   972 BRT3T5B   973 BRT4T6B   974 BRT5T6B   975 MFF1F2D  
    976 MFF1F3D   977 MFF1O1D   978 MFF1F7D   979 MFF2F4D   980 MFF2O2D  
    981 MFF2F8D   982 MFF3F4D   983 MFF3P3D   984 MFF3O1D   985 MFF3F7D  
    986 MFF3T5D   987 MFF3FzD   988 MFC3C4D   989 MFC3P3D   990 MFC3O1D  
    991 MFC3CzD   992 MFC4P4D   993 MFC4O2D   994 MFC4PzD   995 MFP3P4D  
    996 MFP3O1D   997 MFP4O2D   998 MFO1O2D   999 MFO2F8D  1000 MFO2T4D  
   1001 MFF7F8D  1002 MFF7T3D  1003 MFF7T5D  1004 MFF8T4D  1005 MFF8T6D  
   1006 MFT3T4D  1007 MFT3T5D  1008 MFT4T6D  1009 MFT5T6D  1010 MFF1F2T  
   1011 MFF1F3T  1012 MFF1O1T  1013 MFF1F7T  1014 MFF2F4T  1015 MFF2O2T  
   1016 MFF2F8T  1017 MFF3F4T  1018 MFF3P3T  1019 MFF3O1T  1020 MFF3F7T  
   1021 MFF3T5T  1022 MFF3FzT  1023 MFC3C4T  1024 MFC3P3T  1025 MFC3O1T  
   1026 MFC3CzT  1027 MFC4P4T  1028 MFC4O2T  1029 MFC4PzT  1030 MFP3P4T  
   1031 MFP3O1T  1032 MFP4O2T  1033 MFO1O2T  1034 MFO2F8T  1035 MFO2T4T  
   1036 MFF7F8T  1037 MFF7T3T  1038 MFF7T5T  1039 MFF8T4T  1040 MFF8T6T  
   1041 MFT3T4T  1042 MFT3T5T  1043 MFT4T6T  1044 MFT5T6T  1045 MFF1F2A  
   1046 MFF1F3A  1047 MFF1O1A  1048 MFF1F7A  1049 MFF2F4A  1050 MFF2O2A  
   1051 MFF2F8A  1052 MFF3F4A  1053 MFF3P3A  1054 MFF3O1A  1055 MFF3F7A  
   1056 MFF3T5A  1057 MFF3FzA  1058 MFC3C4A  1059 MFC3P3A  1060 MFC3O1A  
   1061 MFC3CzA  1062 MFC4P4A  1063 MFC4O2A  1064 MFC4PzA  1065 MFP3P4A  
   1066 MFP3O1A  1067 MFP4O2A  1068 MFO1O2A  1069 MFO2F8A  1070 MFO2T4A  
   1071 MFF7F8A  1072 MFF7T3A  1073 MFF7T5A  1074 MFF8T4A  1075 MFF8T6A  
   1076 MFT3T4A  1077 MFT3T5A  1078 MFT4T6A  1079 MFT5T6A  1080 MFF1F2B  
   1081 MFF1F3B  1082 MFF1O1B  1083 MFF1F7B  1084 MFF2F4B  1085 MFF2O2B  
   1086 MFF2F8B  1087 MFF3F4B  1088 MFF3P3B  1089 MFF3O1B  1090 MFF3F7B  
   1091 MFF3T5B  1092 MFF3FzB  1093 MFC3C4B  1094 MFC3P3B  1095 MFC3O1B  
   1096 MFC3CzB  1097 MFC4P4B  1098 MFC4O2B  1099 MFC4PzB  1100 MFP3P4B  
   1101 MFP3O1B  1102 MFP4O2B  1103 MFO1O2B  1104 MFO2F8B  1105 MFO2T4B  
   1106 MFF7F8B  1107 MFF7T3B  1108 MFF7T5B  1109 MFF8T4B  1110 MFF8T6B  
   1111 MFT3T4B  1112 MFT3T5B  1113 MFT4T6B  1114 MFT5T6B  1115 MFF1F2S  
   1116 MFF1F3S  1117 MFF1O1S  1118 MFF1F7S  1119 MFF2F4S  1120 MFF2O2S  
   1121 MFF2F8S  1122 MFF3F4S  1123 MFF3P3S  1124 MFF3O1S  1125 MFF3F7S  
   1126 MFF3T5S  1127 MFF3FzS  1128 MFC3C4S  1129 MFC3P3S  1130 MFC3O1S  
   1131 MFC3CzS  1132 MFC4P4S  1133 MFC4O2S  1134 MFC4PzS  1135 MFP3P4S  
   1136 MFP3O1S  1137 MFP4O2S  1138 MFO1O2S  1139 MFO2F8S  1140 MFO2T4S  
   1141 MFF7F8S  1142 MFF7T3S  1143 MFF7T5S  1144 MFF8T4S  1145 MFF8T6S  
   1146 MFT3T4S  1147 MFT3T5S  1148 MFT4T6S  1149 MFT5T6S  1150 BSC3CzCD 
   1151 BST3T5TD 1152 BSP3O1PD 1153 BSF7T3FD 1154 BSF1F7FD 1155 BSF3F7FD 
   1156 BSF3F1FD 1157 BSF3FzFD 1158 BSC3CzCT 1159 BST3T5TT 1160 BSP3O1PT 
   1161 BSF7T3FT 1162 BSF1F7FT 1163 BSF3F7FT 1164 BSF3F1FT 1165 BSF3FzFT 
   1166 BSC3CzCA 1167 BST3T5TA 1168 BSP3O1PA 1169 BSF7T3FA 1170 BSF1F7FA 
   1171 BSF3F7FA 1172 BSF3F1FA 1173 BSF3FzFA 1174 BSC3CzCB 1175 BST3T5TB 
   1176 BSP3O1PB 1177 BSF7T3FB 1178 BSF1F7FB 1179 BSF3F7FB 1180 BSF3F1FB 
   1181 BSF3FzFB 1182 BSC3CzCS 1183 BST3T5TS 1184 BSP3O1PS 1185 BSF7T3FS 
   1186 BSF1F7FS 1187 BSF3F7FS 1188 BSF3F1FS 1189 BSF3FzFS 1190 POF1F2D  
   1191 POF1F3D  1192 POF1O1D  1193 POF1F7D  1194 POF2F4D  1195 POF2O2D  
   1196 POF2F8D  1197 POF3F4D  1198 POF3P3D  1199 POF3O1D  1200 POF3F7D  
   1201 POF3T5D  1202 POF3FzD  1203 POC3C4D  1204 POC3P3D  1205 POC3O1D  
   1206 POC3CzD  1207 POC4P4D  1208 POC4O2D  1209 POC4PzD  1210 POP3P4D  
   1211 POP3O1D  1212 POP4O2D  1213 POO1O2D  1214 POO2F8D  1215 POO2T4D  
   1216 POF7F8D  1217 POF7T3D  1218 POF7T5D  1219 POF8T4D  1220 POF8T6D  
   1221 POT3T4D  1222 POT3T5D  1223 POT4T6D  1224 POT5T6D  1225 POF1F2T  
   1226 POF1F3T  1227 POF1O1T  1228 POF1F7T  1229 POF2F4T  1230 POF2O2T  
   1231 POF2F8T  1232 POF3F4T  1233 POF3P3T  1234 POF3O1T  1235 POF3F7T  
   1236 POF3T5T  1237 POF3FzT  1238 POC3C4T  1239 POC3P3T  1240 POC3O1T  
   1241 POC3CzT  1242 POC4P4T  1243 POC4O2T  1244 POC4PzT  1245 POP3P4T  
   1246 POP3O1T  1247 POP4O2T  1248 POO1O2T  1249 POO2F8T  1250 POO2T4T  
   1251 POF7F8T  1252 POF7T3T  1253 POF7T5T  1254 POF8T4T  1255 POF8T6T  
   1256 POT3T4T  1257 POT3T5T  1258 POT4T6T  1259 POT5T6T  1260 POF1F2A  
   1261 POF1F3A  1262 POF1O1A  1263 POF1F7A  1264 POF2F4A  1265 POF2O2A  
   1266 POF2F8A  1267 POF3F4A  1268 POF3P3A  1269 POF3O1A  1270 POF3F7A  
   1271 POF3T5A  1272 POF3FzA  1273 POC3C4A  1274 POC3P3A  1275 POC3O1A  
   1276 POC3CzA  1277 POC4P4A  1278 POC4O2A  1279 POC4PzA  1280 POP3P4A  
   1281 POP3O1A  1282 POP4O2A  1283 POO1O2A  1284 POO2F8A  1285 POO2T4A  
   1286 POF7F8A  1287 POF7T3A  1288 POF7T5A  1289 POF8T4A  1290 POF8T6A  
   1291 POT3T4A  1292 POT3T5A  1293 POT4T6A  1294 POT5T6A  1295 POF1F2B  
   1296 POF1F3B  1297 POF1O1B  1298 POF1F7B  1299 POF2F4B  1300 POF2O2B  
   1301 POF2F8B  1302 POF3F4B  1303 POF3P3B  1304 POF3O1B  1305 POF3F7B  
   1306 POF3T5B  1307 POF3FzB  1308 POC3C4B  1309 POC3P3B  1310 POC3O1B  
   1311 POC3CzB  1312 POC4P4B  1313 POC4O2B  1314 POC4PzB  1315 POP3P4B  
   1316 POP3O1B  1317 POP4O2B  1318 POO1O2B  1319 POO2F8B  1320 POO2T4B  
   1321 POF7F8B  1322 POF7T3B  1323 POF7T5B  1324 POF8T4B  1325 POF8T6B  
   1326 POT3T4B  1327 POT3T5B  1328 POT4T6B  1329 POT5T6B  1330 POF1F2S  
   1331 POF1F3S  1332 POF1O1S  1333 POF1F7S  1334 POF2F4S  1335 POF2O2S  
   1336 POF2F8S  1337 POF3F4S  1338 POF3P3S  1339 POF3O1S  1340 POF3F7S  
   1341 POF3T5S  1342 POF3FzS  1343 POC3C4S  1344 POC3P3S  1345 POC3O1S  
   1346 POC3CzS  1347 POC4P4S  1348 POC4O2S  1349 POC4PzS  1350 POP3P4S  
   1351 POP3O1S  1352 POP4O2S  1353 POO1O2S  1354 POO2F8S  1355 POO2T4S  
   1356 POF7F8S  1357 POF7T3S  1358 POF7T5S  1359 POF8T4S  1360 POF8T6S  
   1361 POT3T4S  1362 POT3T5S  1363 POT4T6S  1364 POT5T6S  1365 CLF1F2D  
   1366 CLF1F3D  1367 CLF1O1D  1368 CLF1F7D  1369 CLF2F4D  1370 CLF2O2D  
   1371 CLF2F8D  1372 CLF3F4D  1373 CLF3P3D  1374 CLF3O1D  1375 CLF3F7D  
   1376 CLF3T5D  1377 CLF3FzD  1378 CLC3C4D  1379 CLC3P3D  1380 CLC3O1D  
   1381 CLC3CzD  1382 CLC4P4D  1383 CLC4O2D  1384 CLC4PzD  1385 CLP3P4D  
   1386 CLP3O1D  1387 CLP4O2D  1388 CLO1O2D  1389 CLO2F8D  1390 CLO2T4D  
   1391 CLF7F8D  1392 CLF7T3D  1393 CLF7T5D  1394 CLF8T4D  1395 CLF8T6D  
   1396 CLT3T4D  1397 CLT3T5D  1398 CLT4T6D  1399 CLT5T6D  1400 CLF1F2T  
   1401 CLF1F3T  1402 CLF1O1T  1403 CLF1F7T  1404 CLF2F4T  1405 CLF2O2T  
   1406 CLF2F8T  1407 CLF3F4T  1408 CLF3P3T  1409 CLF3O1T  1410 CLF3F7T  
   1411 CLF3T5T  1412 CLF3FzT  1413 CLC3C4T  1414 CLC3P3T  1415 CLC3O1T  
   1416 CLC3CzT  1417 CLC4P4T  1418 CLC4O2T  1419 CLC4PzT  1420 CLP3P4T  
   1421 CLP3O1T  1422 CLP4O2T  1423 CLO1O2T  1424 CLO2F8T  1425 CLO2T4T  
   1426 CLF7F8T  1427 CLF7T3T  1428 CLF7T5T  1429 CLF8T4T  1430 CLF8T6T  
   1431 CLT3T4T  1432 CLT3T5T  1433 CLT4T6T  1434 CLT5T6T  1435 CLF1F2A  
   1436 CLF1F3A  1437 CLF1O1A  1438 CLF1F7A  1439 CLF2F4A  1440 CLF2O2A  
   1441 CLF2F8A  1442 CLF3F4A  1443 CLF3P3A  1444 CLF3O1A  1445 CLF3F7A  
   1446 CLF3T5A  1447 CLF3FzA  1448 CLC3C4A  1449 CLC3P3A  1450 CLC3O1A  
   1451 CLC3CzA  1452 CLC4P4A  1453 CLC4O2A  1454 CLC4PzA  1455 CLP3P4A  
   1456 CLP3O1A  1457 CLP4O2A  1458 CLO1O2A  1459 CLO2F8A  1460 CLO2T4A  
   1461 CLF7F8A  1462 CLF7T3A  1463 CLF7T5A  1464 CLF8T4A  1465 CLF8T6A  
   1466 CLT3T4A  1467 CLT3T5A  1468 CLT4T6A  1469 CLT5T6A  1470 CLF1F2B  
   1471 CLF1F3B  1472 CLF1O1B  1473 CLF1F7B  1474 CLF2F4B  1475 CLF2O2B  
   1476 CLF2F8B  1477 CLF3F4B  1478 CLF3P3B  1479 CLF3O1B  1480 CLF3F7B  
   1481 CLF3T5B  1482 CLF3FzB  1483 CLC3C4B  1484 CLC3P3B  1485 CLC3O1B  
   1486 CLC3CzB  1487 CLC4P4B  1488 CLC4O2B  1489 CLC4PzB  1490 CLP3P4B  
   1491 CLP3O1B  1492 CLP4O2B  1493 CLO1O2B  1494 CLO2F8B  1495 CLO2T4B  
   1496 CLF7F8B  1497 CLF7T3B  1498 CLF7T5B  1499 CLF8T4B  1500 CLF8T6B  
   1501 CLT3T4B  1502 CLT3T5B  1503 CLT4T6B  1504 CLT5T6B  1505 CLF1F2S  
   1506 CLF1F3S  1507 CLF1O1S  1508 CLF1F7S  1509 CLF2F4S  1510 CLF2O2S  
   1511 CLF2F8S  1512 CLF3F4S  1513 CLF3P3S  1514 CLF3O1S  1515 CLF3F7S  
   1516 CLF3T5S  1517 CLF3FzS  1518 CLC3C4S  1519 CLC3P3S  1520 CLC3O1S  
   1521 CLC3CzS  1522 CLC4P4S  1523 CLC4O2S  1524 CLC4PzS  1525 CLP3P4S  
   1526 CLP3O1S  1527 CLP4O2S  1528 CLO1O2S  1529 CLO2F8S  1530 CLO2T4S  
   1531 CLF7F8S  1532 CLF7T3S  1533 CLF7T5S  1534 CLF8T4S  1535 CLF8T6S  
   1536 CLT3T4S  1537 CLT3T5S  1538 CLT4T6S  1539 CLT5T6S  1540 MALLatD  
   1541 MALLatT  1542 MALLatA  1543 MALLatB  1544 MALLatC  1545 MARLatD  
   1546 MARLatT  1547 MARLatA  1548 MARLatB  1549 MARLatC  1550 MALMedD  
   1551 MALMedT  1552 MALMedA  1553 MALMedB  1554 MALMedC  1555 MARMedD  
   1556 MARMedT  1557 MARMedA  1558 MARMedB  1559 MARMedC  1560 MALAntD  
   1561 MALAntT  1562 MALAntA  1563 MALAntB  1564 MALAntC  1565 MARAntD  
   1566 MARAntT  1567 MARAntA  1568 MARAntB  1569 MARAntC  1570 MALCenD  
   1571 MALCenT  1572 MALCenA  1573 MALCenB  1574 MALCenC  1575 MARCenD  
   1576 MARCenT  1577 MARCenA  1578 MARCenB  1579 MARCenC  1580 MALPosD  
   1581 MALPosT  1582 MALPosA  1583 MALPosB  1584 MALPosC  1585 MARPosD  
   1586 MARPosT  1587 MARPosA  1588 MARPosB  1589 MARPosC  1590 MALHemD  
   1591 MALHemT  1592 MALHemA  1593 MALHemB  1594 MALHemC  1595 MARHemD  
   1596 MARHemT  1597 MARHemA  1598 MARHemB  1599 MARHemC  1600 MAMidD   
   1601 MAMidT   1602 MAMidA   1603 MAMidB   1604 MAMidC   1605 MAAntD   
   1606 MAAntT   1607 MAAntA   1608 MAAntB   1609 MAAntC   1610 MACentD  
   1611 MACentT  1612 MACentA  1613 MACentB  1614 MACentC  1615 MAPostD  
   1616 MAPostT  1617 MAPostA  1618 MAPostB  1619 MAPostC  1620 MAHeadD  
   1621 MAHeadT  1622 MAHeadA  1623 MAHeadB  1624 MAHeadC  1625 MAF1C    
   1626 MAF2C    1627 MAF3C    1628 MAF4C    1629 MAC3C    1630 MAC4C    
   1631 MAP3C    1632 MAP4C    1633 MAO1C    1634 MAO2C    1635 MAF7C    
   1636 MAF8C    1637 MAT3C    1638 MAT4C    1639 MAT5C    1640 MAT6C    
   1641 MAFzC    1642 MACzC    1643 MAPzC    1644 COLatD   1645 COLatT   
   1646 COLatA   1647 COLatB   1648 COLatC   1649 COMedD   1650 COMedT   
   1651 COMedA   1652 COMedB   1653 COMedC   1654 COAntD   1655 COAntT   
   1656 COAntA   1657 COAntB   1658 COAntC   1659 COCentD  1660 COCentT  
   1661 COCentA  1662 COCentB  1663 COCentC  1664 COPostD  1665 COPostT  
   1666 COPostA  1667 COPostB  1668 COPostC  1669 COHeadD  1670 COHeadT  
   1671 COHeadA  1672 COHeadB  1673 COHeadC  1674 COF1F2C  1675 COF3F4C  
   1676 COC3C4C  1677 COP3P4C  1678 COO1O2C  1679 COF7F8C  1680 COT3T4C  
   1681 COT5T6C  1682 MRLLatD  1683 MRLLatT  1684 MRLLatA  1685 MRLLatB  
   1686 MRLLatC  1687 MRRLatD  1688 MRRLatT  1689 MRRLatA  1690 MRRLatB  
   1691 MRRLatC  1692 MRLMedD  1693 MRLMedT  1694 MRLMedA  1695 MRLMedB  
   1696 MRLMedC  1697 MRRMedD  1698 MRRMedT  1699 MRRMedA  1700 MRRMedB  
   1701 MRRMedC  1702 MRLAntD  1703 MRLAntT  1704 MRLAntA  1705 MRLAntB  
   1706 MRLAntC  1707 MRRAntD  1708 MRRAntT  1709 MRRAntA  1710 MRRAntB  
   1711 MRRAntC  1712 MRLCenD  1713 MRLCenT  1714 MRLCenA  1715 MRLCenB  
   1716 MRLCenC  1717 MRRCenD  1718 MRRCenT  1719 MRRCenA  1720 MRRCenB  
   1721 MRRCenC  1722 MRLPosD  1723 MRLPosT  1724 MRLPosA  1725 MRLPosB  
   1726 MRLPosC  1727 MRRPosD  1728 MRRPosT  1729 MRRPosA  1730 MRRPosB  
   1731 MRRPosC  1732 MRLHemD  1733 MRLHemT  1734 MRLHemA  1735 MRLHemB  
   1736 MRLHemC  1737 MRRHemD  1738 MRRHemT  1739 MRRHemA  1740 MRRHemB  
   1741 MRRHemC  1742 MRMidD   1743 MRMidT   1744 MRMidA   1745 MRMidB   
   1746 MRMidC   1747 MRAntD   1748 MRAntT   1749 MRAntA   1750 MRAntB   
   1751 MRAntC   1752 MRCentD  1753 MRCentT  1754 MRCentA  1755 MRCentB  
   1756 MRCentC  1757 MRPostD  1758 MRPostT  1759 MRPostA  1760 MRPostB  
   1761 MRPostC  1762 MRHeadD  1763 MRHeadT  1764 MRHeadA  1765 MRHeadB  
   1766 MRHeadC  1767 MRF1C    1768 MRF2C    1769 MRF3C    1770 MRF4C    
   1771 MRC3C    1772 MRC4C    1773 MRP3C    1774 MRP4C    1775 MRO1C    
   1776 MRO2C    1777 MRF7C    1778 MRF8C    1779 MRT3C    1780 MRT4C    
   1781 MRT5C    1782 MRT6C    1783 MRFzC    1784 MRCzC    1785 MRPzC    
   1786 BCAntD   1787 BCAntT   1788 BCAntA   1789 BCAntB   1790 BCAntC   
   1791 BCPostD  1792 BCPostT  1793 BCPostA  1794 BCPostB  1795 BCPostC  
   1796 BCHeadD  1797 BCHeadT  1798 BCHeadA  1799 BCHeadB  1800 BCHeadC  
   1801 BCCentC  1802 BCTempC  1803 BCPOcC   1804 BCFTC    1805 BC1728C  
   1806 BC5748C  1807 BC3142C  1808 BC3z4zC  1809 MFLLatD  1810 MFLLatT  
   1811 MFLLatA  1812 MFLLatB  1813 MFLLatC  1814 MFRLatD  1815 MFRLatT  
   1816 MFRLatA  1817 MFRLatB  1818 MFRLatC  1819 MFLMedD  1820 MFLMedT  
   1821 MFLMedA  1822 MFLMedB  1823 MFLMedC  1824 MFRMedD  1825 MFRMedT  
   1826 MFRMedA  1827 MFRMedB  1828 MFRMedC  1829 MFLAntD  1830 MFLAntT  
   1831 MFLAntA  1832 MFLAntB  1833 MFLAntC  1834 MFRAntD  1835 MFRAntT  
   1836 MFRAntA  1837 MFRAntB  1838 MFRAntC  1839 MFLCenD  1840 MFLCenT  
   1841 MFLCenA  1842 MFLCenB  1843 MFLCenC  1844 MFRCenD  1845 MFRCenT  
   1846 MFRCenA  1847 MFRCenB  1848 MFRCenC  1849 MFLPosD  1850 MFLPosT  
   1851 MFLPosA  1852 MFLPosB  1853 MFLPosC  1854 MFRPosD  1855 MFRPosT  
   1856 MFRPosA  1857 MFRPosB  1858 MFRPosC  1859 MFLHemD  1860 MFLHemT  
   1861 MFLHemA  1862 MFLHemB  1863 MFLHemC  1864 MFRHemD  1865 MFRHemT  
   1866 MFRHemA  1867 MFRHemB  1868 MFRHemC  1869 MFMidD   1870 MFMidT   
   1871 MFMidA   1872 MFMidB   1873 MFMidC   1874 MFAntD   1875 MFAntT   
   1876 MFAntA   1877 MFAntB   1878 MFAntC   1879 MFCentD  1880 MFCentT  
   1881 MFCentA  1882 MFCentB  1883 MFCentC  1884 MFPostD  1885 MFPostT  
   1886 MFPostA  1887 MFPostB  1888 MFPostC  1889 MFHeadD  1890 MFHeadT  
   1891 MFHeadA  1892 MFHeadB  1893 MFHeadC  1894 MFF1C    1895 MFF2C    
   1896 MFF3C    1897 MFF4C    1898 MFC3C    1899 MFC4C    1900 MFP3C    
   1901 MFP4C    1902 MFO1C    1903 MFO2C    1904 MFF7C    1905 MFF8C    
   1906 MFT3C    1907 MFT4C    1908 MFT5C    1909 MFT6C    1910 MFFzC    
   1911 MFCzC    1912 MFPzC    1913 MILatD   1914 MILatT   1915 MILatA   
   1916 MILatB   1917 MILatC   1918 MIMedD   1919 MIMedT   1920 MIMedA   
   1921 MIMedB   1922 MIMedC   1923 MIAntD   1924 MIAntT   1925 MIAntA   
   1926 MIAntB   1927 MIAntC   1928 MICentD  1929 MICentT  1930 MICentA  
   1931 MICentB  1932 MICentC  1933 MIPostD  1934 MIPostT  1935 MIPostA  
   1936 MIPostB  1937 MIPostC  1938 MIHeadD  1939 MIHeadT  1940 MIHeadA  
   1941 MIHeadB  1942 MIHeadC  1943 MIF1F2C  1944 MIF3F4C  1945 MIC3C4C  
   1946 MIP3P4C  1947 MIO1O2C  1948 MIF7F8C  1949 MIT3T4C  1950 MIT5T6C  
   1951 BALHemD  1952 BALHemT  1953 BALHemA  1954 BALHemB  1955 BALHemC  
   1956 BARHemD  1957 BARHemT  1958 BARHemA  1959 BARHemB  1960 BARHemC  
   1961 BAAntD   1962 BAAntT   1963 BAAntA   1964 BAAntB   1965 BAAntC   
   1966 BAPostD  1967 BAPostT  1968 BAPostA  1969 BAPostB  1970 BAPostC  
   1971 BAHeadD  1972 BAHeadT  1973 BAHeadA  1974 BAHeadB  1975 BAHeadC  
   1976 BACzC3C  1977 BACzC4C  1978 BAT3T5C  1979 BAT4T6C  1980 BAO1P3C  
   1981 BAO2P4C  1982 BAT3F7C  1983 BAT4F8C  1984 BRLHemD  1985 BRLHemT  
   1986 BRLHemA  1987 BRLHemB  1988 BRLHemC  1989 BRRHemD  1990 BRRHemT  
   1991 BRRHemA  1992 BRRHemB  1993 BRRHemC  1994 BRAntD   1995 BRAntT   
   1996 BRAntA   1997 BRAntB   1998 BRAntC   1999 BRPostD  2000 BRPostT  
   2001 BRPostA  2002 BRPostB  2003 BRPostC  2004 BRHeadD  2005 BRHeadT  
   2006 BRHeadA  2007 BRHeadB  2008 BRHeadC  2009 BRCzC3C  2010 BRCzC4C  
   2011 BRT3T5C  2012 BRT4T6C  2013 BRO1P3C  2014 BRO2P4C  2015 BRT3F7C  
   2016 BRT4F8C  2017 BFLHemD  2018 BFLHemT  2019 BFLHemA  2020 BFLHemB  
   2021 BFLHemC  2022 BFRHemD  2023 BFRHemT  2024 BFRHemA  2025 BFRHemB  
   2026 BFRHemC  2027 BFAntD   2028 BFAntT   2029 BFAntA   2030 BFAntB   
   2031 BFAntC   2032 BFPostD  2033 BFPostT  2034 BFPostA  2035 BFPostB  
   2036 BFPostC  2037 BFHeadD  2038 BFHeadT  2039 BFHeadA  2040 BFHeadB  
   2041 BFHeadC  2042 BFCzC3C  2043 BFCzC4C  2044 BFT3T5C  2045 BFT4T6C  
   2046 BFO1P3C  2047 BFO2P4C  2048 BFT3F7C  2049 BFT4F8C  2050 BSAntD   
   2051 BSAntT   2052 BSAntA   2053 BSAntB   2054 BSAntC   2055 BSPostD  
   2056 BSPostT  2057 BSPostA  2058 BSPostB  2059 BSPostC  2060 BSHeadD  
   2061 BSHeadT  2062 BSHeadA  2063 BSHeadB  2064 BSHeadC  2065 BSCentC  
   2066 BSTempC  2067 BSPOcC   2068 BSFTC    2069 BS1728C  2070 BS5748C  
   2071 BS3142C  2072 BS3z4zC    

 VARIABLES TO BE USED
    135 COF1F3T   897 BRF7T3T   134 COF1F2T   864 BRF8T4D   299 MRP3T    
      3 group    
         
  CASE  135      897      134      864      299        3 
   NO. COF1F3T  BRF7T3T  COF1F2T  BRF8T4D  MRP3T    group
 ----- -------- -------- -------- -------- -------- --------     
     1     0.39     2.23    -0.87    -0.70     0.90 nl2  
     2     0.25    -1.71     0.88    -0.16    -0.86 nl2  
     3    -0.32     1.87     0.19     1.30     2.49 nl1  
     4    -0.16    -0.07     0.18     1.26    -0.36 nl2  
     5     0.01    -0.12     0.78    -0.33     0.08 nl1  
     6    -1.39    -0.20     0.41     1.08     1.07 nl2  
     7     0.45     0.08     0.23    -0.41    -0.70 nl2  
     8    -0.28    -0.32    -1.15     1.23    -0.95 nl2  
     9    -1.14     1.31     0.77     1.17     0.58 nl2  
    10     1.37    -0.04     0.82     0.56    -0.62 nl1  

 NUMBER OF CASES READ. . . . . . . . . . . . . .     519



    VARIABLE        STATED VALUES FOR            GROUP CATEGORY    INTERVALS
   NO.   NAME    MINIMUM MAXIMUM MISSING   CODE  INDEX   NAME     .GT.   .LE.
  ---- --------  ------- ------- -------  ------ ----- --------  ------ -------

    3  group                               1.000    1  nl1     
                                           2.000    2  nl2     
                                           3.000    3  asd     
                                           4.000    4  add     
 ------------------------------------------------------------------------------


 GROUPING VARIABLE. . . group   
                                CATEGORY   FREQUENCY
                                --------   ---------
                                nl1           158
                                nl2           157
                                asd            99
                                add           105
         
         
 DESCRIPTIVE STATISTICS OF DATA  
 ----------- ---------- -- ----  

  VARIABLE    TOTAL         STANDARD  ST.ERR   COEFF     S M A L L E S T     L A R G E S T       
  NO. NAME     FREQ.  MEAN    DEV.   OF MEAN  OF VAR  VALUE  Z-SCR  CASE  VALUE  Z-SCR  CASE  RANGE      

  135 COF1F3T    519  .34466  1.1565  .05077  3.3556 -8.7578 -7.87   293  3.9616  3.13   459  12.719     
  897 BRF7T3T    519  .49798  1.2332  .05413  2.4764 -3.7355 -3.43   101  6.3523  4.75   416  10.088     
  134 COF1F2T    519  .31907  1.3403  .05883  4.2006 -5.9740 -4.70   244  9.7262  7.02   431  15.700     
  864 BRF8T4D    519 -.49436  1.1988  .05262 -2.4249 -6.5131 -5.02   341  3.3693  3.22   517  9.8824     
  299 MRP3T      519  .21287  1.1458  .05030  5.3828 -3.0228 -2.82   430  4.0217  3.32   443  7.0445     

 TOLERANCE. . . . . . . . .    0.010
 F-TO-ENTER . . . . . . . .    1.000    1.000
 F-TO-REMOVE. . . . . . . .    0.960    0.960
 METHOD . . . . . . . . . .         1
 MAXIMUM FORCED LEVEL . . .         0
 MAXIMUM NUMBER OF STEPS. .        12
 GROUPING VARIABLE. . . . .         3
 NUMBER OF GROUPS . . . . .         4
 PRIOR PROBABILITIES. . . .   0.50000   0.00000   0.00000   0.50000

     MEANS

        GROUP =   nl1          nl2          asd          add          GPS.USED
 VARIABLE 
 135 COF1F3T      -0.07075     -0.04261      0.67668      1.23576      0.45086
 897 BRF7T3T       0.03615     -0.01745      1.12029      1.37684      0.57140
 134 COF1F2T      -0.01611      0.00364      0.09774      1.50379      0.59069
 864 BRF8T4D       0.01069      0.03255     -1.21870     -1.35926     -0.53625
 299 MRP3T         0.10235     -0.06807      0.30939      0.70824      0.34425

 COUNTS              158.         157.          99.         105.         263.

     STANDARD DEVIATIONS

        GROUP =   nl1          nl2          asd          add          POOLED  
 VARIABLE 
 135 COF1F3T       1.16724      1.17901      0.70573      0.80972      1.03962
 897 BRF7T3T       1.01785      0.98945      1.00394      1.31103      1.14371
 134 COF1F2T       0.94353      1.04474      1.03641      1.78034      1.34108
 864 BRF8T4D       1.04402      0.91491      1.01595      1.10569      1.06902
 299 MRP3T         0.99476      1.00463      1.20963      1.32610      1.13840

    COEFFICIENTS OF VARIATION

        GROUP =   nl1          nl2          asd          add          POOLED  
 VARIABLE 
 135 COF1F3T     -16.49754    -27.67052      1.04292      0.65524      2.30586
 897 BRF7T3T      28.15756    -56.71602      0.89614      0.95221      2.00159
 134 COF1F2T     -58.55423    287.25208     10.60353      1.18390      2.27035
 864 BRF8T4D      97.63283     28.10506     -0.83363     -0.81344     -1.99351
 299 MRP3T         9.71896    -14.75902      3.90972      1.87239      3.30695

 ***************************************************************************
 
 STEP NUMBER   0

   VARIABLE     F TO   FORCE TOLERNCE *   VARIABLE     F TO   FORCE TOLERNCE
               REMOVE  LEVEL          *               ENTER   LEVEL
         DF =  1  262                 *         DF =  1  261
                                      * 135 COF1F3T     99.63    1   1.00000
                                      * 897 BRF7T3T     86.68    1   1.00000
                                      * 134 COF1F2T     81.02    1   1.00000
                                      * 864 BRF8T4D    103.59    1   1.00000
                                      * 299 MRP3T       17.87    1   1.00000

 ***************************************************************************
 
 STEP NUMBER   1
 VARIABLE ENTERED 864 BRF8T4D 

   VARIABLE     F TO   FORCE TOLERNCE *   VARIABLE     F TO   FORCE TOLERNCE
               REMOVE  LEVEL          *               ENTER   LEVEL
         DF =  1  261                 *         DF =  1  260
 864 BRF8T4D    103.59    1   1.00000 * 135 COF1F3T     46.45    1   0.95819
                                      * 897 BRF7T3T     83.08    1   0.98152
                                      * 134 COF1F2T     55.27    1   0.99962
                                      * 299 MRP3T       18.12    1   0.99386

 U-STATISTIC(WILKS' LAMBDA) 0.7158643   DEGREES OF FREEDOM   1   1   261
 APPROXIMATE F-STATISTIC      103.594   DEGREES OF FREEDOM    1.00   261.00

  F - MATRIX        DEGREES OF FREEDOM =    1  261

             nl1      nl2      asd     
 nl2          0.03
 asd         80.50    83.18
 add        103.59   106.66     0.88

 CLASSIFICATION FUNCTIONS   

         GROUP =   nl1          add     
 VARIABLE 
 864 BRF8T4D       0.00936     -1.18942

 CONSTANT         -0.69320     -1.50151

 ***************************************************************************
 
 STEP NUMBER   2
 VARIABLE ENTERED 897 BRF7T3T 

   VARIABLE     F TO   FORCE TOLERNCE *   VARIABLE     F TO   FORCE TOLERNCE
               REMOVE  LEVEL          *               ENTER   LEVEL
         DF =  1  260                 *         DF =  1  259
 897 BRF7T3T     83.08    1   0.98152 * 135 COF1F3T     25.53    1   0.94576
 864 BRF8T4D     99.78    1   0.98152 * 134 COF1F2T     46.42    1   0.99769
                                      * 299 MRP3T        0.10    1   0.74397

 U-STATISTIC(WILKS' LAMBDA) 0.5425065   DEGREES OF FREEDOM   2   1   261
 APPROXIMATE F-STATISTIC      109.628   DEGREES OF FREEDOM    2.00   260.00

  F - MATRIX        DEGREES OF FREEDOM =    2  260

             nl1      nl2      asd     
 nl2          0.11
 asd         77.75    82.45
 add        109.63   115.35     1.96

 CLASSIFICATION FUNCTIONS   

         GROUP =   nl1          add     
 VARIABLE 
 897 BRF7T3T       0.02694      1.22633
 864 BRF8T4D       0.00544     -1.36776

 CONSTANT         -0.69366     -2.46695

 ***************************************************************************
 
 STEP NUMBER   3
 VARIABLE ENTERED 134 COF1F2T 

   VARIABLE     F TO   FORCE TOLERNCE *   VARIABLE     F TO   FORCE TOLERNCE
               REMOVE  LEVEL          *               ENTER   LEVEL
         DF =  1  259                 *         DF =  1  258
 897 BRF7T3T     73.36    1   0.97964 * 135 COF1F3T     15.14    1   0.93097
 134 COF1F2T     46.42    1   0.99769 * 299 MRP3T        0.43    1   0.74140
 864 BRF8T4D     77.39    1   0.98135 *

 U-STATISTIC(WILKS' LAMBDA) 0.4600554   DEGREES OF FREEDOM   3   1   261
 APPROXIMATE F-STATISTIC      101.325   DEGREES OF FREEDOM    3.00   259.00

  F - MATRIX        DEGREES OF FREEDOM =    3  259

             nl1      nl2      asd     
 nl2          0.08
 asd         51.89    54.95
 add        101.33   104.43    20.16

 CLASSIFICATION FUNCTIONS   

         GROUP =   nl1          add     
 VARIABLE 
 897 BRF7T3T       0.02654      1.27121
 134 COF1F2T      -0.00783      0.86496
 864 BRF8T4D       0.00531     -1.35301

 CONSTANT         -0.69372     -3.13818

 ***************************************************************************
 
 STEP NUMBER   4
 VARIABLE ENTERED 135 COF1F3T 

   VARIABLE     F TO   FORCE TOLERNCE *   VARIABLE     F TO   FORCE TOLERNCE
               REMOVE  LEVEL          *               ENTER   LEVEL
         DF =  1  258                 *         DF =  1  257
 135 COF1F3T     15.14    1   0.93097 * 299 MRP3T        0.13    1   0.73716
 897 BRF7T3T     56.89    1   0.96551 *
 134 COF1F2T     35.20    1   0.98209 *
 864 BRF8T4D     50.16    1   0.93448 *

 U-STATISTIC(WILKS' LAMBDA) 0.4345533   DEGREES OF FREEDOM   4   1   261
 APPROXIMATE F-STATISTIC       83.928   DEGREES OF FREEDOM    4.00   258.00

  F - MATRIX        DEGREES OF FREEDOM =    4  258

             nl1      nl2      asd     
 nl2          0.09
 asd         40.70    42.61
 add         83.93    85.42    16.77

 CLASSIFICATION FUNCTIONS   

         GROUP =   nl1          add     
 VARIABLE 
 135 COF1F3T      -0.07040      0.65386
 897 BRF7T3T       0.03408      1.20113
 134 COF1F2T      -0.00119      0.80324
 864 BRF8T4D      -0.00963     -1.21431

 CONSTANT         -0.69621     -3.35327

 CLASSIFICATION MATRIX

 GROUP     PERCENT   NUMBER OF CASES CLASSIFIED INTO GROUP -
           CORRECT
                     nl1      add     
  nl1       91.8    145       13
  nl2        0.0    141       16
  asd        0.0     43       56
  add       88.6     12       93

 TOTAL      90.5    341      178

 JACKKNIFED CLASSIFICATION

 GROUP     PERCENT   NUMBER OF CASES CLASSIFIED INTO GROUP -
           CORRECT
                     nl1      add     
  nl1       91.8    145       13
  nl2        0.0    141       16
  asd        0.0     43       56
  add       87.6     13       92

 TOTAL      90.1    342      177

   SUMMARY TABLE 

         VARIABLE     F VALUE TO  NO. OF                            DEGREES
 STEP    ENTERED      ENTER       VARIAB.              APPROXIMATE    OF
 NO.       REMOVED      REMOVE    INCLUDED U-STATISTIC F-STATISTIC   FREEDOM
 --- -------------- ------------- -------- ----------- ----------- -----------
   1 864 BRF8T4D        103.594        1       0.7159     103.594   1.0  261.0
   2 897 BRF7T3T         83.083        2       0.5425     109.628   2.0  260.0
   3 134 COF1F2T         46.418        3       0.4601     101.325   3.0  259.0
   4 135 COF1F3T         15.141        4       0.4346      83.928   4.0  258.0

              INCORRECT             JACKKNIFED MAHALANOBIS D-SQUARE FROM AND
           CLASSIFICATIONS          POSTERIOR PROBABILITY FOR GROUP -

 GROUP  nl1                   nl1            add     

   CASE  
     3                      3.7 0.888      7.9 0.112
     5                      0.5 0.851      3.9 0.149
    10                      2.9 0.844      6.3 0.156
    12                      3.9 0.995     14.5 0.005
    14                      2.5 0.956      8.7 0.044
    16                      1.2 0.967      7.9 0.033
    17                      4.7 0.808      7.6 0.192
    19           add        3.2 0.459      2.8 0.541
    21                      2.2 0.953      8.2 0.047
    22                     10.0 0.999     24.0 0.001
    25                      5.4 0.949     11.2 0.051
    26                      0.9 0.975      8.3 0.025
    27                      1.3 0.971      8.3 0.029
    29                      3.6 0.998     15.9 0.002
    31                      1.4 0.982      9.3 0.018
    32                      1.9 0.750      4.1 0.250
    33                      1.6 0.928      6.7 0.072
    34                      0.8 0.845      4.2 0.155
    36                      2.8 0.990     11.9 0.010
    38                      0.4 0.940      5.9 0.060
    39                      1.7 0.975      9.0 0.025
    40                      3.3 0.967     10.1 0.033
    42                      7.1 0.994     17.5 0.006
    43                      1.2 0.754      3.4 0.246
    46                      1.1 0.762      3.4 0.238
    49                      2.0 0.927      7.0 0.073
    53                      2.5 0.946      8.2 0.054
    54                      6.6 0.978     14.3 0.022
    55                      2.1 0.686      3.7 0.314
    56                      9.1 0.996     20.1 0.004
    58                      3.7 0.848      7.1 0.152
    61                      1.4 0.930      6.6 0.070
    63                      3.7 0.554      4.2 0.446
    64                      0.4 0.967      7.1 0.033
    66                      4.6 0.951     10.6 0.049
    68                      2.0 0.977      9.5 0.023
    70                      2.9 0.830      6.1 0.170
    72                      0.2 0.971      7.3 0.029
    74                      1.1 0.928      6.2 0.072
    76                      1.3 0.834      4.5 0.166
    77                      3.0 0.728      5.0 0.272
    78                      0.7 0.907      5.3 0.093
    79                      2.0 0.982     10.0 0.018
    80                      1.5 0.572      2.1 0.428
    84                      6.5 0.995     17.3 0.005
    88                      1.2 0.639      2.3 0.361
    89                      0.5 0.983      8.7 0.017
    90                      0.6 0.984      8.8 0.016
    92                      3.2 0.949      9.0 0.051
    95                      2.4 0.990     11.7 0.010
    98                      5.1 0.996     16.3 0.004
   102                      2.7 0.990     11.8 0.010
   103                      0.9 0.938      6.3 0.062
   108                      2.8 0.993     12.8 0.007
   110                      3.5 0.997     15.1 0.003
   111                      6.0 0.943     11.6 0.057
   112                      4.5 0.997     16.4 0.003
   114                      1.2 0.662      2.6 0.338
   115                      0.4 0.889      4.6 0.111
   116                      0.9 0.984      9.1 0.016
   117           add        2.8 0.481      2.6 0.519
   118                      1.6 0.972      8.7 0.028
   119                      4.5 0.997     16.1 0.003
   121                     10.9 0.664     12.3 0.336
   126                      0.9 0.755      3.1 0.245
   131                      3.5 0.756      5.7 0.244
   132                     12.3 0.741     14.4 0.259
   133                      2.6 0.932      7.9 0.068
   135                      6.4 0.993     16.3 0.007
   140                      5.8 0.849      9.2 0.151
   141                      2.1 0.989     11.0 0.011
   142                      4.6 0.937     10.0 0.063
   143                     13.1 0.996     24.3 0.004
   144                      2.3 0.958      8.6 0.042
   145           add        6.8 0.058      1.3 0.942
   148                      4.3 0.979     11.9 0.021
   152                      1.2 0.841      4.5 0.159
   153                      4.6 0.981     12.5 0.019
   155                      3.5 0.981     11.4 0.019
   156                      0.9 0.930      6.1 0.070
   158                      2.5 0.982     10.5 0.018
   159                      3.7 0.970     10.6 0.030
   162                      0.9 0.835      4.1 0.165
   165                      0.6 0.783      3.1 0.217
   166                      2.9 0.989     11.8 0.011
   167                      1.1 0.861      4.8 0.139
   168                      1.0 0.977      8.5 0.023
   169                      0.9 0.850      4.4 0.150
   170                      1.2 0.943      6.8 0.057
   172                      1.1 0.976      8.5 0.024
   173                      3.1 0.957      9.3 0.043
   176                      2.7 0.939      8.1 0.061
   177                      1.6 0.858      5.2 0.142
   178                      0.3 0.950      6.2 0.050
   185                      3.5 0.998     16.3 0.002
   188                      2.3 0.907      6.9 0.093
   190                      1.3 0.964      7.9 0.036
   191                      1.9 0.985     10.3 0.015
   192                      2.1 0.964      8.6 0.036
   195                      1.6 0.990     10.8 0.010
   196                      5.8 0.978     13.4 0.022
   198                      1.3 0.728      3.3 0.272
   200                      2.6 0.949      8.4 0.051
   203                      2.1 0.881      6.1 0.119
   206           add        2.3 0.416      1.7 0.584
   207                      2.4 0.749      4.5 0.251
   209                      1.0 0.984      9.2 0.016
   211           add        3.1 0.285      1.2 0.715
   213           add        7.6 0.045      1.4 0.955
   218                      1.4 0.861      5.0 0.139
   220                      0.3 0.908      4.9 0.092
   221                      1.6 0.966      8.2 0.034
   222                      1.1 0.709      2.8 0.291
   224                      2.1 0.993     11.9 0.007
   225                      1.2 0.977      8.7 0.023
   227                      0.2 0.945      5.9 0.055
   232                      1.9 0.995     12.5 0.005
   233                      3.9 0.990     13.0 0.010
   234                      0.8 0.964      7.3 0.036
   239                      1.3 0.991     10.6 0.009
   241                      2.0 0.812      4.9 0.188
   243                      0.9 0.825      4.0 0.175
   245           add        2.7 0.422      2.0 0.578
   249                      3.0 0.825      6.1 0.175
   251                      0.9 0.953      7.0 0.047
   252                      0.9 0.792      3.5 0.208
   253                      3.9 0.990     13.0 0.010
   255                      1.4 0.987     10.0 0.013
   256                      2.8 0.978     10.4 0.022
   257                      0.9 0.813      3.9 0.187
   259                      1.5 0.973      8.7 0.027
   260                      6.0 0.998     18.3 0.002
   264           add       11.2 0.418     10.5 0.582
   265                     23.6 1.000     39.6 0.000
   266                      1.7 0.931      6.9 0.069
   268           add        3.0 0.306      1.3 0.694
   270                      1.5 0.832      4.7 0.168
   271                      1.6 0.951      7.5 0.049
   272           add        2.4 0.402      1.6 0.598
   273                      4.0 0.854      7.5 0.146
   274                      0.8 0.831      4.0 0.169
   275                      0.8 0.807      3.6 0.193
   276                      6.6 0.964     13.2 0.036
   278                      1.3 0.993     11.2 0.007
   280                      2.7 0.622      3.7 0.378
   282                      2.1 0.519      2.2 0.481
   283           add        6.6 0.063      1.2 0.937
   286                      1.8 0.839      5.1 0.161
   293                    109.0 1.000    129.4 0.000
   295                      1.9 0.995     12.7 0.005
   297                      3.8 0.779      6.3 0.221
   298           add        4.0 0.253      1.8 0.747
   299           add       26.3 0.000      7.5 1.000
   304                      1.9 0.602      2.7 0.398
   307                      3.8 0.567      4.4 0.433
   308                      1.0 0.686      2.6 0.314
   311                      1.9 0.992     11.5 0.008
   313                      2.2 0.993     12.1 0.007

 GROUP  nl2                   nl1            add     

   CASE  
     1           add        4.9 0.410      4.2 0.590
     2           nl1        2.8 0.973     10.0 0.027
     4           nl1        1.5 0.986      9.9 0.014
     6           nl1        2.4 0.992     12.2 0.008
     7           nl1        0.4 0.826      3.5 0.174
     8           nl1        2.3 0.996     13.6 0.004
     9           nl1        3.6 0.940      9.1 0.060
    11           nl1        3.0 0.997     14.4 0.003
    13           nl1        4.0 0.993     14.0 0.007
    15           nl1        0.3 0.958      6.6 0.042
    18           nl1        3.3 0.956      9.4 0.044
    20           nl1        1.3 0.938      6.7 0.062
    23           nl1        1.2 0.967      7.9 0.033
    24           nl1        1.1 0.889      5.3 0.111
    28           nl1        2.7 0.994     12.8 0.006
    30           nl1        2.0 0.981      9.9 0.019
    35           nl1        0.4 0.893      4.6 0.107
    37           nl1        0.9 0.886      5.0 0.114
    41           nl1        3.1 0.601      3.9 0.399
    44           nl1        2.3 0.515      2.4 0.485
    45           nl1        4.4 0.996     15.5 0.004
    47           nl1        1.9 0.532      2.2 0.468
    48           nl1        0.6 0.919      5.5 0.081
    50           nl1        1.7 0.958      8.0 0.042
    51           nl1        1.6 0.992     11.3 0.008
    52           nl1        2.0 0.908      6.5 0.092
    57           nl1        1.2 0.939      6.6 0.061
    59           nl1        0.3 0.840      3.6 0.160
    60           nl1        2.6 0.916      7.4 0.084
    62           nl1        2.0 0.989     10.9 0.011
    65           nl1        4.6 0.804      7.5 0.196
    67           nl1        5.6 0.985     14.0 0.015
    69           nl1        3.2 0.996     14.3 0.004
    71           nl1        3.3 0.996     14.3 0.004
    73           add        4.5 0.414      3.8 0.586
    75           nl1        0.9 0.974      8.1 0.026
    81           nl1        2.6 0.995     13.2 0.005
    82           nl1        2.1 0.990     11.3 0.010
    83           nl1        2.5 0.990     11.7 0.010
    85           nl1        1.9 0.969      8.7 0.031
    86           nl1        3.3 0.997     15.2 0.003
    87           nl1        2.6 0.979     10.3 0.021
    91           nl1        0.4 0.977      7.9 0.023
    93           nl1        1.2 0.885      5.3 0.115
    94           nl1        1.0 0.979      8.6 0.021
    96           nl1        3.1 0.989     12.1 0.011
    97           add        4.9 0.162      1.7 0.838
    99           nl1        0.7 0.981      8.5 0.019
   100           nl1        3.1 0.989     12.2 0.011
   101           nl1       15.1 0.990     24.4 0.010
   104           add        3.5 0.462      3.2 0.538
   105           nl1        0.3 0.967      7.1 0.033
   106           nl1        2.0 0.971      9.1 0.029
   107           nl1       48.8 0.969     55.7 0.031
   109           nl1        0.8 0.963      7.3 0.037
   113           nl1        0.5 0.964      7.1 0.036
   120           nl1        0.5 0.981      8.4 0.019
   122           nl1        1.7 0.774      4.2 0.226
   123           nl1        2.7 0.957      9.0 0.043
   124           nl1        5.8 0.949     11.7 0.051
   125           nl1        2.2 0.721      4.1 0.279
   127           nl1        4.4 0.519      4.5 0.481
   128           nl1        1.2 0.688      2.8 0.312
   129           nl1        2.3 0.993     12.4 0.007
   130           nl1        1.2 0.953      7.2 0.047
   134           nl1        2.7 0.945      8.4 0.055
   136           nl1        1.7 0.910      6.3 0.090
   137           nl1        1.5 0.931      6.7 0.069
   138           add        4.2 0.214      1.6 0.786
   139           nl1        0.9 0.913      5.6 0.087
   146           nl1        3.6 0.980     11.5 0.020
   147           nl1        4.1 0.991     13.6 0.009
   149           nl1        3.4 0.990     12.5 0.010
   150           nl1        8.8 0.990     18.0 0.010
   151           nl1        4.2 0.762      6.5 0.238
   154           nl1        1.5 0.913      6.2 0.087
   157           add        3.7 0.244      1.4 0.756
   160           nl1        1.5 0.992     11.2 0.008
   161           nl1        5.2 0.992     15.0 0.008
   163           nl1        1.8 0.914      6.5 0.086
   164           nl1        0.2 0.908      4.8 0.092
   171           nl1        0.4 0.939      5.8 0.061
   174           nl1        2.2 0.994     12.5 0.006
   175           add        4.8 0.215      2.2 0.785
   179           nl1        4.8 0.994     15.0 0.006
   180           nl1        1.9 0.993     11.7 0.007
   181           nl1        1.1 0.988     10.0 0.012
   182           nl1        0.7 0.982      8.6 0.018
   183           nl1        1.7 0.760      4.0 0.240
   184           nl1        0.3 0.914      5.0 0.086
   186           nl1        7.5 0.999     22.3 0.001
   187           nl1        5.8 0.988     14.7 0.012
   189           nl1        1.1 0.994     11.1 0.006
   193           nl1        2.5 0.904      7.0 0.096
   194           nl1        8.1 0.999     22.2 0.001
   197           nl1        0.9 0.953      6.9 0.047
   199           nl1        8.3 0.857     11.9 0.143
   201           add        2.1 0.495      2.0 0.505
   202           nl1        2.1 0.671      3.6 0.329
   204           nl1        4.6 0.984     12.8 0.016
   205           nl1        2.7 0.696      4.3 0.304
   208           nl1        0.7 0.914      5.4 0.086
   210           nl1        0.7 0.912      5.4 0.088
   212           nl1        3.6 0.973     10.8 0.027
   214           nl1        2.6 0.787      5.2 0.213
   215           nl1        4.6 0.990     13.7 0.010
   216           nl1        2.7 0.991     12.1 0.009
   217           nl1        1.1 0.799      3.8 0.201
   219           nl1        3.1 0.980     10.9 0.020
   223           nl1        0.8 0.798      3.6 0.202
   226           nl1        1.6 0.901      6.0 0.099
   228           add        5.6 0.281      3.8 0.719
   229           add        4.3 0.141      0.7 0.859
   230           nl1        0.4 0.974      7.7 0.026
   231           nl1        1.1 0.813      4.1 0.187
   235           nl1        0.8 0.901      5.3 0.099
   236           nl1        4.6 0.754      6.8 0.246
   237           nl1        3.7 0.980     11.5 0.020
   238           nl1        1.1 0.671      2.5 0.329
   240           nl1        0.7 0.931      6.0 0.069
   242           nl1        1.2 0.950      7.1 0.050
   244           nl1       20.5 1.000     37.7 0.000
   246           add        4.6 0.099      0.2 0.901
   247           add        7.6 0.110      3.4 0.890
   248           nl1        0.4 0.853      3.9 0.147
   250           nl1        1.5 0.993     11.5 0.007
   254           nl1        2.6 0.936      7.9 0.064
   258           nl1        1.7 0.720      3.6 0.280
   261           nl1        5.1 0.989     14.2 0.011
   262           nl1        1.3 0.617      2.3 0.383
   263           add        2.9 0.481      2.8 0.519
   267           nl1        1.6 0.846      5.0 0.154
   269           nl1        1.7 0.949      7.5 0.051
   277           add        3.3 0.238      1.0 0.762
   279           nl1        6.0 0.685      7.5 0.315
   281           nl1        0.4 0.950      6.3 0.050
   284           nl1        3.5 0.502      3.5 0.498
   285           nl1        1.9 0.831      5.1 0.169
   287           nl1        1.9 0.948      7.7 0.052
   288           nl1        2.2 0.887      6.3 0.113
   289           nl1        0.3 0.907      4.8 0.093
   290           nl1        0.9 0.652      2.1 0.348
   291           nl1        0.0 0.939      5.5 0.061
   292           add        4.4 0.256      2.2 0.744
   294           add        3.0 0.242      0.7 0.758
   296           nl1        0.5 0.843      3.9 0.157
   300           nl1        8.6 0.978     16.3 0.022
   301           nl1        2.5 0.968      9.4 0.032
   302           nl1        1.8 0.948      7.6 0.052
   303           nl1        2.6 0.923      7.5 0.077
   305           nl1       21.9 0.931     27.1 0.069
   306           nl1        2.7 0.838      6.0 0.162
   309           nl1        1.8 0.894      6.0 0.106
   310           nl1        0.5 0.864      4.2 0.136
   312           nl1        3.1 0.990     12.4 0.010
   314           nl1        1.2 0.991     10.5 0.009
   315           nl1       42.9 1.000     59.9 0.000

 GROUP  asd                   nl1            add     

   CASE  
   316           add        1.7 0.490      1.6 0.510
   317           nl1        1.3 0.842      4.7 0.158
   318           nl1        1.1 0.816      4.1 0.184
   319           nl1        2.4 0.672      3.9 0.328
   320           nl1        2.4 0.868      6.2 0.132
   321           add        8.5 0.036      1.9 0.964
   322           add        9.8 0.015      1.4 0.985
   323           add        5.4 0.207      2.7 0.793
   324           add        4.5 0.394      3.6 0.606
   325           add        4.0 0.295      2.2 0.705
   326           add        6.2 0.111      2.0 0.889
   327           add        8.3 0.051      2.4 0.949
   328           nl1        2.1 0.536      2.4 0.464
   329           nl1        3.0 0.625      4.0 0.375
   330           add        6.1 0.225      3.6 0.775
   331           nl1        1.2 0.622      2.2 0.378
   332           nl1        3.6 0.848      7.1 0.152
   333           nl1        1.3 0.735      3.4 0.265
   334           add        3.4 0.193      0.5 0.807
   335           add        4.8 0.291      3.0 0.709
   336           nl1        1.5 0.540      1.9 0.460
   337           nl1        0.9 0.690      2.5 0.310
   338           nl1        1.5 0.862      5.1 0.138
   339           nl1        1.7 0.563      2.3 0.437
   340           add        5.8 0.152      2.3 0.848
   341           add       45.4 0.000     28.6 1.000
   342           add        4.6 0.408      3.9 0.592
   343           add        2.7 0.349      1.5 0.651
   344           nl1        3.7 0.872      7.5 0.128
   345           add        5.7 0.449      5.3 0.551
   346           nl1        2.3 0.748      4.5 0.252
   347           add        7.9 0.144      4.3 0.856
   348           nl1        6.1 0.976     13.5 0.024
   349           add        7.9 0.115      3.8 0.885
   350           add        4.6 0.412      3.9 0.588
   351           add        6.4 0.101      2.0 0.899
   352           nl1        1.8 0.526      2.0 0.474
   353           nl1        1.9 0.982      9.9 0.018
   354           nl1        3.7 0.540      4.0 0.460
   355           add        4.4 0.186      1.5 0.814
   356           nl1        2.0 0.606      2.9 0.394
   357           nl1        3.0 0.585      3.7 0.415
   358           nl1        1.9 0.796      4.6 0.204
   359           add        5.1 0.116      1.1 0.884
   360           nl1        0.3 0.922      5.2 0.078
   361           add        4.3 0.210      1.6 0.790
   362           nl1        2.0 0.626      3.0 0.374
   363           nl1        5.1 0.723      7.1 0.277
   364           nl1        1.5 0.770      3.9 0.230
   365           nl1        1.2 0.908      5.8 0.092
   366           add        4.0 0.140      0.4 0.860
   367           nl1        1.5 0.770      4.0 0.230
   368           add        5.9 0.090      1.3 0.910
   369           add        5.2 0.169      2.0 0.831
   370           nl1        2.5 0.687      4.1 0.313
   371           add       16.4 0.003      4.8 0.997
   372           nl1        1.4 0.819      4.4 0.181
   373           add        5.5 0.107      1.3 0.893
   374           add        7.5 0.135      3.8 0.865
   375           nl1        2.2 0.908      6.8 0.092
   376           add        5.8 0.132      2.0 0.868
   377           nl1        7.7 0.607      8.6 0.393
   378           nl1        2.3 0.860      5.9 0.140
   379           nl1        2.9 0.907      7.5 0.093
   380           add        4.1 0.376      3.1 0.624
   381           nl1        1.8 0.694      3.5 0.306
   382           add       15.8 0.014      7.3 0.986
   383           add        5.6 0.221      3.1 0.779
   384           add        3.4 0.251      1.2 0.749
   385           add        2.1 0.457      1.7 0.543
   386           nl1        3.0 0.538      3.3 0.462
   387           add       11.9 0.014      3.4 0.986
   388           add        8.6 0.049      2.7 0.951
   389           nl1        2.4 0.651      3.7 0.349
   390           nl1        1.5 0.713      3.3 0.287
   391           nl1        3.6 0.707      5.4 0.293
   392           nl1        5.2 0.914      9.9 0.086
   393           add        6.5 0.119      2.5 0.881
   394           add        6.8 0.137      3.1 0.863
   395           nl1        5.3 0.612      6.2 0.388
   396           add        4.4 0.150      0.9 0.850
   397           nl1        2.9 0.947      8.7 0.053
   398           nl1        4.4 0.719      6.3 0.281
   399           add       15.5 0.002      3.5 0.998
   400           add        2.9 0.357      1.7 0.643
   401           add        5.0 0.445      4.6 0.555
   402           add        4.3 0.153      0.9 0.847
   403           add        4.5 0.168      1.3 0.832
   404           add       24.4 0.000      6.9 1.000
   405           add       16.1 0.002      3.5 0.998
   406           add        6.9 0.064      1.5 0.936
   407           add        6.1 0.065      0.8 0.935
   408           add        7.2 0.299      5.5 0.701
   409           add        3.2 0.269      1.2 0.731
   410           add       18.6 0.001      5.4 0.999
   411           add        4.1 0.343      2.8 0.657
   412           add        5.0 0.226      2.5 0.774
   413           add        6.3 0.128      2.5 0.872
   414           add        4.0 0.461      3.7 0.539

 GROUP  add                   nl1            add     

   CASE  
   415                     40.0 0.013     31.3 0.987
   416                     56.9 0.000     36.0 1.000
   417                      5.1 0.095      0.6 0.905
   418           nl1        1.5 0.693      3.2 0.307
   419                     12.0 0.006      1.7 0.994
   420           nl1       16.7 0.528     17.0 0.472
   421                      7.5 0.041      1.2 0.959
   422                      7.3 0.367      6.2 0.633
   423                      6.4 0.080      1.5 0.920
   424                     28.2 0.000      9.2 1.000
   425                      2.6 0.326      1.2 0.674
   426                      5.8 0.140      2.2 0.860
   427                     12.5 0.021      4.9 0.979
   428                      3.6 0.356      2.4 0.644
   429           nl1        1.0 0.738      3.0 0.262
   430                      4.9 0.429      4.3 0.571
   431                     70.5 0.000     48.3 1.000
   432                      9.1 0.021      1.4 0.979
   433           nl1        1.7 0.866      5.5 0.134
   434                     12.9 0.005      2.3 0.995
   435                     22.3 0.001      7.3 0.999
   436                      8.5 0.072      3.4 0.928
   437                     10.3 0.011      1.4 0.989
   438                      4.6 0.388      3.7 0.612
   439                      9.9 0.013      1.3 0.987
   440                      4.2 0.191      1.3 0.809
   441                      3.4 0.249      1.2 0.751
   442                      5.3 0.163      2.0 0.837
   443                      6.3 0.049      0.3 0.951
   444                      7.6 0.032      0.7 0.968
   445           nl1        3.9 0.544      4.3 0.456
   446           nl1        1.3 0.946      7.0 0.054
   447                      5.0 0.147      1.5 0.853
   448                      5.1 0.096      0.6 0.904
   449                      3.0 0.386      2.1 0.614
   450                      7.5 0.038      1.0 0.962
   451                     51.9 0.001     38.5 0.999
   452                      8.7 0.021      0.9 0.979
   453                     45.3 0.002     32.9 0.998
   454                      5.4 0.185      2.4 0.815
   455                     24.2 0.000      8.6 1.000
   456                      5.5 0.125      1.6 0.875
   457                      8.7 0.020      0.9 0.980
   458                      4.1 0.138      0.4 0.862
   459                     27.5 0.000     10.9 1.000
   460           nl1       12.9 0.962     19.4 0.038
   461                      4.9 0.109      0.7 0.891
   462                     13.0 0.009      3.7 0.991
   463                     13.2 0.077      8.2 0.923
   464                      1.7 0.468      1.5 0.532
   465                     11.6 0.010      2.4 0.990
   466                      4.2 0.162      0.9 0.838
   467                     11.8 0.006      1.6 0.994
   468                      5.6 0.075      0.5 0.925
   469                      3.0 0.357      1.8 0.643
   470                      9.0 0.017      0.9 0.983
   471                      2.8 0.419      2.2 0.581
   472                      4.0 0.172      0.8 0.828
   473                     11.4 0.012      2.6 0.988
   474                      4.1 0.139      0.5 0.861
   475                      6.0 0.124      2.0 0.876
   476                      9.3 0.025      2.0 0.975
   477                      3.1 0.367      2.0 0.633
   478                      7.1 0.047      1.1 0.953
   479                      3.3 0.235      1.0 0.765
   480                     12.2 0.005      1.8 0.995
   481                      5.7 0.111      1.5 0.889
   482                     13.3 0.008      3.7 0.992
   483                     10.0 0.151      6.5 0.849
   484                      7.1 0.032      0.3 0.968
   485                      6.4 0.043      0.1 0.957
   486                      5.3 0.086      0.5 0.914
   487                     13.0 0.011      4.0 0.989
   488                     15.6 0.002      2.8 0.998
   489           nl1        4.4 0.887      8.5 0.113
   490                      4.3 0.204      1.5 0.796
   491                     10.0 0.075      4.9 0.925
   492                     23.5 0.001      9.9 0.999
   493                      3.9 0.169      0.7 0.831
   494                      6.7 0.056      1.0 0.944
   495                     10.7 0.015      2.3 0.985
   496                     13.4 0.012      4.5 0.988
   497                      2.9 0.396      2.1 0.604
   498                      7.5 0.037      0.9 0.963
   499                      3.6 0.162      0.3 0.838
   500                      8.8 0.028      1.8 0.972
   501                     13.0 0.018      5.0 0.982
   502                     23.9 0.001      9.9 0.999
   503                     10.5 0.013      1.9 0.987
   504                     14.8 0.075      9.7 0.925
   505                     13.1 0.004      2.2 0.996
   506                      6.0 0.060      0.5 0.940
   507                      4.4 0.177      1.3 0.823
   508                     12.6 0.111      8.4 0.889
   509           nl1        0.3 0.931      5.5 0.069
   510                      5.4 0.172      2.2 0.828
   511                     10.6 0.018      2.7 0.982
   512                      4.5 0.458      4.2 0.542
   513                      8.2 0.065      2.8 0.935
   514                      7.0 0.112      2.8 0.888
   515           nl1        1.3 0.841      4.6 0.159
   516           nl1        6.6 0.652      7.9 0.348
   517           nl1       21.3 0.943     26.9 0.057
   518                     11.9 0.039      5.5 0.961
   519           nl1        3.2 0.544      3.6 0.456

 EIGENVALUES 

                  1.30121

 CUMULATIVE PROPORTION OF TOTAL DISPERSION

                  1.00000


                    MULTIVARIATE TESTS
                                                          F APPROXIMATION
     STATISTICS                   VALUE           F     D.F.     D.F.   P-VALUE

 WILKS' LAMBDA                  0.43455      83.92828     4      258.00  0.0000
    D.F.     4     1   261

 PILLAI'S TRACE                 0.56545      83.92828     4      258     0.0000

 HOTELLING-LAWLEY TRACE         1.30121      83.92828     4.00   258     0.0000

 ROY'S MAXIMUM ROOT             1.30121

     TABLES ARE AVAILABLE FOR ROY'S TEST:  MORRISON (1976)


 CANONICAL CORRELATIONS

                  0.75196

 AVERAGE SQUARED CANONICAL CORRELATION             0.56545

 VARIABLE      COEFFICIENTS FOR CANONICAL VARIABLES
 
 135 COF1F3T     -0.31214
 897 BRF7T3T     -0.50296
 134 COF1F2T     -0.34669
 864 BRF8T4D      0.51918

               STANDARDIZED  (BY POOLED WITHIN-GROUP VARIANCES)
 VARIABLE      COEFFICIENTS FOR CANONICAL VARIABLES
 
 135 COF1F3T     -0.32450
 897 BRF7T3T     -0.57525
 134 COF1F2T     -0.46494
 864 BRF8T4D      0.55502

 CONSTANT         0.91133

 GROUP        CANONICAL VARIABLES EVALUATED AT GROUP MEANS

     nl1          0.92637
     nl2          0.94904
     asd         -0.52998
     add         -1.39396
 
 NUMBER OF INTEGER WORDS USED IN PRECEDING SUBPROBLEM   29704
 


 END OF INSTRUCTIONS

 PROGRAM TERMINATED
